<?xml version="1.0" encoding="UTF-8" ?>
<testsuites name="vitest tests" tests="386" failures="7" errors="0" time="19.3137383">
    <testsuite name="src/App.test.jsx" timestamp="2026-05-05T23:06:53.343Z" hostname="Haroun" tests="3" failures="0" errors="0" skipped="0" time="0.3641781">
        <testcase classname="src/App.test.jsx" name="App &gt; renders login screen when visiting /login" time="0.2619915">
        </testcase>
        <testcase classname="src/App.test.jsx" name="App &gt; renders not-authorized page" time="0.0733154">
        </testcase>
        <testcase classname="src/App.test.jsx" name="App &gt; renders forgot-password page" time="0.0256923">
        </testcase>
    </testsuite>
    <testsuite name="src/accessibility/AccessibilityProvider.test.jsx" timestamp="2026-05-05T23:06:53.345Z" hostname="Haroun" tests="5" failures="0" errors="0" skipped="0" time="0.1342743">
        <testcase classname="src/accessibility/AccessibilityProvider.test.jsx" name="AccessibilityProvider &gt; provides default values" time="0.0736974">
        </testcase>
        <testcase classname="src/accessibility/AccessibilityProvider.test.jsx" name="AccessibilityProvider &gt; updates theme and persists to localStorage" time="0.0267163">
        </testcase>
        <testcase classname="src/accessibility/AccessibilityProvider.test.jsx" name="AccessibilityProvider &gt; updates font size and persists to localStorage" time="0.0112119">
        </testcase>
        <testcase classname="src/accessibility/AccessibilityProvider.test.jsx" name="AccessibilityProvider &gt; loads values from localStorage on mount" time="0.0063229">
        </testcase>
        <testcase classname="src/accessibility/AccessibilityProvider.test.jsx" name="AccessibilityProvider &gt; throws error when used outside provider" time="0.0136175">
        </testcase>
    </testsuite>
    <testsuite name="src/api/activities.test.js" timestamp="2026-05-05T23:06:53.347Z" hostname="Haroun" tests="8" failures="0" errors="0" skipped="0" time="0.0133386">
        <testcase classname="src/api/activities.test.js" name="activitiesApi &gt; listMy gets /activities" time="0.0057015">
        </testcase>
        <testcase classname="src/api/activities.test.js" name="activitiesApi &gt; create posts to /activities" time="0.001941">
        </testcase>
        <testcase classname="src/api/activities.test.js" name="activitiesApi &gt; getById gets /activities/:id" time="0.0004835">
        </testcase>
        <testcase classname="src/api/activities.test.js" name="activitiesApi &gt; update puts to /activities/:id" time="0.0005701">
        </testcase>
        <testcase classname="src/api/activities.test.js" name="activitiesApi &gt; runAI posts to /activities/:id/recommend" time="0.0006976">
        </testcase>
        <testcase classname="src/api/activities.test.js" name="activitiesApi &gt; forwardToManager posts to /activities/:id/forward" time="0.0003695">
        </testcase>
        <testcase classname="src/api/activities.test.js" name="activitiesApi &gt; managerConfirm posts to /activities/:id/manager-confirm" time="0.0005012">
        </testcase>
        <testcase classname="src/api/activities.test.js" name="activitiesApi &gt; notifyEmployees posts to /activities/:id/notify" time="0.0003471">
        </testcase>
    </testsuite>
    <testsuite name="src/api/auth.test.js" timestamp="2026-05-05T23:06:53.348Z" hostname="Haroun" tests="4" failures="0" errors="0" skipped="0" time="0.0103965">
        <testcase classname="src/api/auth.test.js" name="authApi &gt; login posts to /auth/login" time="0.0064581">
        </testcase>
        <testcase classname="src/api/auth.test.js" name="authApi &gt; googleLogin posts to /auth/google" time="0.000742">
        </testcase>
        <testcase classname="src/api/auth.test.js" name="authApi &gt; me gets /auth/me" time="0.0003369">
        </testcase>
        <testcase classname="src/api/auth.test.js" name="authApi &gt; logout posts to /auth/logout" time="0.000357">
        </testcase>
    </testsuite>
    <testsuite name="src/api/employees.test.js" timestamp="2026-05-05T23:06:53.349Z" hostname="Haroun" tests="4" failures="0" errors="0" skipped="0" time="0.0125588">
        <testcase classname="src/api/employees.test.js" name="employees api &gt; fetchEmployees &gt; returns paginated employees" time="0.0061811">
        </testcase>
        <testcase classname="src/api/employees.test.js" name="employees api &gt; fetchEmployees &gt; handles flat array response" time="0.0007665">
        </testcase>
        <testcase classname="src/api/employees.test.js" name="employees api &gt; fetchEmployees &gt; handles non-array response" time="0.001347">
        </testcase>
        <testcase classname="src/api/employees.test.js" name="employees api &gt; fetchEmployeeById &gt; fetches employee by id" time="0.0016643">
        </testcase>
    </testsuite>
    <testsuite name="src/api/http.test.js" timestamp="2026-05-05T23:06:53.350Z" hostname="Haroun" tests="1" failures="1" errors="0" skipped="0" time="0">
        <testcase classname="src/api/http.test.js" name="src/api/http.test.js" time="0">
            <failure message="Cannot read properties of undefined (reading &apos;interceptors&apos;)" type="TypeError">
TypeError: Cannot read properties of undefined (reading &apos;interceptors&apos;)
 ❯ src/auth/authService.js:17:5
 ❯ src/api/http.js:4:1
            </failure>
        </testcase>
    </testsuite>
    <testsuite name="src/api/misc.test.js" timestamp="2026-05-05T23:06:53.352Z" hostname="Haroun" tests="11" failures="0" errors="0" skipped="0" time="0.0197781">
        <testcase classname="src/api/misc.test.js" name="invitationsApi &gt; myInvitations gets /me/invitations" time="0.0060412">
        </testcase>
        <testcase classname="src/api/misc.test.js" name="invitationsApi &gt; invitationById gets /me/invitations/:id" time="0.0008943">
        </testcase>
        <testcase classname="src/api/misc.test.js" name="invitationsApi &gt; accept posts to /me/invitations/:id/accept" time="0.0005679">
        </testcase>
        <testcase classname="src/api/misc.test.js" name="invitationsApi &gt; decline posts to /me/invitations/:id/decline" time="0.0011314">
        </testcase>
        <testcase classname="src/api/misc.test.js" name="invitationsApi &gt; myParticipations gets /me/participations" time="0.0003474">
        </testcase>
        <testcase classname="src/api/misc.test.js" name="rolesApi &gt; list gets /roles" time="0.0004463">
        </testcase>
        <testcase classname="src/api/misc.test.js" name="rolesApi &gt; updateRole puts to /roles/:id" time="0.000445">
        </testcase>
        <testcase classname="src/api/misc.test.js" name="teamsApi &gt; list gets /teams" time="0.0005642">
        </testcase>
        <testcase classname="src/api/misc.test.js" name="teamsApi &gt; create posts to /teams" time="0.0017661">
        </testcase>
        <testcase classname="src/api/misc.test.js" name="teamsApi &gt; update puts to /teams/:id" time="0.000688">
        </testcase>
        <testcase classname="src/api/misc.test.js" name="teamsApi &gt; remove deletes /teams/:id" time="0.0003447">
        </testcase>
    </testsuite>
    <testsuite name="src/api/mock.test.js" timestamp="2026-05-05T23:06:53.354Z" hostname="Haroun" tests="6" failures="1" errors="0" skipped="0" time="0.0204921">
        <testcase classname="src/api/mock.test.js" name="mock &gt; safeCall &gt; calls api function when not in mock mode" time="0.0065628">
        </testcase>
        <testcase classname="src/api/mock.test.js" name="mock &gt; safeCall &gt; returns fallback data in correct shape" time="0.0095561">
            <failure message="Cannot convert undefined or null to object" type="TypeError">
TypeError: Cannot convert undefined or null to object
 ❯ src/api/mock.test.js:20:22
            </failure>
        </testcase>
        <testcase classname="src/api/mock.test.js" name="mock &gt; mocks &gt; provides mock activities" time="0.0007273">
        </testcase>
        <testcase classname="src/api/mock.test.js" name="mock &gt; mocks &gt; provides mock recommendations" time="0.0002707">
        </testcase>
        <testcase classname="src/api/mock.test.js" name="mock &gt; mocks &gt; provides mock invitations" time="0.0002427">
        </testcase>
        <testcase classname="src/api/mock.test.js" name="mock &gt; mocks &gt; provides mock participations" time="0.0002288">
        </testcase>
    </testsuite>
    <testsuite name="src/api/roles.test.js" timestamp="2026-05-05T23:06:53.355Z" hostname="Haroun" tests="2" failures="0" errors="0" skipped="0" time="0.011601">
        <testcase classname="src/api/roles.test.js" name="rolesApi &gt; lists roles" time="0.0080826">
        </testcase>
        <testcase classname="src/api/roles.test.js" name="rolesApi &gt; updates role" time="0.0010705">
        </testcase>
    </testsuite>
    <testsuite name="src/api/teams.test.js" timestamp="2026-05-05T23:06:53.356Z" hostname="Haroun" tests="4" failures="0" errors="0" skipped="0" time="0.0070203">
        <testcase classname="src/api/teams.test.js" name="teamsApi &gt; lists teams" time="0.0041171">
        </testcase>
        <testcase classname="src/api/teams.test.js" name="teamsApi &gt; creates team" time="0.0007063">
        </testcase>
        <testcase classname="src/api/teams.test.js" name="teamsApi &gt; updates team" time="0.0002937">
        </testcase>
        <testcase classname="src/api/teams.test.js" name="teamsApi &gt; removes team" time="0.0002004">
        </testcase>
    </testsuite>
    <testsuite name="src/api/users.test.js" timestamp="2026-05-05T23:06:53.357Z" hostname="Haroun" tests="5" failures="0" errors="0" skipped="0" time="0.0134646">
        <testcase classname="src/api/users.test.js" name="users api &gt; getUsers fetches from /admin/users" time="0.0066304">
        </testcase>
        <testcase classname="src/api/users.test.js" name="users api &gt; createUser posts to /admin/create-user" time="0.001904">
        </testcase>
        <testcase classname="src/api/users.test.js" name="users api &gt; updateUser patches /admin/update-user/:id" time="0.0007639">
        </testcase>
        <testcase classname="src/api/users.test.js" name="users api &gt; deleteUser deletes /admin/delete-user/:id" time="0.0005129">
        </testcase>
        <testcase classname="src/api/users.test.js" name="users api &gt; getUserById fetches /admin/user/:id" time="0.0005196">
        </testcase>
    </testsuite>
    <testsuite name="src/auth/AuthContext.test.jsx" timestamp="2026-05-05T23:06:53.358Z" hostname="Haroun" tests="5" failures="0" errors="0" skipped="0" time="0.3021574">
        <testcase classname="src/auth/AuthContext.test.jsx" name="AuthContext &gt; provides null user by default" time="0.0673303">
        </testcase>
        <testcase classname="src/auth/AuthContext.test.jsx" name="AuthContext &gt; provides stored user from localStorage on mount" time="0.0077816">
        </testcase>
        <testcase classname="src/auth/AuthContext.test.jsx" name="AuthContext &gt; updates user state after login" time="0.1796728">
        </testcase>
        <testcase classname="src/auth/AuthContext.test.jsx" name="AuthContext &gt; clears user state after logout" time="0.0289353">
        </testcase>
        <testcase classname="src/auth/AuthContext.test.jsx" name="AuthContext &gt; useAuth returns null outside AuthProvider" time="0.0146425">
        </testcase>
    </testsuite>
    <testsuite name="src/auth/authService.test.js" timestamp="2026-05-05T23:06:53.359Z" hostname="Haroun" tests="11" failures="0" errors="0" skipped="0" time="0.012075">
        <testcase classname="src/auth/authService.test.js" name="authService &gt; getStoredUser &gt; returns null when nothing stored" time="0.0035896">
        </testcase>
        <testcase classname="src/auth/authService.test.js" name="authService &gt; getStoredUser &gt; returns null for invalid JSON" time="0.0008883">
        </testcase>
        <testcase classname="src/auth/authService.test.js" name="authService &gt; getStoredUser &gt; returns null for &apos;null&apos; string" time="0.0005478">
        </testcase>
        <testcase classname="src/auth/authService.test.js" name="authService &gt; getStoredUser &gt; returns null for &apos;undefined&apos; string" time="0.0002967">
        </testcase>
        <testcase classname="src/auth/authService.test.js" name="authService &gt; getStoredUser &gt; returns parsed user with normalized role" time="0.0008284">
        </testcase>
        <testcase classname="src/auth/authService.test.js" name="authService &gt; getStoredUser &gt; falls back id from userId when id missing" time="0.0004139">
        </testcase>
        <testcase classname="src/auth/authService.test.js" name="authService &gt; getStoredToken &gt; returns null when no token stored" time="0.0003664">
        </testcase>
        <testcase classname="src/auth/authService.test.js" name="authService &gt; getStoredToken &gt; returns stored token" time="0.0003807">
        </testcase>
        <testcase classname="src/auth/authService.test.js" name="authService &gt; logout &gt; clears token and user from localStorage" time="0.0008641">
        </testcase>
        <testcase classname="src/auth/authService.test.js" name="authService &gt; constants &gt; LS_TOKEN is a non-empty string" time="0.0004456">
        </testcase>
        <testcase classname="src/auth/authService.test.js" name="authService &gt; constants &gt; LS_USER is a non-empty string" time="0.0003096">
        </testcase>
    </testsuite>
    <testsuite name="src/auth/permissions.test.js" timestamp="2026-05-05T23:06:53.361Z" hostname="Haroun" tests="13" failures="0" errors="0" skipped="0" time="0.0064253">
        <testcase classname="src/auth/permissions.test.js" name="permissions &gt; ROLE constants &gt; has expected role values" time="0.0023758">
        </testcase>
        <testcase classname="src/auth/permissions.test.js" name="permissions &gt; canAccess &gt; returns false when userRole is null" time="0.000232">
        </testcase>
        <testcase classname="src/auth/permissions.test.js" name="permissions &gt; canAccess &gt; returns false when userRole is undefined" time="0.0001342">
        </testcase>
        <testcase classname="src/auth/permissions.test.js" name="permissions &gt; canAccess &gt; returns true for MANAGER regardless of allowed list" time="0.0001837">
        </testcase>
        <testcase classname="src/auth/permissions.test.js" name="permissions &gt; canAccess &gt; returns true when role is in allowed list" time="0.0001334">
        </testcase>
        <testcase classname="src/auth/permissions.test.js" name="permissions &gt; canAccess &gt; returns false when role is not in allowed list" time="0.0001205">
        </testcase>
        <testcase classname="src/auth/permissions.test.js" name="permissions &gt; canAccess &gt; returns false for empty allowed list (non-manager)" time="0.0001183">
        </testcase>
        <testcase classname="src/auth/permissions.test.js" name="permissions &gt; isManager &gt; returns true for MANAGER role" time="0.0001425">
        </testcase>
        <testcase classname="src/auth/permissions.test.js" name="permissions &gt; isManager &gt; returns false for other roles" time="0.0002206">
        </testcase>
        <testcase classname="src/auth/permissions.test.js" name="permissions &gt; isHR &gt; returns true for HR role" time="0.0001469">
        </testcase>
        <testcase classname="src/auth/permissions.test.js" name="permissions &gt; isHR &gt; returns false for other roles" time="0.0001378">
        </testcase>
        <testcase classname="src/auth/permissions.test.js" name="permissions &gt; isEmployee &gt; returns true for EMPLOYEE role" time="0.0001367">
        </testcase>
        <testcase classname="src/auth/permissions.test.js" name="permissions &gt; isEmployee &gt; returns false for other roles" time="0.000134">
        </testcase>
    </testsuite>
    <testsuite name="src/auth/RequireAuth.test.jsx" timestamp="2026-05-05T23:06:53.364Z" hostname="Haroun" tests="5" failures="0" errors="0" skipped="0" time="0.1377776">
        <testcase classname="src/auth/RequireAuth.test.jsx" name="RequireAuth &gt; redirects to /login when no token" time="0.0882468">
        </testcase>
        <testcase classname="src/auth/RequireAuth.test.jsx" name="RequireAuth &gt; renders children when token exists and user is complete" time="0.0072691">
        </testcase>
        <testcase classname="src/auth/RequireAuth.test.jsx" name="RequireAuth &gt; redirects to /change-password when mustChangePassword is true" time="0.0206909">
        </testcase>
        <testcase classname="src/auth/RequireAuth.test.jsx" name="RequireAuth &gt; redirects to /complete-profile when profile is incomplete" time="0.0085444">
        </testcase>
        <testcase classname="src/auth/RequireAuth.test.jsx" name="RequireAuth &gt; does not redirect SUPERADMIN even if profile incomplete" time="0.0102234">
        </testcase>
    </testsuite>
    <testsuite name="src/auth/RequireRole.test.jsx" timestamp="2026-05-05T23:06:53.365Z" hostname="Haroun" tests="4" failures="0" errors="0" skipped="0" time="0.1221877">
        <testcase classname="src/auth/RequireRole.test.jsx" name="RequireRole &gt; redirects to /login when no user" time="0.094953">
        </testcase>
        <testcase classname="src/auth/RequireRole.test.jsx" name="RequireRole &gt; renders children when role is allowed" time="0.0069296">
        </testcase>
        <testcase classname="src/auth/RequireRole.test.jsx" name="RequireRole &gt; redirects to /not-authorized when role not allowed" time="0.009406">
        </testcase>
        <testcase classname="src/auth/RequireRole.test.jsx" name="RequireRole &gt; allows SUPERADMIN when in allowed list" time="0.0079394">
        </testcase>
    </testsuite>
    <testsuite name="src/components/AccessibilityMenu.test.jsx" timestamp="2026-05-05T23:06:53.366Z" hostname="Haroun" tests="2" failures="0" errors="0" skipped="0" time="0.1128224">
        <testcase classname="src/components/AccessibilityMenu.test.jsx" name="AccessibilityMenu &gt; renders accessibility menu" time="0.0774479">
        </testcase>
        <testcase classname="src/components/AccessibilityMenu.test.jsx" name="AccessibilityMenu &gt; renders without errors" time="0.0266155">
        </testcase>
    </testsuite>
    <testsuite name="src/components/AccessibilityWidget.test.jsx" timestamp="2026-05-05T23:06:53.366Z" hostname="Haroun" tests="2" failures="0" errors="0" skipped="0" time="0.0992974">
        <testcase classname="src/components/AccessibilityWidget.test.jsx" name="AccessibilityWidget &gt; renders accessibility widget" time="0.0843873">
        </testcase>
        <testcase classname="src/components/AccessibilityWidget.test.jsx" name="AccessibilityWidget &gt; renders without errors" time="0.012155">
        </testcase>
    </testsuite>
    <testsuite name="src/components/FaceLogin.test.jsx" timestamp="2026-05-05T23:06:53.367Z" hostname="Haroun" tests="2" failures="0" errors="0" skipped="0" time="0.1167699">
        <testcase classname="src/components/FaceLogin.test.jsx" name="FaceLogin &gt; renders face login component" time="0.099242">
        </testcase>
        <testcase classname="src/components/FaceLogin.test.jsx" name="FaceLogin &gt; renders without errors" time="0.0143902">
        </testcase>
    </testsuite>
    <testsuite name="src/components/FaceRegister.test.jsx" timestamp="2026-05-05T23:06:53.367Z" hostname="Haroun" tests="2" failures="0" errors="0" skipped="0" time="0.1161996">
        <testcase classname="src/components/FaceRegister.test.jsx" name="FaceRegister &gt; renders face register component" time="0.0990628">
        </testcase>
        <testcase classname="src/components/FaceRegister.test.jsx" name="FaceRegister &gt; renders without errors" time="0.0135025">
        </testcase>
    </testsuite>
    <testsuite name="src/components/FingerScrollController.test.jsx" timestamp="2026-05-05T23:06:53.368Z" hostname="Haroun" tests="2" failures="0" errors="0" skipped="0" time="0.0429418">
        <testcase classname="src/components/FingerScrollController.test.jsx" name="FingerScrollController &gt; renders without crashing" time="0.0337865">
        </testcase>
        <testcase classname="src/components/FingerScrollController.test.jsx" name="FingerScrollController &gt; renders without errors" time="0.0061347">
        </testcase>
    </testsuite>
    <testsuite name="src/components/KeyboardNavController.test.jsx" timestamp="2026-05-05T23:06:53.369Z" hostname="Haroun" tests="2" failures="0" errors="0" skipped="0" time="0.0432986">
        <testcase classname="src/components/KeyboardNavController.test.jsx" name="KeyboardNavController &gt; renders without crashing" time="0.0349946">
        </testcase>
        <testcase classname="src/components/KeyboardNavController.test.jsx" name="KeyboardNavController &gt; calls useKeyboardNavigation hook" time="0.0059462">
        </testcase>
    </testsuite>
    <testsuite name="src/components/MicButton.test.jsx" timestamp="2026-05-05T23:06:53.369Z" hostname="Haroun" tests="3" failures="0" errors="0" skipped="0" time="0.252349">
        <testcase classname="src/components/MicButton.test.jsx" name="MicButton &gt; renders mic button" time="0.2153082">
        </testcase>
        <testcase classname="src/components/MicButton.test.jsx" name="MicButton &gt; calls onResult when provided" time="0.0228122">
        </testcase>
        <testcase classname="src/components/MicButton.test.jsx" name="MicButton &gt; renders with custom style" time="0.0108245">
        </testcase>
    </testsuite>
    <testsuite name="src/components/RoleRoute.test.jsx" timestamp="2026-05-05T23:06:53.370Z" hostname="Haroun" tests="4" failures="0" errors="0" skipped="0" time="0.1365666">
        <testcase classname="src/components/RoleRoute.test.jsx" name="RoleRoute &gt; redirects to login when user is not authenticated" time="0.0915134">
        </testcase>
        <testcase classname="src/components/RoleRoute.test.jsx" name="RoleRoute &gt; redirects to login when user role is not allowed" time="0.0148404">
        </testcase>
        <testcase classname="src/components/RoleRoute.test.jsx" name="RoleRoute &gt; renders children when user role is allowed" time="0.0202475">
        </testcase>
        <testcase classname="src/components/RoleRoute.test.jsx" name="RoleRoute &gt; allows multiple roles" time="0.0069849">
        </testcase>
    </testsuite>
    <testsuite name="src/components/RoleSwitcher.test.jsx" timestamp="2026-05-05T23:06:53.371Z" hostname="Haroun" tests="5" failures="0" errors="0" skipped="0" time="0.4511438">
        <testcase classname="src/components/RoleSwitcher.test.jsx" name="RoleSwitcher &gt; renders role selector" time="0.241389">
        </testcase>
        <testcase classname="src/components/RoleSwitcher.test.jsx" name="RoleSwitcher &gt; displays current user role" time="0.0270211">
        </testcase>
        <testcase classname="src/components/RoleSwitcher.test.jsx" name="RoleSwitcher &gt; defaults to EMPLOYEE when no user role" time="0.0478817">
        </testcase>
        <testcase classname="src/components/RoleSwitcher.test.jsx" name="RoleSwitcher &gt; calls setDevRole when role is changed" time="0.0564083">
        </testcase>
        <testcase classname="src/components/RoleSwitcher.test.jsx" name="RoleSwitcher &gt; renders all role options" time="0.0758454">
        </testcase>
    </testsuite>
    <testsuite name="src/components/Sidebar.test.jsx" timestamp="2026-05-05T23:06:53.372Z" hostname="Haroun" tests="2" failures="0" errors="0" skipped="0" time="0.1338664">
        <testcase classname="src/components/Sidebar.test.jsx" name="Sidebar &gt; renders sidebar" time="0.1108061">
        </testcase>
        <testcase classname="src/components/Sidebar.test.jsx" name="Sidebar &gt; renders for different user roles" time="0.0203014">
        </testcase>
    </testsuite>
    <testsuite name="src/components/StatCard.test.jsx" timestamp="2026-05-05T23:06:53.373Z" hostname="Haroun" tests="5" failures="0" errors="0" skipped="0" time="0.1148108">
        <testcase classname="src/components/StatCard.test.jsx" name="StatCard &gt; renders title" time="0.0711715">
        </testcase>
        <testcase classname="src/components/StatCard.test.jsx" name="StatCard &gt; renders numeric value" time="0.0178662">
        </testcase>
        <testcase classname="src/components/StatCard.test.jsx" name="StatCard &gt; renders pill text" time="0.0093434">
        </testcase>
        <testcase classname="src/components/StatCard.test.jsx" name="StatCard &gt; renders with zero value" time="0.0065752">
        </testcase>
        <testcase classname="src/components/StatCard.test.jsx" name="StatCard &gt; renders with string value" time="0.0071966">
        </testcase>
    </testsuite>
    <testsuite name="src/components/Topbar.test.jsx" timestamp="2026-05-05T23:06:53.374Z" hostname="Haroun" tests="2" failures="2" errors="0" skipped="0" time="0.082661">
        <testcase classname="src/components/Topbar.test.jsx" name="Topbar &gt; renders topbar" time="0.0622006">
            <failure message="useTheme must be used inside ThemeProvider" type="Error">
Error: useTheme must be used inside ThemeProvider
 ❯ useTheme src/contexts/ThemeContext.jsx:35:19
 ❯ Topbar src/components/Topbar.jsx:100:67
 ❯ Object.react_stack_bottom_frame node_modules/react-dom/cjs/react-dom-client.development.js:25904:20
 ❯ renderWithHooks node_modules/react-dom/cjs/react-dom-client.development.js:7662:22
 ❯ updateFunctionComponent node_modules/react-dom/cjs/react-dom-client.development.js:10166:19
 ❯ beginWork node_modules/react-dom/cjs/react-dom-client.development.js:11778:18
 ❯ runWithFiberInDEV node_modules/react-dom/cjs/react-dom-client.development.js:874:13
 ❯ performUnitOfWork node_modules/react-dom/cjs/react-dom-client.development.js:17641:22
 ❯ workLoopSync node_modules/react-dom/cjs/react-dom-client.development.js:17469:41
 ❯ renderRootSync node_modules/react-dom/cjs/react-dom-client.development.js:17450:11
            </failure>
        </testcase>
        <testcase classname="src/components/Topbar.test.jsx" name="Topbar &gt; renders with user information" time="0.0176023">
            <failure message="useTheme must be used inside ThemeProvider" type="Error">
Error: useTheme must be used inside ThemeProvider
 ❯ useTheme src/contexts/ThemeContext.jsx:35:19
 ❯ Topbar src/components/Topbar.jsx:100:67
 ❯ Object.react_stack_bottom_frame node_modules/react-dom/cjs/react-dom-client.development.js:25904:20
 ❯ renderWithHooks node_modules/react-dom/cjs/react-dom-client.development.js:7662:22
 ❯ updateFunctionComponent node_modules/react-dom/cjs/react-dom-client.development.js:10166:19
 ❯ beginWork node_modules/react-dom/cjs/react-dom-client.development.js:11778:18
 ❯ runWithFiberInDEV node_modules/react-dom/cjs/react-dom-client.development.js:874:13
 ❯ performUnitOfWork node_modules/react-dom/cjs/react-dom-client.development.js:17641:22
 ❯ workLoopSync node_modules/react-dom/cjs/react-dom-client.development.js:17469:41
 ❯ renderRootSync node_modules/react-dom/cjs/react-dom-client.development.js:17450:11
            </failure>
        </testcase>
    </testsuite>
    <testsuite name="src/contexts/AccessibilityContext.test.jsx" timestamp="2026-05-05T23:06:53.376Z" hostname="Haroun" tests="7" failures="0" errors="0" skipped="0" time="0.2014843">
        <testcase classname="src/contexts/AccessibilityContext.test.jsx" name="AccessibilityContext &gt; provides default values" time="0.0760873">
        </testcase>
        <testcase classname="src/contexts/AccessibilityContext.test.jsx" name="AccessibilityContext &gt; updates theme" time="0.0364241">
        </testcase>
        <testcase classname="src/contexts/AccessibilityContext.test.jsx" name="AccessibilityContext &gt; updates font size" time="0.0181052">
        </testcase>
        <testcase classname="src/contexts/AccessibilityContext.test.jsx" name="AccessibilityContext &gt; enables dyslexic font" time="0.0169914">
        </testcase>
        <testcase classname="src/contexts/AccessibilityContext.test.jsx" name="AccessibilityContext &gt; enables high contrast" time="0.0231644">
        </testcase>
        <testcase classname="src/contexts/AccessibilityContext.test.jsx" name="AccessibilityContext &gt; enables reduce motion" time="0.0139551">
        </testcase>
        <testcase classname="src/contexts/AccessibilityContext.test.jsx" name="AccessibilityContext &gt; throws error when used outside provider" time="0.0135129">
        </testcase>
    </testsuite>
    <testsuite name="src/contexts/NotificationsContext.test.jsx" timestamp="2026-05-05T23:06:53.378Z" hostname="Haroun" tests="6" failures="0" errors="0" skipped="0" time="0.5644605">
        <testcase classname="src/contexts/NotificationsContext.test.jsx" name="NotificationsContext &gt; provides default empty notifications" time="0.0977902">
        </testcase>
        <testcase classname="src/contexts/NotificationsContext.test.jsx" name="NotificationsContext &gt; throws when useNotifications used outside provider" time="0.0465259">
        </testcase>
        <testcase classname="src/contexts/NotificationsContext.test.jsx" name="NotificationsContext &gt; markRead decrements unread count" time="0.3637317">
        </testcase>
        <testcase classname="src/contexts/NotificationsContext.test.jsx" name="NotificationsContext &gt; markAllRead sets unread to 0" time="0.0497978">
        </testcase>
        <testcase classname="src/contexts/NotificationsContext.test.jsx" name="NOTIF_META &gt; has expected notification types" time="0.0007274">
        </testcase>
        <testcase classname="src/contexts/NotificationsContext.test.jsx" name="NOTIF_META &gt; each type has icon, color, and label" time="0.0020792">
        </testcase>
    </testsuite>
    <testsuite name="src/contexts/ThemeContext.test.jsx" timestamp="2026-05-05T23:06:53.379Z" hostname="Haroun" tests="8" failures="0" errors="0" skipped="0" time="0.4712757">
        <testcase classname="src/contexts/ThemeContext.test.jsx" name="ThemeContext &gt; defaults to light theme when no preference saved" time="0.0702177">
        </testcase>
        <testcase classname="src/contexts/ThemeContext.test.jsx" name="ThemeContext &gt; reads saved theme from localStorage" time="0.0065707">
        </testcase>
        <testcase classname="src/contexts/ThemeContext.test.jsx" name="ThemeContext &gt; toggles theme on button click" time="0.225479">
        </testcase>
        <testcase classname="src/contexts/ThemeContext.test.jsx" name="ThemeContext &gt; sets data-theme attribute on documentElement when dark" time="0.038296">
        </testcase>
        <testcase classname="src/contexts/ThemeContext.test.jsx" name="ThemeContext &gt; removes data-theme attribute when light" time="0.0438964">
        </testcase>
        <testcase classname="src/contexts/ThemeContext.test.jsx" name="ThemeContext &gt; persists theme to localStorage on toggle" time="0.059539">
        </testcase>
        <testcase classname="src/contexts/ThemeContext.test.jsx" name="ThemeContext &gt; throws when useTheme used outside ThemeProvider" time="0.0161798">
        </testcase>
        <testcase classname="src/contexts/ThemeContext.test.jsx" name="ThemeContext &gt; respects OS dark mode preference" time="0.0079486">
        </testcase>
    </testsuite>
    <testsuite name="src/contexts/TranslationContext.test.jsx" timestamp="2026-05-05T23:06:53.381Z" hostname="Haroun" tests="5" failures="0" errors="0" skipped="0" time="0.3825652">
        <testcase classname="src/contexts/TranslationContext.test.jsx" name="TranslationContext &gt; defaults to French" time="0.1198157">
        </testcase>
        <testcase classname="src/contexts/TranslationContext.test.jsx" name="TranslationContext &gt; reads saved language from localStorage" time="0.0107086">
        </testcase>
        <testcase classname="src/contexts/TranslationContext.test.jsx" name="TranslationContext &gt; changes language on button click" time="0.1854352">
        </testcase>
        <testcase classname="src/contexts/TranslationContext.test.jsx" name="TranslationContext &gt; does not change language when same language selected" time="0.0282404">
        </testcase>
        <testcase classname="src/contexts/TranslationContext.test.jsx" name="TranslationContext &gt; throws when useTranslation used outside provider" time="0.03549">
        </testcase>
    </testsuite>
    <testsuite name="src/hooks/useKeyboardNavigation.test.js" timestamp="2026-05-05T23:06:53.382Z" hostname="Haroun" tests="7" failures="1" errors="0" skipped="0" time="0.1425342">
        <testcase classname="src/hooks/useKeyboardNavigation.test.js" name="useKeyboardNavigation &gt; attaches keyboard event listeners" time="0.0606671">
        </testcase>
        <testcase classname="src/hooks/useKeyboardNavigation.test.js" name="useKeyboardNavigation &gt; removes event listeners on unmount" time="0.0051198">
        </testcase>
        <testcase classname="src/hooks/useKeyboardNavigation.test.js" name="useKeyboardNavigation &gt; adds keyboard-nav class on Tab key" time="0.008447">
        </testcase>
        <testcase classname="src/hooks/useKeyboardNavigation.test.js" name="useKeyboardNavigation &gt; removes keyboard-nav class on mousedown" time="0.0055417">
        </testcase>
        <testcase classname="src/hooks/useKeyboardNavigation.test.js" name="useKeyboardNavigation &gt; makes table rows navigable" time="0.0231583">
        </testcase>
        <testcase classname="src/hooks/useKeyboardNavigation.test.js" name="useKeyboardNavigation &gt; handles Alt+m shortcut to focus main content" time="0.0217064">
            <failure message="expected &quot;focus&quot; to be called at least once" type="AssertionError">
AssertionError: expected &quot;focus&quot; to be called at least once
 ❯ src/hooks/useKeyboardNavigation.test.js:80:22
            </failure>
        </testcase>
        <testcase classname="src/hooks/useKeyboardNavigation.test.js" name="useKeyboardNavigation &gt; observes DOM mutations for new tables" time="0.0150699">
        </testcase>
    </testsuite>
    <testsuite name="src/layout/MainLayout.test.jsx" timestamp="2026-05-05T23:06:53.383Z" hostname="Haroun" tests="4" failures="0" errors="0" skipped="0" time="0.2650965">
        <testcase classname="src/layout/MainLayout.test.jsx" name="MainLayout &gt; renders layout structure" time="0.1009155">
        </testcase>
        <testcase classname="src/layout/MainLayout.test.jsx" name="MainLayout &gt; renders skip link for accessibility" time="0.0190309">
        </testcase>
        <testcase classname="src/layout/MainLayout.test.jsx" name="MainLayout &gt; renders main content area" time="0.1247821">
        </testcase>
        <testcase classname="src/layout/MainLayout.test.jsx" name="MainLayout &gt; has correct tabIndex on main element" time="0.0163574">
        </testcase>
    </testsuite>
    <testsuite name="src/services/activitiesApi.test.js" timestamp="2026-05-05T23:06:53.384Z" hostname="Haroun" tests="33" failures="0" errors="0" skipped="0" time="0.0302158">
        <testcase classname="src/services/activitiesApi.test.js" name="activitiesApi &gt; exports ACTIVITY_STATUS constants" time="0.0034492">
        </testcase>
        <testcase classname="src/services/activitiesApi.test.js" name="activitiesApi &gt; getManagers &gt; returns managers" time="0.0024653">
        </testcase>
        <testcase classname="src/services/activitiesApi.test.js" name="activitiesApi &gt; getManagers &gt; returns empty array for non-array" time="0.0021703">
        </testcase>
        <testcase classname="src/services/activitiesApi.test.js" name="activitiesApi &gt; getEmployees &gt; returns employees" time="0.0009767">
        </testcase>
        <testcase classname="src/services/activitiesApi.test.js" name="activitiesApi &gt; getUserById &gt; fetches user by id" time="0.001336">
        </testcase>
        <testcase classname="src/services/activitiesApi.test.js" name="activitiesApi &gt; getUserById &gt; throws when id is missing" time="0.0026863">
        </testcase>
        <testcase classname="src/services/activitiesApi.test.js" name="activitiesApi &gt; fetchActivities &gt; returns activities" time="0.0005365">
        </testcase>
        <testcase classname="src/services/activitiesApi.test.js" name="activitiesApi &gt; fetchActivities &gt; returns empty array for non-array" time="0.0003098">
        </testcase>
        <testcase classname="src/services/activitiesApi.test.js" name="activitiesApi &gt; fetchActivityById &gt; fetches activity by id" time="0.0003604">
        </testcase>
        <testcase classname="src/services/activitiesApi.test.js" name="activitiesApi &gt; fetchActivityById &gt; throws when id is missing" time="0.0006285">
        </testcase>
        <testcase classname="src/services/activitiesApi.test.js" name="activitiesApi &gt; hrCreateActivity &gt; creates activity" time="0.0003798">
        </testcase>
        <testcase classname="src/services/activitiesApi.test.js" name="activitiesApi &gt; hrRunAI &gt; runs AI" time="0.0003832">
        </testcase>
        <testcase classname="src/services/activitiesApi.test.js" name="activitiesApi &gt; hrRunAI &gt; throws when activityId missing" time="0.0004017">
        </testcase>
        <testcase classname="src/services/activitiesApi.test.js" name="activitiesApi &gt; getRecommendation &gt; gets recommendation" time="0.000344">
        </testcase>
        <testcase classname="src/services/activitiesApi.test.js" name="activitiesApi &gt; getRecommendation &gt; throws when activityId missing" time="0.0003523">
        </testcase>
        <testcase classname="src/services/activitiesApi.test.js" name="activitiesApi &gt; hrUpdateRecommendationList &gt; updates list" time="0.0003895">
        </testcase>
        <testcase classname="src/services/activitiesApi.test.js" name="activitiesApi &gt; hrUpdateRecommendationList &gt; throws when activityId missing" time="0.0003659">
        </testcase>
        <testcase classname="src/services/activitiesApi.test.js" name="activitiesApi &gt; hrValidateAndForward &gt; validates and forwards" time="0.000486">
        </testcase>
        <testcase classname="src/services/activitiesApi.test.js" name="activitiesApi &gt; hrValidateAndForward &gt; throws when activityId missing" time="0.0003668">
        </testcase>
        <testcase classname="src/services/activitiesApi.test.js" name="activitiesApi &gt; managerConfirmParticipants &gt; confirms participants" time="0.0016674">
        </testcase>
        <testcase classname="src/services/activitiesApi.test.js" name="activitiesApi &gt; managerConfirmParticipants &gt; handles null participants" time="0.0005026">
        </testcase>
        <testcase classname="src/services/activitiesApi.test.js" name="activitiesApi &gt; managerConfirmParticipants &gt; throws when activityId missing" time="0.0004576">
        </testcase>
        <testcase classname="src/services/activitiesApi.test.js" name="activitiesApi &gt; managerNotifyEmployees &gt; notifies employees" time="0.0004685">
        </testcase>
        <testcase classname="src/services/activitiesApi.test.js" name="activitiesApi &gt; managerNotifyEmployees &gt; handles null employeeIds" time="0.0003309">
        </testcase>
        <testcase classname="src/services/activitiesApi.test.js" name="activitiesApi &gt; managerNotifyEmployees &gt; throws when activityId missing" time="0.000512">
        </testcase>
        <testcase classname="src/services/activitiesApi.test.js" name="activitiesApi &gt; employeeListInvitations &gt; returns invitations" time="0.0005013">
        </testcase>
        <testcase classname="src/services/activitiesApi.test.js" name="activitiesApi &gt; employeeListInvitations &gt; returns empty array for non-array" time="0.000278">
        </testcase>
        <testcase classname="src/services/activitiesApi.test.js" name="activitiesApi &gt; employeeGetInvitation &gt; gets invitation" time="0.0005">
        </testcase>
        <testcase classname="src/services/activitiesApi.test.js" name="activitiesApi &gt; employeeGetInvitation &gt; throws when id missing" time="0.0005267">
        </testcase>
        <testcase classname="src/services/activitiesApi.test.js" name="activitiesApi &gt; employeeRespond &gt; responds to invitation" time="0.000486">
        </testcase>
        <testcase classname="src/services/activitiesApi.test.js" name="activitiesApi &gt; employeeRespond &gt; throws when invitationId missing" time="0.0004912">
        </testcase>
        <testcase classname="src/services/activitiesApi.test.js" name="activitiesApi &gt; employeeParticipationStatus &gt; returns participations" time="0.000521">
        </testcase>
        <testcase classname="src/services/activitiesApi.test.js" name="activitiesApi &gt; employeeParticipationStatus &gt; returns empty array for non-array" time="0.0002855">
        </testcase>
    </testsuite>
    <testsuite name="src/services/activityService.test.js" timestamp="2026-05-05T23:06:53.390Z" hostname="Haroun" tests="6" failures="0" errors="0" skipped="0" time="0.0216255">
        <testcase classname="src/services/activityService.test.js" name="activityService &gt; fetchActivities &gt; returns activities array" time="0.0063666">
        </testcase>
        <testcase classname="src/services/activityService.test.js" name="activityService &gt; fetchActivitiesPage &gt; returns paginated data with total" time="0.0019575">
        </testcase>
        <testcase classname="src/services/activityService.test.js" name="activityService &gt; fetchActivitiesPage &gt; handles flat array response" time="0.000594">
        </testcase>
        <testcase classname="src/services/activityService.test.js" name="activityService &gt; fetchActivitiesPage &gt; handles empty response" time="0.0005696">
        </testcase>
        <testcase classname="src/services/activityService.test.js" name="activityService &gt; createActivity &gt; posts activity and returns data" time="0.0084297">
        </testcase>
        <testcase classname="src/services/activityService.test.js" name="activityService &gt; fetchActivityById &gt; fetches activity by id" time="0.0009014">
        </testcase>
    </testsuite>
    <testsuite name="src/services/invitationsApi.test.js" timestamp="2026-05-05T23:06:53.391Z" hostname="Haroun" tests="2" failures="0" errors="0" skipped="0" time="0.0118365">
        <testcase classname="src/services/invitationsApi.test.js" name="invitationsApi &gt; fetchMyInvitations &gt; returns invitations data" time="0.005883">
        </testcase>
        <testcase classname="src/services/invitationsApi.test.js" name="invitationsApi &gt; fetchMyInvitations &gt; re-throws on error" time="0.0034996">
        </testcase>
    </testsuite>
    <testsuite name="src/services/participationService.test.js" timestamp="2026-05-05T23:06:53.392Z" hostname="Haroun" tests="2" failures="0" errors="0" skipped="0" time="0.0142686">
        <testcase classname="src/services/participationService.test.js" name="participationService &gt; fetchMyParticipations &gt; returns participations data" time="0.0088114">
        </testcase>
        <testcase classname="src/services/participationService.test.js" name="participationService &gt; fetchMyParticipations &gt; re-throws on error" time="0.0030707">
        </testcase>
    </testsuite>
    <testsuite name="src/services/recommendationService.test.js" timestamp="2026-05-05T23:06:53.392Z" hostname="Haroun" tests="7" failures="0" errors="0" skipped="0" time="0.0335629">
        <testcase classname="src/services/recommendationService.test.js" name="recommendationService &gt; runRecommendation &gt; posts to /recommendations/:activityId and returns data" time="0.0062607">
        </testcase>
        <testcase classname="src/services/recommendationService.test.js" name="recommendationService &gt; runRecommendation &gt; re-throws error on network failure" time="0.0165013">
            <system-err>
Erreur runRecommendation: Error: Network error
    at [90mC:\Users\mouhib\Desktop\projet pi final\Esprit-PI-4TWIN6-2026-IntelligentRecommendationSystem\frontend\[39msrc\services\recommendationService.test.js:38:35
    at [90mfile:///C:/Users/mouhib/Desktop/projet%20pi%20final/Esprit-PI-4TWIN6-2026-IntelligentRecommendationSystem/frontend/[39mnode_modules/[4m@vitest[24m/runner/dist/chunk-hooks.js:155:11
    at [90mfile:///C:/Users/mouhib/Desktop/projet%20pi%20final/Esprit-PI-4TWIN6-2026-IntelligentRecommendationSystem/frontend/[39mnode_modules/[4m@vitest[24m/runner/dist/chunk-hooks.js:752:26
    at [90mfile:///C:/Users/mouhib/Desktop/projet%20pi%20final/Esprit-PI-4TWIN6-2026-IntelligentRecommendationSystem/frontend/[39mnode_modules/[4m@vitest[24m/runner/dist/chunk-hooks.js:1897:20
    at new Promise (&lt;anonymous&gt;)
    at runWithTimeout [90m(file:///C:/Users/mouhib/Desktop/projet%20pi%20final/Esprit-PI-4TWIN6-2026-IntelligentRecommendationSystem/frontend/[39mnode_modules/[4m@vitest[24m/runner/dist/chunk-hooks.js:1863:10[90m)[39m
    at runTest [90m(file:///C:/Users/mouhib/Desktop/projet%20pi%20final/Esprit-PI-4TWIN6-2026-IntelligentRecommendationSystem/frontend/[39mnode_modules/[4m@vitest[24m/runner/dist/chunk-hooks.js:1574:12[90m)[39m
[90m    at processTicksAndRejections (node:internal/process/task_queues:105:5)[39m
    at runSuite [90m(file:///C:/Users/mouhib/Desktop/projet%20pi%20final/Esprit-PI-4TWIN6-2026-IntelligentRecommendationSystem/frontend/[39mnode_modules/[4m@vitest[24m/runner/dist/chunk-hooks.js:1729:8[90m)[39m
    at runSuite [90m(file:///C:/Users/mouhib/Desktop/projet%20pi%20final/Esprit-PI-4TWIN6-2026-IntelligentRecommendationSystem/frontend/[39mnode_modules/[4m@vitest[24m/runner/dist/chunk-hooks.js:1729:8[90m)[39m

            </system-err>
        </testcase>
        <testcase classname="src/services/recommendationService.test.js" name="recommendationService &gt; getRecommendations &gt; gets /recommendations/:activityId and returns data" time="0.0010048">
        </testcase>
        <testcase classname="src/services/recommendationService.test.js" name="recommendationService &gt; getRecommendations &gt; re-throws error when request fails" time="0.0025507">
            <system-err>
Erreur getRecommendations: Error: 404 not found
    at [90mC:\Users\mouhib\Desktop\projet pi final\Esprit-PI-4TWIN6-2026-IntelligentRecommendationSystem\frontend\[39msrc\services\recommendationService.test.js:61:34
    at [90mfile:///C:/Users/mouhib/Desktop/projet%20pi%20final/Esprit-PI-4TWIN6-2026-IntelligentRecommendationSystem/frontend/[39mnode_modules/[4m@vitest[24m/runner/dist/chunk-hooks.js:155:11
    at [90mfile:///C:/Users/mouhib/Desktop/projet%20pi%20final/Esprit-PI-4TWIN6-2026-IntelligentRecommendationSystem/frontend/[39mnode_modules/[4m@vitest[24m/runner/dist/chunk-hooks.js:752:26
    at [90mfile:///C:/Users/mouhib/Desktop/projet%20pi%20final/Esprit-PI-4TWIN6-2026-IntelligentRecommendationSystem/frontend/[39mnode_modules/[4m@vitest[24m/runner/dist/chunk-hooks.js:1897:20
    at new Promise (&lt;anonymous&gt;)
    at runWithTimeout [90m(file:///C:/Users/mouhib/Desktop/projet%20pi%20final/Esprit-PI-4TWIN6-2026-IntelligentRecommendationSystem/frontend/[39mnode_modules/[4m@vitest[24m/runner/dist/chunk-hooks.js:1863:10[90m)[39m
    at runTest [90m(file:///C:/Users/mouhib/Desktop/projet%20pi%20final/Esprit-PI-4TWIN6-2026-IntelligentRecommendationSystem/frontend/[39mnode_modules/[4m@vitest[24m/runner/dist/chunk-hooks.js:1574:12[90m)[39m
[90m    at processTicksAndRejections (node:internal/process/task_queues:105:5)[39m
    at runSuite [90m(file:///C:/Users/mouhib/Desktop/projet%20pi%20final/Esprit-PI-4TWIN6-2026-IntelligentRecommendationSystem/frontend/[39mnode_modules/[4m@vitest[24m/runner/dist/chunk-hooks.js:1729:8[90m)[39m
    at runSuite [90m(file:///C:/Users/mouhib/Desktop/projet%20pi%20final/Esprit-PI-4TWIN6-2026-IntelligentRecommendationSystem/frontend/[39mnode_modules/[4m@vitest[24m/runner/dist/chunk-hooks.js:1729:8[90m)[39m

            </system-err>
        </testcase>
        <testcase classname="src/services/recommendationService.test.js" name="recommendationService &gt; updateRecommendations &gt; puts to /recommendations/:activityId with employee list" time="0.0017423">
        </testcase>
        <testcase classname="src/services/recommendationService.test.js" name="recommendationService &gt; updateRecommendations &gt; handles empty employee list" time="0.0004816">
        </testcase>
        <testcase classname="src/services/recommendationService.test.js" name="recommendationService &gt; updateRecommendations &gt; re-throws error on failure" time="0.0019865">
            <system-err>
Erreur updateRecommendations: Error: Forbidden
    at [90mC:\Users\mouhib\Desktop\projet pi final\Esprit-PI-4TWIN6-2026-IntelligentRecommendationSystem\frontend\[39msrc\services\recommendationService.test.js:92:34
    at [90mfile:///C:/Users/mouhib/Desktop/projet%20pi%20final/Esprit-PI-4TWIN6-2026-IntelligentRecommendationSystem/frontend/[39mnode_modules/[4m@vitest[24m/runner/dist/chunk-hooks.js:155:11
    at [90mfile:///C:/Users/mouhib/Desktop/projet%20pi%20final/Esprit-PI-4TWIN6-2026-IntelligentRecommendationSystem/frontend/[39mnode_modules/[4m@vitest[24m/runner/dist/chunk-hooks.js:752:26
    at [90mfile:///C:/Users/mouhib/Desktop/projet%20pi%20final/Esprit-PI-4TWIN6-2026-IntelligentRecommendationSystem/frontend/[39mnode_modules/[4m@vitest[24m/runner/dist/chunk-hooks.js:1897:20
    at new Promise (&lt;anonymous&gt;)
    at runWithTimeout [90m(file:///C:/Users/mouhib/Desktop/projet%20pi%20final/Esprit-PI-4TWIN6-2026-IntelligentRecommendationSystem/frontend/[39mnode_modules/[4m@vitest[24m/runner/dist/chunk-hooks.js:1863:10[90m)[39m
    at runTest [90m(file:///C:/Users/mouhib/Desktop/projet%20pi%20final/Esprit-PI-4TWIN6-2026-IntelligentRecommendationSystem/frontend/[39mnode_modules/[4m@vitest[24m/runner/dist/chunk-hooks.js:1574:12[90m)[39m
[90m    at processTicksAndRejections (node:internal/process/task_queues:105:5)[39m
    at runSuite [90m(file:///C:/Users/mouhib/Desktop/projet%20pi%20final/Esprit-PI-4TWIN6-2026-IntelligentRecommendationSystem/frontend/[39mnode_modules/[4m@vitest[24m/runner/dist/chunk-hooks.js:1729:8[90m)[39m
    at runSuite [90m(file:///C:/Users/mouhib/Desktop/projet%20pi%20final/Esprit-PI-4TWIN6-2026-IntelligentRecommendationSystem/frontend/[39mnode_modules/[4m@vitest[24m/runner/dist/chunk-hooks.js:1729:8[90m)[39m

            </system-err>
        </testcase>
    </testsuite>
    <testsuite name="src/services/usersService.test.js" timestamp="2026-05-05T23:06:53.394Z" hostname="Haroun" tests="3" failures="0" errors="0" skipped="0" time="0.0057805">
        <testcase classname="src/services/usersService.test.js" name="usersService &gt; fetchManagers &gt; returns managers data" time="0.0035758">
        </testcase>
        <testcase classname="src/services/usersService.test.js" name="usersService &gt; fetchEmployees &gt; returns employees data" time="0.0004022">
        </testcase>
        <testcase classname="src/services/usersService.test.js" name="usersService &gt; fetchUsers &gt; returns all users" time="0.0002883">
        </testcase>
    </testsuite>
    <testsuite name="src/services/workflowService.test.js" timestamp="2026-05-05T23:06:53.395Z" hostname="Haroun" tests="32" failures="0" errors="0" skipped="0" time="0.0349412">
        <testcase classname="src/services/workflowService.test.js" name="workflowService &gt; ACTIVITY_STATUS constants &gt; has expected status values" time="0.0036789">
        </testcase>
        <testcase classname="src/services/workflowService.test.js" name="workflowService &gt; getManagers &gt; returns managers array" time="0.0035283">
        </testcase>
        <testcase classname="src/services/workflowService.test.js" name="workflowService &gt; getManagers &gt; returns empty array for non-array response" time="0.0018144">
        </testcase>
        <testcase classname="src/services/workflowService.test.js" name="workflowService &gt; getEmployees &gt; returns employees array" time="0.0006478">
        </testcase>
        <testcase classname="src/services/workflowService.test.js" name="workflowService &gt; getUserById &gt; fetches user by id" time="0.0016736">
        </testcase>
        <testcase classname="src/services/workflowService.test.js" name="workflowService &gt; getUserById &gt; throws when id is missing" time="0.0030288">
        </testcase>
        <testcase classname="src/services/workflowService.test.js" name="workflowService &gt; fetchActivities &gt; returns activities" time="0.0005585">
        </testcase>
        <testcase classname="src/services/workflowService.test.js" name="workflowService &gt; fetchActivities &gt; returns empty array for non-array" time="0.0003381">
        </testcase>
        <testcase classname="src/services/workflowService.test.js" name="workflowService &gt; fetchActivityById &gt; fetches activity by id" time="0.0004893">
        </testcase>
        <testcase classname="src/services/workflowService.test.js" name="workflowService &gt; fetchActivityById &gt; throws when id is missing" time="0.0006892">
        </testcase>
        <testcase classname="src/services/workflowService.test.js" name="workflowService &gt; hrCreateActivity &gt; creates activity" time="0.0014234">
        </testcase>
        <testcase classname="src/services/workflowService.test.js" name="workflowService &gt; hrRunAI &gt; runs AI for activity" time="0.0005812">
        </testcase>
        <testcase classname="src/services/workflowService.test.js" name="workflowService &gt; hrRunAI &gt; throws when activityId is missing" time="0.0008163">
        </testcase>
        <testcase classname="src/services/workflowService.test.js" name="workflowService &gt; hrUpdateRecommendationList &gt; updates recommendation list" time="0.0008403">
        </testcase>
        <testcase classname="src/services/workflowService.test.js" name="workflowService &gt; hrUpdateRecommendationList &gt; throws when activityId is missing" time="0.0004501">
        </testcase>
        <testcase classname="src/services/workflowService.test.js" name="workflowService &gt; hrValidateAndForward &gt; validates and forwards" time="0.0013748">
        </testcase>
        <testcase classname="src/services/workflowService.test.js" name="workflowService &gt; hrValidateAndForward &gt; throws when activityId is missing" time="0.0006684">
        </testcase>
        <testcase classname="src/services/workflowService.test.js" name="workflowService &gt; getRecommendation &gt; gets recommendation for activity" time="0.0007312">
        </testcase>
        <testcase classname="src/services/workflowService.test.js" name="workflowService &gt; getRecommendation &gt; throws when activityId is missing" time="0.0006554">
        </testcase>
        <testcase classname="src/services/workflowService.test.js" name="workflowService &gt; managerConfirmParticipants &gt; confirms participants" time="0.0013553">
        </testcase>
        <testcase classname="src/services/workflowService.test.js" name="workflowService &gt; managerConfirmParticipants &gt; handles empty participants" time="0.0006643">
        </testcase>
        <testcase classname="src/services/workflowService.test.js" name="workflowService &gt; managerConfirmParticipants &gt; throws when activityId is missing" time="0.0005186">
        </testcase>
        <testcase classname="src/services/workflowService.test.js" name="workflowService &gt; managerNotifyEmployees &gt; notifies employees" time="0.0006554">
        </testcase>
        <testcase classname="src/services/workflowService.test.js" name="workflowService &gt; managerNotifyEmployees &gt; throws when activityId is missing" time="0.0004374">
        </testcase>
        <testcase classname="src/services/workflowService.test.js" name="workflowService &gt; employeeListInvitations &gt; returns invitations array" time="0.0004633">
        </testcase>
        <testcase classname="src/services/workflowService.test.js" name="workflowService &gt; employeeListInvitations &gt; returns empty array for non-array" time="0.0002845">
        </testcase>
        <testcase classname="src/services/workflowService.test.js" name="workflowService &gt; employeeGetInvitation &gt; gets invitation by id" time="0.0003732">
        </testcase>
        <testcase classname="src/services/workflowService.test.js" name="workflowService &gt; employeeGetInvitation &gt; throws when id is missing" time="0.0004358">
        </testcase>
        <testcase classname="src/services/workflowService.test.js" name="workflowService &gt; employeeRespond &gt; responds to invitation" time="0.0006648">
        </testcase>
        <testcase classname="src/services/workflowService.test.js" name="workflowService &gt; employeeRespond &gt; throws when invitationId is missing" time="0.0004395">
        </testcase>
        <testcase classname="src/services/workflowService.test.js" name="workflowService &gt; employeeParticipationStatus &gt; returns participations array" time="0.0004388">
        </testcase>
        <testcase classname="src/services/workflowService.test.js" name="workflowService &gt; employeeParticipationStatus &gt; returns empty array for non-array" time="0.00028">
        </testcase>
    </testsuite>
    <testsuite name="src/pages/Activities.test.jsx" timestamp="2026-05-05T23:06:53.400Z" hostname="Haroun" tests="2" failures="0" errors="0" skipped="0" time="0.2431257">
        <testcase classname="src/pages/Activities.test.jsx" name="Activities &gt; renders activities heading" time="0.1107329">
        </testcase>
        <testcase classname="src/pages/Activities.test.jsx" name="Activities &gt; renders heading as h1" time="0.1278204">
        </testcase>
    </testsuite>
    <testsuite name="src/pages/ChangePassword.test.jsx" timestamp="2026-05-05T23:06:53.401Z" hostname="Haroun" tests="8" failures="0" errors="0" skipped="0" time="0.9103497">
        <testcase classname="src/pages/ChangePassword.test.jsx" name="ChangePassword &gt; renders change password form" time="0.1574212">
        </testcase>
        <testcase classname="src/pages/ChangePassword.test.jsx" name="ChangePassword &gt; shows error when password is too short" time="0.2004589">
        </testcase>
        <testcase classname="src/pages/ChangePassword.test.jsx" name="ChangePassword &gt; shows error when password has no uppercase" time="0.0997267">
        </testcase>
        <testcase classname="src/pages/ChangePassword.test.jsx" name="ChangePassword &gt; shows error when password has no digit" time="0.0848571">
        </testcase>
        <testcase classname="src/pages/ChangePassword.test.jsx" name="ChangePassword &gt; shows error when passwords do not match" time="0.0898905">
        </testcase>
        <testcase classname="src/pages/ChangePassword.test.jsx" name="ChangePassword &gt; submits form successfully" time="0.1306726">
        </testcase>
        <testcase classname="src/pages/ChangePassword.test.jsx" name="ChangePassword &gt; shows password strength indicator" time="0.0614504">
        </testcase>
        <testcase classname="src/pages/ChangePassword.test.jsx" name="ChangePassword &gt; handles API error" time="0.0825426">
        </testcase>
    </testsuite>
    <testsuite name="src/pages/Competences.test.jsx" timestamp="2026-05-05T23:06:53.402Z" hostname="Haroun" tests="2" failures="0" errors="0" skipped="0" time="0.1853769">
        <testcase classname="src/pages/Competences.test.jsx" name="Competences &gt; renders competences heading" time="0.0660255">
        </testcase>
        <testcase classname="src/pages/Competences.test.jsx" name="Competences &gt; renders heading as h1" time="0.1167719">
        </testcase>
    </testsuite>
    <testsuite name="src/pages/CompleteProfile.test.jsx" timestamp="2026-05-05T23:06:53.403Z" hostname="Haroun" tests="9" failures="1" errors="0" skipped="0" time="1.7591402">
        <testcase classname="src/pages/CompleteProfile.test.jsx" name="CompleteProfile &gt; renders complete profile form" time="0.1633692">
        </testcase>
        <testcase classname="src/pages/CompleteProfile.test.jsx" name="CompleteProfile &gt; shows error when required fields are empty" time="1.227297">
            <failure message="Unable to find an element with the text: Le prénom et le nom sont obligatoires.. This could be because the text is broken up by multiple elements. In this case, you can provide a function for your text matcher to make your matcher more flexible.

Ignored nodes: comments, script, style
[36m&lt;body&gt;[39m
  [36m&lt;div&gt;[39m
    [36m&lt;div[39m
      [33mclass[39m=[32m&quot;authPage&quot;[39m
    [36m&gt;[39m
      [36m&lt;div[39m
        [33mclass[39m=[32m&quot;authCard&quot;[39m
        [33mstyle[39m=[32m&quot;max-width: 520px;&quot;[39m
      [36m&gt;[39m
        [36m&lt;div[39m
          [33mclass[39m=[32m&quot;authBrand&quot;[39m
        [36m&gt;[39m
          [36m&lt;div[39m
            [33mclass[39m=[32m&quot;authLogo&quot;[39m
          [36m&gt;[39m
            [0m👤[0m
          [36m&lt;/div&gt;[39m
          [36m&lt;div&gt;[39m
            [36m&lt;div[39m
              [33mclass[39m=[32m&quot;authName&quot;[39m
            [36m&gt;[39m
              [0mAssurReco[0m
            [36m&lt;/div&gt;[39m
            [36m&lt;div[39m
              [33mclass[39m=[32m&quot;authSub&quot;[39m
            [36m&gt;[39m
              [0mCompléter votre profil[0m
            [36m&lt;/div&gt;[39m
          [36m&lt;/div&gt;[39m
        [36m&lt;/div&gt;[39m
        [36m&lt;h1[39m
          [33mclass[39m=[32m&quot;authTitle&quot;[39m
        [36m&gt;[39m
          [0mVotre profil[0m
        [36m&lt;/h1&gt;[39m
        [36m&lt;p[39m
          [33mclass[39m=[32m&quot;authHint&quot;[39m
        [36m&gt;[39m
          [0mBienvenue ! Complétez ces informations pour accéder à la plateforme.[0m
        [36m&lt;/p&gt;[39m
        [36m&lt;form[39m
          [33mclass[39m=[32m&quot;authForm&quot;[39m
        [36m&gt;[39m
          [36m&lt;div[39m
            [33mstyle[39m=[32m&quot;display: flex; flex-direction: column; align-items: center; gap: 10px; margin-bottom: 8px;&quot;[39m
          [36m&gt;[39m
            [36m&lt;div[39m
              [33mstyle[39m=[32m&quot;width: 90px; height: 90px; border-radius: 50%; background: var(--bg); border: 2px dashed rgb(155, 188, 199); cursor: pointer; display: flex; align-items: center; justify-content: center; overflow: hidden; flex-shrink: 0;&quot;[39m
            [36m&gt;[39m
              [36m&lt;span[39m
                [33mstyle[39m=[32m&quot;font-size: 32px;&quot;[39m
              [36m&gt;[39m
                [0m📷[0m
              [36m&lt;/span&gt;[39m
            [36m&lt;/div&gt;[39m
            [36m&lt;button[39m
              [33mstyle[39m=[32m&quot;font-size: 12px; color: rgb(11, 45, 56); background: none; cursor: pointer; text-decoration: underline;&quot;[39m
              [33mtype[39m=[32m&quot;button&quot;[39m
            [36m&gt;[39m
              [0mChoisir une photo de profil[0m
            [36m&lt;/button&gt;[39m
            [36m&lt;input[39m
              [33maccept[39m=[32m&quot;image/*&quot;[39m
              [33mstyle[39m=[32m&quot;display: none;&quot;[39m
              [33mtype[39m=[32m&quot;file&quot;[39m
            [36m/&gt;[39m
          [36m&lt;/div&gt;[39m
          [36m&lt;label[39m
            [33mclass[39m=[32m&quot;authLabel&quot;[39m
          [36m&gt;[39m
            [0mPrénom [0m
            [36m&lt;span[39m
              [33mstyle[39m=[32m&quot;color: rgb(139, 26, 26);&quot;[39m
            [36m&gt;[39m
              [0m*[0m
            [36m&lt;/span&gt;[39m
            [36m&lt;input[39m
              [33mclass[39m=[32m&quot;authInput&quot;[39m
              [33mname[39m=[32m&quot;firstName&quot;[39m
              [33mplaceholder[39m=[32m&quot;Ex: Sarah&quot;[39m
              [33mrequired[39m=[32m&quot;&quot;[39m
              [33mvalue[39m=[32m&quot;&quot;[39m
            [36m/&gt;[39m
          [36m&lt;/label&gt;[39m
          [36m&lt;label[39m
            [33mclass[39m=[32m&quot;authLabel&quot;[39m
          [36m&gt;[39m
            [0mNom [0m
            [36m&lt;span[39m
              [33mstyle[39m=[32m&quot;color: rgb(139, 26, 26);&quot;[39m
            [36m&gt;[39m
              [0m*[0m
            [36m&lt;/span&gt;[39m
            [36m&lt;input[39m
              [33mclass[39m=[32m&quot;authInput&quot;[39m
              [33mname[39m=[32m&quot;lastName&quot;[39m
              [33mplaceholder[39m=[32m&quot;Ex: Benali&quot;[39m
              [33mrequired[39m=[32m&quot;&quot;[39m
              [33mvalue[39m=[32m&quot;&quot;[39m
            [36m/&gt;[39m
          [36m&lt;/label&gt;[39m
          [36m&lt;label[39m
            [33mclass[39m=[32m&quot;authLabel&quot;[39m
          [36m&gt;[39m
            [0mTéléphone (optionnel)[0m
            [36m&lt;div[39m
              [33mstyle[39m=[32m&quot;position: relative;&quot;[39m
            [36m&gt;[39m
              [36m&lt;input[39m
                [33mclass[39m=[32m&quot;authInput&quot;[39m
                [33mname[39m=[32m&quot;telephone&quot;[39m
                [33mplaceholder[39m=[32m&quot;Ex: 06 12 34 56 78&quot;[39m
                [33mstyle[39m=[32m&quot;padding-right: 42px;&quot;[39m
                [33mtype[39m=[32m&quot;tel&quot;[39m
                [33mvalue[39m=[32m&quot;&quot;[39m
              [36m/&gt;[39m
              [36m&lt;div[39m
                [33mdata-testid[39m=[32m&quot;mic-button&quot;[39m
              [36m&gt;[39m
                [0mMic[0m
              [36m&lt;/div&gt;[39m
            [36m&lt;/div&gt;[39m
          [36m&lt;/label&gt;[39m
          [36m&lt;div&gt;[39m
            [36m&lt;label[39m
              [33mstyle[39m=[32m&quot;display: block; font-weight: 500; margin-bottom: 6px; font-size: 14px; color: var(--text);&quot;[39m
            [36m&gt;[39m
              [0mCV (PDF, optionnel)[0m
            [36m&lt;/label&gt;[39m
            [36m&lt;div[39m
              [33mstyle[39m=[32m&quot;border: 2px dashed rgb(155, 188, 199); border-radius: 10px; padding: 16px; cursor: pointer; text-align: center; background: rgb(238, 247, 250); color: rgb(99, 136, 153); font-size: 13px;&quot;[39m
            [36m&gt;[39m
              [0mCliquer pour uploader votre CV (PDF, max 5 Mo)[0m
            [36m&lt;/div&gt;[39m
            [36m&lt;input[39m
              [33maccept[39m=[32m&quot;application/pdf&quot;[39m
              [33mstyle[39m=[32m&quot;display: none;&quot;[39m
              [33mtype[39m=[32m&quot;file&quot;[39m
            [36m/&gt;[39m
          [36m&lt;/div&gt;[39m
          [36m&lt;button[39m
            [33mclass[39m=[32m&quot;primaryBtn&quot;[39m
            [33mstyle[39m=[32m&quot;margin-top: 8px;&quot;[39m
            [33mtype[39m=[32m&quot;submit&quot;[39m
          [36m&gt;[39m
            [0mAccéder à la plateforme[0m
          [36m&lt;/button&gt;[39m
        [36m&lt;/form&gt;[39m
      [36m&lt;/div&gt;[39m
    [36m&lt;/div&gt;[39m
  [36m&lt;/div&gt;[39m
[36m&lt;/body&gt;[39m

Ignored nodes: comments, script, style
[36m&lt;html&gt;[39m
  [36m&lt;head /&gt;[39m
  [36m&lt;body&gt;[39m
    [36m&lt;div&gt;[39m
      [36m&lt;div[39m
        [33mclass[39m=[32m&quot;authPage&quot;[39m
      [36m&gt;[39m
        [36m&lt;div[39m
          [33mclass[39m=[32m&quot;authCard&quot;[39m
          [33mstyle[39m=[32m&quot;max-width: 520px;&quot;[39m
        [36m&gt;[39m
          [36m&lt;div[39m
            [33mclass[39m=[32m&quot;authBrand&quot;[39m
          [36m&gt;[39m
            [36m&lt;div[39m
              [33mclass[39m=[32m&quot;authLogo&quot;[39m
            [36m&gt;[39m
              [0m👤[0m
            [36m&lt;/div&gt;[39m
            [36m&lt;div&gt;[39m
              [36m&lt;div[39m
                [33mclass[39m=[32m&quot;authName&quot;[39m
              [36m&gt;[39m
                [0mAssurReco[0m
              [36m&lt;/div&gt;[39m
              [36m&lt;div[39m
                [33mclass[39m=[32m&quot;authSub&quot;[39m
              [36m&gt;[39m
                [0mCompléter votre profil[0m
              [36m&lt;/div&gt;[39m
            [36m&lt;/div&gt;[39m
          [36m&lt;/div&gt;[39m
          [36m&lt;h1[39m
            [33mclass[39m=[32m&quot;authTitle&quot;[39m
          [36m&gt;[39m
            [0mVotre profil[0m
          [36m&lt;/h1&gt;[39m
          [36m&lt;p[39m
            [33mclass[39m=[32m&quot;authHint&quot;[39m
          [36m&gt;[39m
            [0mBienvenue ! Complétez ces informations pour accéder à la plateforme.[0m
          [36m&lt;/p&gt;[39m
          [36m&lt;form[39m
            [33mclass[39m=[32m&quot;authForm&quot;[39m
          [36m&gt;[39m
            [36m&lt;div[39m
              [33mstyle[39m=[32m&quot;display: flex; flex-direction: column; align-items: center; gap: 10px; margin-bottom: 8px;&quot;[39m
            [36m&gt;[39m
              [36m&lt;div[39m
                [33mstyle[39m=[32m&quot;width: 90px; height: 90px; border-radius: 50%; background: var(--bg); border: 2px dashed rgb(155, 188, 199); cursor: pointer; display: flex; align-items: center; justify-content: center; overflow: hidden; flex-shrink: 0;&quot;[39m
              [36m&gt;[39m
                [36m&lt;span[39m
                  [33mstyle[39m=[32m&quot;font-size: 32px;&quot;[39m
                [36m&gt;[39m
                  [0m📷[0m
                [36m&lt;/span&gt;[39m
              [36m&lt;/div&gt;[39m
              [36m&lt;button[39m
                [33mstyle[39m=[32m&quot;font-size: 12px; color: rgb(11, 45, 56); background: none; cursor: pointer; text-decoration: underline;&quot;[39m
                [33mtype[39m=[32m&quot;button&quot;[39m
              [36m&gt;[39m
                [0mChoisir une photo de profil[0m
              [36m&lt;/button&gt;[39m
              [36m&lt;input[39m
                [33maccept[39m=[32m&quot;image/*&quot;[39m
                [33mstyle[39m=[32m&quot;display: none;&quot;[39m
                [33mtype[39m=[32m&quot;file&quot;[39m
              [36m/&gt;[39m
            [36m&lt;/div&gt;[39m
            [36m&lt;label[39m
              [33mclass[39m=[32m&quot;authLabel&quot;[39m
            [36m&gt;[39m
              [0mPrénom [0m
              [36m&lt;span[39m
                [33mstyle[39m=[32m&quot;color: rgb(139, 26, 26);&quot;[39m
              [36m&gt;[39m
                [0m*[0m
              [36m&lt;/span&gt;[39m
              [36m&lt;input[39m
                [33mclass[39m=[32m&quot;authInput&quot;[39m
                [33mname[39m=[32m&quot;firstName&quot;[39m
                [33mplaceholder[39m=[32m&quot;Ex: Sarah&quot;[39m
                [33mrequired[39m=[32m&quot;&quot;[39m
                [33mvalue[39m=[32m&quot;&quot;[39m
              [36m/&gt;[39m
            [36m&lt;/label&gt;[39m
            [36m&lt;label[39m
              [33mclass[39m=[32m&quot;authLabel&quot;[39m
            [36m&gt;[39m
              [0mNom [0m
              [36m&lt;span[39m
                [33mstyle[39m=[32m&quot;color: rgb(139, 26, 26);&quot;[39m
              [36m&gt;[39m
                [0m*[0m
              [36m&lt;/span&gt;[39m
              [36m&lt;input[39m
                [33mclass[39m=[32m&quot;authInput&quot;[39m
                [33mname[39m=[32m&quot;lastName&quot;[39m
                [33mplaceholder[39m=[32m&quot;Ex: Benali&quot;[39m
                [33mrequired[39m=[32m&quot;&quot;[39m
                [33mvalue[39m=[32m&quot;&quot;[39m
              [36m/&gt;[39m
            [36m&lt;/label&gt;[39m
            [36m&lt;label[39m
              [33mclass[39m=[32m&quot;authLabel&quot;[39m
            [36m&gt;[39m
              [0mTéléphone (optionnel)[0m
              [36m&lt;div[39m
                [33mstyle[39m=[32m&quot;position: relative;&quot;[39m
              [36m&gt;[39m
                [36m&lt;input[39m
                  [33mclass[39m=[32m&quot;authInput&quot;[39m
                  [33mname[39m=[32m&quot;telephone&quot;[39m
                  [33mplaceholder[39m=[32m&quot;Ex: 06 12 34 56 78&quot;[39m
                  [33mstyle[39m=[32m&quot;padding-right: 42px;&quot;[39m
                  [33mtype[39m=[32m&quot;tel&quot;[39m
                  [33mvalue[39m=[32m&quot;&quot;[39m
                [36m/&gt;[39m
                [36m&lt;div[39m
                  [33mdata-testid[39m=[32m&quot;mic-button&quot;[39m
                [36m&gt;[39m
                  [0mMic[0m
                [36m&lt;/div&gt;[39m
              [36m&lt;/div&gt;[39m
            [36m&lt;/label&gt;[39m
            [36m&lt;div&gt;[39m
              [36m&lt;label[39m
                [33mstyle[39m=[32m&quot;display: block; font-weight: 500; margin-bottom: 6px; font-size: 14px; color: var(--text);&quot;[39m
              [36m&gt;[39m
                [0mCV (PDF, optionnel)[0m
              [36m&lt;/label&gt;[39m
              [36m&lt;div[39m
                [33mstyle[39m=[32m&quot;border: 2px dashed rgb(155, 188, 199); border-radius: 10px; padding: 16px; cursor: pointer; text-align: center; background: rgb(238, 247, 250); color: rgb(99, 136, 153); font-size: 13px;&quot;[39m
              [36m&gt;[39m
                [0mCliquer pour uploader votre CV (PDF, max 5 Mo)[0m
              [36m&lt;/div&gt;[39m
              [36m&lt;input[39m
                [33maccept[39m=[32m&quot;application/pdf&quot;[39m
                [33mstyle[39m=[32m&quot;display: none;&quot;[39m
                [33mtype[39m=[32m&quot;file&quot;[39m
              [36m/&gt;[39m
            [36m&lt;/div&gt;[39m
            [36m&lt;button[39m
              [33mclass[39m=[32m&quot;primaryBtn&quot;[39m
              [33mstyle[39m=[32m&quot;margin-top: 8px;&quot;[39m
              [33mtype[39m=[32m&quot;submit&quot;[39m
            [36m&gt;[39m
              [0mAccéder à la plateforme[0m
            [36m&lt;/button&gt;[39m
          [36m&lt;/form&gt;[39m
        [36m&lt;/div&gt;[39m
      [36m&lt;/div&gt;[39m
    [36m&lt;/div&gt;[39m
  [36m&lt;/body&gt;[39m
[36m&lt;/html&gt;[39m" type="TestingLibraryElementError">
TestingLibraryElementError: Unable to find an element with the text: Le prénom et le nom sont obligatoires.. This could be because the text is broken up by multiple elements. In this case, you can provide a function for your text matcher to make your matcher more flexible.

Ignored nodes: comments, script, style
&lt;body&gt;
  &lt;div&gt;
    &lt;div
      class=&quot;authPage&quot;
    &gt;
      &lt;div
        class=&quot;authCard&quot;
        style=&quot;max-width: 520px;&quot;
      &gt;
        &lt;div
          class=&quot;authBrand&quot;
        &gt;
          &lt;div
            class=&quot;authLogo&quot;
          &gt;
            👤
          &lt;/div&gt;
          &lt;div&gt;
            &lt;div
              class=&quot;authName&quot;
            &gt;
              AssurReco
            &lt;/div&gt;
            &lt;div
              class=&quot;authSub&quot;
            &gt;
              Compléter votre profil
            &lt;/div&gt;
          &lt;/div&gt;
        &lt;/div&gt;
        &lt;h1
          class=&quot;authTitle&quot;
        &gt;
          Votre profil
        &lt;/h1&gt;
        &lt;p
          class=&quot;authHint&quot;
        &gt;
          Bienvenue ! Complétez ces informations pour accéder à la plateforme.
        &lt;/p&gt;
        &lt;form
          class=&quot;authForm&quot;
        &gt;
          &lt;div
            style=&quot;display: flex; flex-direction: column; align-items: center; gap: 10px; margin-bottom: 8px;&quot;
          &gt;
            &lt;div
              style=&quot;width: 90px; height: 90px; border-radius: 50%; background: var(--bg); border: 2px dashed rgb(155, 188, 199); cursor: pointer; display: flex; align-items: center; justify-content: center; overflow: hidden; flex-shrink: 0;&quot;
            &gt;
              &lt;span
                style=&quot;font-size: 32px;&quot;
              &gt;
                📷
              &lt;/span&gt;
            &lt;/div&gt;
            &lt;button
              style=&quot;font-size: 12px; color: rgb(11, 45, 56); background: none; cursor: pointer; text-decoration: underline;&quot;
              type=&quot;button&quot;
            &gt;
              Choisir une photo de profil
            &lt;/button&gt;
            &lt;input
              accept=&quot;image/*&quot;
              style=&quot;display: none;&quot;
              type=&quot;file&quot;
            /&gt;
          &lt;/div&gt;
          &lt;label
            class=&quot;authLabel&quot;
          &gt;
            Prénom 
            &lt;span
              style=&quot;color: rgb(139, 26, 26);&quot;
            &gt;
              *
            &lt;/span&gt;
            &lt;input
              class=&quot;authInput&quot;
              name=&quot;firstName&quot;
              placeholder=&quot;Ex: Sarah&quot;
              required=&quot;&quot;
              value=&quot;&quot;
            /&gt;
          &lt;/label&gt;
          &lt;label
            class=&quot;authLabel&quot;
          &gt;
            Nom 
            &lt;span
              style=&quot;color: rgb(139, 26, 26);&quot;
            &gt;
              *
            &lt;/span&gt;
            &lt;input
              class=&quot;authInput&quot;
              name=&quot;lastName&quot;
              placeholder=&quot;Ex: Benali&quot;
              required=&quot;&quot;
              value=&quot;&quot;
            /&gt;
          &lt;/label&gt;
          &lt;label
            class=&quot;authLabel&quot;
          &gt;
            Téléphone (optionnel)
            &lt;div
              style=&quot;position: relative;&quot;
            &gt;
              &lt;input
                class=&quot;authInput&quot;
                name=&quot;telephone&quot;
                placeholder=&quot;Ex: 06 12 34 56 78&quot;
                style=&quot;padding-right: 42px;&quot;
                type=&quot;tel&quot;
                value=&quot;&quot;
              /&gt;
              &lt;div
                data-testid=&quot;mic-button&quot;
              &gt;
                Mic
              &lt;/div&gt;
            &lt;/div&gt;
          &lt;/label&gt;
          &lt;div&gt;
            &lt;label
              style=&quot;display: block; font-weight: 500; margin-bottom: 6px; font-size: 14px; color: var(--text);&quot;
            &gt;
              CV (PDF, optionnel)
            &lt;/label&gt;
            &lt;div
              style=&quot;border: 2px dashed rgb(155, 188, 199); border-radius: 10px; padding: 16px; cursor: pointer; text-align: center; background: rgb(238, 247, 250); color: rgb(99, 136, 153); font-size: 13px;&quot;
            &gt;
              Cliquer pour uploader votre CV (PDF, max 5 Mo)
            &lt;/div&gt;
            &lt;input
              accept=&quot;application/pdf&quot;
              style=&quot;display: none;&quot;
              type=&quot;file&quot;
            /&gt;
          &lt;/div&gt;
          &lt;button
            class=&quot;primaryBtn&quot;
            style=&quot;margin-top: 8px;&quot;
            type=&quot;submit&quot;
          &gt;
            Accéder à la plateforme
          &lt;/button&gt;
        &lt;/form&gt;
      &lt;/div&gt;
    &lt;/div&gt;
  &lt;/div&gt;
&lt;/body&gt;

Ignored nodes: comments, script, style
&lt;html&gt;
  &lt;head /&gt;
  &lt;body&gt;
    &lt;div&gt;
      &lt;div
        class=&quot;authPage&quot;
      &gt;
        &lt;div
          class=&quot;authCard&quot;
          style=&quot;max-width: 520px;&quot;
        &gt;
          &lt;div
            class=&quot;authBrand&quot;
          &gt;
            &lt;div
              class=&quot;authLogo&quot;
            &gt;
              👤
            &lt;/div&gt;
            &lt;div&gt;
              &lt;div
                class=&quot;authName&quot;
              &gt;
[...]
        <testcase classname="src/pages/MyActivities.test.jsx" name="MyActivities &gt; renders my activities heading" time="0.0547649">
        </testcase>
        <testcase classname="src/pages/MyActivities.test.jsx" name="MyActivities &gt; renders heading as h1" time="0.1633265">
        </testcase>
    </testsuite>
    <testsuite name="src/pages/MyProfile.test.jsx" timestamp="2026-05-05T23:06:53.413Z" hostname="Haroun" tests="2" failures="0" errors="0" skipped="0" time="0.2836515">
        <testcase classname="src/pages/MyProfile.test.jsx" name="MyProfile &gt; renders my profile page" time="0.2068566">
        </testcase>
        <testcase classname="src/pages/MyProfile.test.jsx" name="MyProfile &gt; renders without errors" time="0.07419">
        </testcase>
    </testsuite>
    <testsuite name="src/pages/NotAuthorized.test.jsx" timestamp="2026-05-05T23:06:53.413Z" hostname="Haroun" tests="1" failures="0" errors="0" skipped="0" time="0.0678303">
        <testcase classname="src/pages/NotAuthorized.test.jsx" name="NotAuthorized &gt; renders not authorized message" time="0.0638195">
        </testcase>
    </testsuite>
    <testsuite name="src/pages/Notifications.test.jsx" timestamp="2026-05-05T23:06:53.414Z" hostname="Haroun" tests="2" failures="0" errors="0" skipped="0" time="0.2090596">
        <testcase classname="src/pages/Notifications.test.jsx" name="Notifications &gt; renders notifications heading" time="0.0944862">
        </testcase>
        <testcase classname="src/pages/Notifications.test.jsx" name="Notifications &gt; renders heading as h1" time="0.1119712">
        </testcase>
    </testsuite>
    <testsuite name="src/pages/Register.test.jsx" timestamp="2026-05-05T23:06:53.414Z" hostname="Haroun" tests="9" failures="0" errors="0" skipped="0" time="0.7067035">
        <testcase classname="src/pages/Register.test.jsx" name="Register page &gt; renders the heading" time="0.2622488">
        </testcase>
        <testcase classname="src/pages/Register.test.jsx" name="Register page &gt; renders name input" time="0.0331399">
        </testcase>
        <testcase classname="src/pages/Register.test.jsx" name="Register page &gt; renders email input" time="0.0277336">
        </testcase>
        <testcase classname="src/pages/Register.test.jsx" name="Register page &gt; renders role select" time="0.0585975">
        </testcase>
        <testcase classname="src/pages/Register.test.jsx" name="Register page &gt; renders password input" time="0.0231374">
        </testcase>
        <testcase classname="src/pages/Register.test.jsx" name="Register page &gt; renders sign up button" time="0.0654986">
        </testcase>
        <testcase classname="src/pages/Register.test.jsx" name="Register page &gt; allows typing in name field" time="0.03848">
        </testcase>
        <testcase classname="src/pages/Register.test.jsx" name="Register page &gt; shows error on registration failure" time="0.1271046">
        </testcase>
        <testcase classname="src/pages/Register.test.jsx" name="Register page &gt; calls register with correct data on submit" time="0.067558">
        </testcase>
    </testsuite>
    <testsuite name="src/pages/ResetPassword.test.jsx" timestamp="2026-05-05T23:06:53.416Z" hostname="Haroun" tests="6" failures="0" errors="0" skipped="0" time="0.6031493">
        <testcase classname="src/pages/ResetPassword.test.jsx" name="ResetPassword &gt; renders reset password form" time="0.0997624">
        </testcase>
        <testcase classname="src/pages/ResetPassword.test.jsx" name="ResetPassword &gt; shows error when passwords do not match" time="0.2011569">
        </testcase>
        <testcase classname="src/pages/ResetPassword.test.jsx" name="ResetPassword &gt; shows error when password is too short" time="0.0539746">
        </testcase>
        <testcase classname="src/pages/ResetPassword.test.jsx" name="ResetPassword &gt; submits form successfully" time="0.0957287">
        </testcase>
        <testcase classname="src/pages/ResetPassword.test.jsx" name="ResetPassword &gt; shows error on API failure" time="0.1271467">
        </testcase>
        <testcase classname="src/pages/ResetPassword.test.jsx" name="ResetPassword &gt; renders back to login link" time="0.0219658">
        </testcase>
    </testsuite>
    <testsuite name="src/pages/Roles.test.jsx" timestamp="2026-05-05T23:06:53.417Z" hostname="Haroun" tests="2" failures="0" errors="0" skipped="0" time="0.066426">
        <testcase classname="src/pages/Roles.test.jsx" name="Roles &gt; renders roles text" time="0.0539112">
        </testcase>
        <testcase classname="src/pages/Roles.test.jsx" name="Roles &gt; renders within a div" time="0.0096788">
        </testcase>
    </testsuite>
    <testsuite name="src/pages/skills.test.jsx" timestamp="2026-05-05T23:06:53.418Z" hostname="Haroun" tests="2" failures="0" errors="0" skipped="0" time="0.1140176">
        <testcase classname="src/pages/skills.test.jsx" name="Skills &gt; renders skills page" time="0.0813181">
        </testcase>
        <testcase classname="src/pages/skills.test.jsx" name="Skills &gt; renders without errors" time="0.029939">
        </testcase>
    </testsuite>
    <testsuite name="src/pages/Teams.test.jsx" timestamp="2026-05-05T23:06:53.419Z" hostname="Haroun" tests="2" failures="0" errors="0" skipped="0" time="0.0962938">
        <testcase classname="src/pages/Teams.test.jsx" name="Teams &gt; renders teams text" time="0.0820748">
        </testcase>
        <testcase classname="src/pages/Teams.test.jsx" name="Teams &gt; renders within a div" time="0.0115574">
        </testcase>
    </testsuite>
    <testsuite name="src/pages/Users.test.jsx" timestamp="2026-05-05T23:06:53.419Z" hostname="Haroun" tests="2" failures="0" errors="0" skipped="0" time="0.0701289">
        <testcase classname="src/pages/Users.test.jsx" name="Users &gt; renders users text" time="0.0587409">
        </testcase>
        <testcase classname="src/pages/Users.test.jsx" name="Users &gt; renders within a div" time="0.0090187">
        </testcase>
    </testsuite>
    <testsuite name="src/utils/tts.test.js" timestamp="2026-05-05T23:06:53.420Z" hostname="Haroun" tests="22" failures="0" errors="0" skipped="0" time="0.2187166">
        <testcase classname="src/utils/tts.test.js" name="tts utils &gt; sanitizeForTTS &gt; returns empty string for null/undefined" time="0.0032321">
        </testcase>
        <testcase classname="src/utils/tts.test.js" name="tts utils &gt; sanitizeForTTS &gt; replaces % with pour cent" time="0.0005681">
        </testcase>
        <testcase classname="src/utils/tts.test.js" name="tts utils &gt; sanitizeForTTS &gt; replaces + with plus" time="0.0002318">
        </testcase>
        <testcase classname="src/utils/tts.test.js" name="tts utils &gt; sanitizeForTTS &gt; replaces bullet • with period" time="0.0002879">
        </testcase>
        <testcase classname="src/utils/tts.test.js" name="tts utils &gt; sanitizeForTTS &gt; replaces | with period" time="0.0002151">
        </testcase>
        <testcase classname="src/utils/tts.test.js" name="tts utils &gt; sanitizeForTTS &gt; adds space between digits and letters" time="0.0002141">
        </testcase>
        <testcase classname="src/utils/tts.test.js" name="tts utils &gt; sanitizeForTTS &gt; adds space between letters and digits" time="0.000192">
        </testcase>
        <testcase classname="src/utils/tts.test.js" name="tts utils &gt; sanitizeForTTS &gt; fixes closing paren followed by letter" time="0.0002004">
        </testcase>
        <testcase classname="src/utils/tts.test.js" name="tts utils &gt; sanitizeForTTS &gt; trims whitespace" time="0.0002179">
        </testcase>
        <testcase classname="src/utils/tts.test.js" name="tts utils &gt; sanitizeForTTS &gt; handles plain string input" time="0.0001856">
        </testcase>
        <testcase classname="src/utils/tts.test.js" name="tts utils &gt; sanitizeForTTS &gt; collapses multiple spaces" time="0.0001821">
        </testcase>
        <testcase classname="src/utils/tts.test.js" name="tts utils &gt; pickFrenchVoice &gt; returns null when no voices available" time="0.0006996">
        </testcase>
        <testcase classname="src/utils/tts.test.js" name="tts utils &gt; pickFrenchVoice &gt; returns French voice when available" time="0.0003788">
        </testcase>
        <testcase classname="src/utils/tts.test.js" name="tts utils &gt; pickFrenchVoice &gt; falls back to voice with &apos;fr&apos; in name" time="0.0003268">
        </testcase>
        <testcase classname="src/utils/tts.test.js" name="tts utils &gt; pickFrenchVoice &gt; returns null when speechSynthesis is undefined" time="0.0004224">
        </testcase>
        <testcase classname="src/utils/tts.test.js" name="tts utils &gt; extractMainText &gt; returns empty string when no main element" time="0.032321">
        </testcase>
        <testcase classname="src/utils/tts.test.js" name="tts utils &gt; extractMainText &gt; extracts text from main element" time="0.111743">
        </testcase>
        <testcase classname="src/utils/tts.test.js" name="tts utils &gt; extractMainText &gt; extracts text from [data-tts-main] element" time="0.0165884">
        </testcase>
        <testcase classname="src/utils/tts.test.js" name="tts utils &gt; extractMainText &gt; skips hidden elements" time="0.0179607">
        </testcase>
        <testcase classname="src/utils/tts.test.js" name="tts utils &gt; extractMainText &gt; skips nav elements" time="0.0106764">
        </testcase>
        <testcase classname="src/utils/tts.test.js" name="tts utils &gt; extractMainText &gt; skips button elements" time="0.0080621">
        </testcase>
        <testcase classname="src/utils/tts.test.js" name="tts utils &gt; extractMainText &gt; skips aria-hidden elements" time="0.0104165">
        </testcase>
    </testsuite>
    <testsuite name="src/pages/employee/EmployeeInvitationDetail.test.jsx" timestamp="2026-05-05T23:06:53.424Z" hostname="Haroun" tests="2" failures="0" errors="0" skipped="0" time="0.2193888">
        <testcase classname="src/pages/employee/EmployeeInvitationDetail.test.jsx" name="EmployeeInvitationDetail &gt; renders employee invitation detail page" time="0.197355">
        </testcase>
        <testcase classname="src/pages/employee/EmployeeInvitationDetail.test.jsx" name="EmployeeInvitationDetail &gt; renders without errors" time="0.0192401">
        </testcase>
    </testsuite>
    <testsuite name="src/pages/employee/EmployeeInvitations.test.jsx" timestamp="2026-05-05T23:06:53.424Z" hostname="Haroun" tests="2" failures="0" errors="0" skipped="0" time="0.0840818">
        <testcase classname="src/pages/employee/EmployeeInvitations.test.jsx" name="EmployeeInvitations &gt; renders employee invitations page" time="0.0681511">
        </testcase>
        <testcase classname="src/pages/employee/EmployeeInvitations.test.jsx" name="EmployeeInvitations &gt; renders without errors" time="0.0117542">
        </testcase>
    </testsuite>
    <testsuite name="src/pages/employee/EmployeeSkills.test.jsx" timestamp="2026-05-05T23:06:53.425Z" hostname="Haroun" tests="2" failures="0" errors="0" skipped="0" time="0.280665">
        <testcase classname="src/pages/employee/EmployeeSkills.test.jsx" name="EmployeeSkills &gt; renders employee skills page" time="0.2588121">
        </testcase>
        <testcase classname="src/pages/employee/EmployeeSkills.test.jsx" name="EmployeeSkills &gt; renders without errors" time="0.0190709">
        </testcase>
    </testsuite>
    <testsuite name="src/pages/employee/MyParticipationStatus.test.jsx" timestamp="2026-05-05T23:06:53.425Z" hostname="Haroun" tests="2" failures="0" errors="0" skipped="0" time="0.3163991">
        <testcase classname="src/pages/employee/MyParticipationStatus.test.jsx" name="MyParticipationStatus &gt; renders my participation status page" time="0.2987975">
        </testcase>
        <testcase classname="src/pages/employee/MyParticipationStatus.test.jsx" name="MyParticipationStatus &gt; renders without errors" time="0.0147722">
        </testcase>
    </testsuite>
    <testsuite name="src/pages/hr/HRActivities.test.jsx" timestamp="2026-05-05T23:06:53.426Z" hostname="Haroun" tests="2" failures="0" errors="0" skipped="0" time="0.3246744">
        <testcase classname="src/pages/hr/HRActivities.test.jsx" name="HRActivities &gt; renders HR activities page" time="0.2817051">
        </testcase>
        <testcase classname="src/pages/hr/HRActivities.test.jsx" name="HRActivities &gt; renders without errors" time="0.0402404">
        </testcase>
    </testsuite>
    <testsuite name="src/pages/hr/HRActivityWorkflow.test.jsx" timestamp="2026-05-05T23:06:53.427Z" hostname="Haroun" tests="2" failures="0" errors="0" skipped="0" time="0.3207298">
        <testcase classname="src/pages/hr/HRActivityWorkflow.test.jsx" name="HRActivityWorkflow &gt; renders HR activity workflow page" time="0.2678986">
        </testcase>
        <testcase classname="src/pages/hr/HRActivityWorkflow.test.jsx" name="HRActivityWorkflow &gt; renders without errors" time="0.0478216">
        </testcase>
    </testsuite>
    <testsuite name="src/pages/hr/HRChat.test.jsx" timestamp="2026-05-05T23:06:53.428Z" hostname="Haroun" tests="1" failures="1" errors="0" skipped="0" time="0">
        <testcase classname="src/pages/hr/HRChat.test.jsx" name="src/pages/hr/HRChat.test.jsx" time="0">
            <failure message="beforeEach is not defined" type="ReferenceError">
ReferenceError: beforeEach is not defined
 ❯ src/pages/hr/HRChat.test.jsx:13:3
            </failure>
        </testcase>
    </testsuite>
    <testsuite name="src/pages/hr/HRCreateActivity.test.jsx" timestamp="2026-05-05T23:06:53.429Z" hostname="Haroun" tests="2" failures="0" errors="0" skipped="0" time="0.5928483">
        <testcase classname="src/pages/hr/HRCreateActivity.test.jsx" name="HRCreateActivity &gt; renders HR create activity page" time="0.5007222">
        </testcase>
        <testcase classname="src/pages/hr/HRCreateActivity.test.jsx" name="HRCreateActivity &gt; renders without errors" time="0.0894196">
        </testcase>
    </testsuite>
    <testsuite name="src/pages/hr/HRDepartments.test.jsx" timestamp="2026-05-05T23:06:53.429Z" hostname="Haroun" tests="2" failures="0" errors="0" skipped="0" time="0.2200156">
        <testcase classname="src/pages/hr/HRDepartments.test.jsx" name="HRDepartments &gt; renders HR departments page" time="0.2015718">
        </testcase>
        <testcase classname="src/pages/hr/HRDepartments.test.jsx" name="HRDepartments &gt; renders without errors" time="0.0149357">
        </testcase>
    </testsuite>
    <testsuite name="src/pages/hr/HREmployeeDetail.test.jsx" timestamp="2026-05-05T23:06:53.430Z" hostname="Haroun" tests="2" failures="0" errors="0" skipped="0" time="0.2161799">
        <testcase classname="src/pages/hr/HREmployeeDetail.test.jsx" name="HREmployeeDetail &gt; renders HR employee detail page" time="0.1892144">
        </testcase>
        <testcase classname="src/pages/hr/HREmployeeDetail.test.jsx" name="HREmployeeDetail &gt; renders without errors" time="0.0235058">
        </testcase>
    </testsuite>
    <testsuite name="src/pages/hr/HREmployees.test.jsx" timestamp="2026-05-05T23:06:53.431Z" hostname="Haroun" tests="2" failures="0" errors="0" skipped="0" time="0.2298173">
        <testcase classname="src/pages/hr/HREmployees.test.jsx" name="HREmployees &gt; renders HR employees page" time="0.2096026">
        </testcase>
        <testcase classname="src/pages/hr/HREmployees.test.jsx" name="HREmployees &gt; renders without errors" time="0.0169032">
        </testcase>
    </testsuite>
    <testsuite name="src/pages/hr/HRSkillsDashboard.test.jsx" timestamp="2026-05-05T23:06:53.431Z" hostname="Haroun" tests="2" failures="0" errors="0" skipped="0" time="0.3150281">
        <testcase classname="src/pages/hr/HRSkillsDashboard.test.jsx" name="HRSkillsDashboard &gt; renders HR skills dashboard page" time="0.2937627">
        </testcase>
        <testcase classname="src/pages/hr/HRSkillsDashboard.test.jsx" name="HRSkillsDashboard &gt; renders without errors" time="0.0176755">
        </testcase>
    </testsuite>
    <testsuite name="src/pages/manager/ManagerInbox.test.jsx" timestamp="2026-05-05T23:06:53.432Z" hostname="Haroun" tests="2" failures="0" errors="0" skipped="0" time="0.2584074">
        <testcase classname="src/pages/manager/ManagerInbox.test.jsx" name="ManagerInbox &gt; renders manager inbox page" time="0.2389755">
        </testcase>
        <testcase classname="src/pages/manager/ManagerInbox.test.jsx" name="ManagerInbox &gt; renders without errors" time="0.0167708">
        </testcase>
    </testsuite>
    <testsuite name="src/pages/manager/ManagerReviewActivity.test.jsx" timestamp="2026-05-05T23:06:53.432Z" hostname="Haroun" tests="2" failures="0" errors="0" skipped="0" time="0.3048977">
        <testcase classname="src/pages/manager/ManagerReviewActivity.test.jsx" name="ManagerReviewActivity &gt; renders manager review activity page" time="0.2660559">
        </testcase>
        <testcase classname="src/pages/manager/ManagerReviewActivity.test.jsx" name="ManagerReviewActivity &gt; renders without errors" time="0.0363559">
        </testcase>
    </testsuite>
    <testsuite name="src/pages/manager/ManagerSkillApproval.test.jsx" timestamp="2026-05-05T23:06:53.433Z" hostname="Haroun" tests="2" failures="0" errors="0" skipped="0" time="0.3569191">
        <testcase classname="src/pages/manager/ManagerSkillApproval.test.jsx" name="ManagerSkillApproval &gt; renders manager skill approval page" time="0.3224558">
        </testcase>
        <testcase classname="src/pages/manager/ManagerSkillApproval.test.jsx" name="ManagerSkillApproval &gt; renders without errors" time="0.0318285">
        </testcase>
    </testsuite>
    <testsuite name="src/pages/superadmin/AdminLogs.test.jsx" timestamp="2026-05-05T23:06:53.433Z" hostname="Haroun" tests="2" failures="0" errors="0" skipped="0" time="0.4272139">
        <testcase classname="src/pages/superadmin/AdminLogs.test.jsx" name="AdminLogs &gt; renders admin logs page" time="0.343718">
        </testcase>
        <testcase classname="src/pages/superadmin/AdminLogs.test.jsx" name="AdminLogs &gt; renders without errors" time="0.0802893">
        </testcase>
    </testsuite>
    <testsuite name="src/pages/superadmin/CreateUser.test.jsx" timestamp="2026-05-05T23:06:53.434Z" hostname="Haroun" tests="2" failures="0" errors="0" skipped="0" time="0.5263877">
        <testcase classname="src/pages/superadmin/CreateUser.test.jsx" name="CreateUser &gt; renders create user page" time="0.4174552">
        </testcase>
        <testcase classname="src/pages/superadmin/CreateUser.test.jsx" name="CreateUser &gt; renders without errors" time="0.1060999">
        </testcase>
    </testsuite>
    <testsuite name="src/pages/superadmin/EditUser.test.jsx" timestamp="2026-05-05T23:06:53.435Z" hostname="Haroun" tests="2" failures="0" errors="0" skipped="0" time="0.2181357">
        <testcase classname="src/pages/superadmin/EditUser.test.jsx" name="EditUser &gt; renders edit user page" time="0.1972233">
        </testcase>
        <testcase classname="src/pages/superadmin/EditUser.test.jsx" name="EditUser &gt; renders without errors" time="0.017773">
        </testcase>
    </testsuite>
    <testsuite name="src/pages/superadmin/UsersList.test.jsx" timestamp="2026-05-05T23:06:53.435Z" hostname="Haroun" tests="2" failures="0" errors="0" skipped="0" time="0.3747299">
        <testcase classname="src/pages/superadmin/UsersList.test.jsx" name="UsersList &gt; renders users list page" time="0.2992848">
        </testcase>
        <testcase classname="src/pages/superadmin/UsersList.test.jsx" name="UsersList &gt; renders without errors" time="0.0569408">
        </testcase>
    </testsuite>
</testsuites>
