<?xml version="1.0" encoding="UTF-8" ?>
<testsuites name="vitest tests" tests="389" failures="0" errors="0" time="11.9525144">
    <testsuite name="src/App.test.jsx" timestamp="2026-05-06T03:35:42.526Z" hostname="DESKTOP-9K0CQ1B" tests="3" failures="0" errors="0" skipped="0" time="0.3259271">
        <testcase classname="src/App.test.jsx" name="App &gt; renders login screen when visiting /login" time="0.2731314">
        </testcase>
        <testcase classname="src/App.test.jsx" name="App &gt; renders not-authorized page" time="0.0302257">
        </testcase>
        <testcase classname="src/App.test.jsx" name="App &gt; renders forgot-password page" time="0.019727">
        </testcase>
    </testsuite>
    <testsuite name="src/api/activities.test.js" timestamp="2026-05-06T03:35:42.527Z" hostname="DESKTOP-9K0CQ1B" tests="8" failures="0" errors="0" skipped="0" time="0.0129999">
        <testcase classname="src/api/activities.test.js" name="activitiesApi &gt; listMy gets /activities" time="0.0045861">
        </testcase>
        <testcase classname="src/api/activities.test.js" name="activitiesApi &gt; create posts to /activities" time="0.0015515">
        </testcase>
        <testcase classname="src/api/activities.test.js" name="activitiesApi &gt; getById gets /activities/:id" time="0.0006864">
        </testcase>
        <testcase classname="src/api/activities.test.js" name="activitiesApi &gt; update puts to /activities/:id" time="0.0007276">
        </testcase>
        <testcase classname="src/api/activities.test.js" name="activitiesApi &gt; runAI posts to /activities/:id/recommend" time="0.0004421">
        </testcase>
        <testcase classname="src/api/activities.test.js" name="activitiesApi &gt; forwardToManager posts to /activities/:id/forward" time="0.0005018">
        </testcase>
        <testcase classname="src/api/activities.test.js" name="activitiesApi &gt; managerConfirm posts to /activities/:id/manager-confirm" time="0.0008725">
        </testcase>
        <testcase classname="src/api/activities.test.js" name="activitiesApi &gt; notifyEmployees posts to /activities/:id/notify" time="0.0005459">
        </testcase>
    </testsuite>
    <testsuite name="src/api/auth.test.js" timestamp="2026-05-06T03:35:42.529Z" hostname="DESKTOP-9K0CQ1B" tests="4" failures="0" errors="0" skipped="0" time="0.0123046">
        <testcase classname="src/api/auth.test.js" name="authApi &gt; login posts to /auth/login" time="0.006365">
        </testcase>
        <testcase classname="src/api/auth.test.js" name="authApi &gt; googleLogin posts to /auth/google" time="0.0013295">
        </testcase>
        <testcase classname="src/api/auth.test.js" name="authApi &gt; me gets /auth/me" time="0.0012228">
        </testcase>
        <testcase classname="src/api/auth.test.js" name="authApi &gt; logout posts to /auth/logout" time="0.0006813">
        </testcase>
    </testsuite>
    <testsuite name="src/api/employees.test.js" timestamp="2026-05-06T03:35:42.530Z" hostname="DESKTOP-9K0CQ1B" tests="4" failures="0" errors="0" skipped="0" time="0.0116104">
        <testcase classname="src/api/employees.test.js" name="employees api &gt; fetchEmployees &gt; returns paginated employees" time="0.0049348">
        </testcase>
        <testcase classname="src/api/employees.test.js" name="employees api &gt; fetchEmployees &gt; handles flat array response" time="0.0007582">
        </testcase>
        <testcase classname="src/api/employees.test.js" name="employees api &gt; fetchEmployees &gt; handles non-array response" time="0.001402">
        </testcase>
        <testcase classname="src/api/employees.test.js" name="employees api &gt; fetchEmployeeById &gt; fetches employee by id" time="0.001537">
        </testcase>
    </testsuite>
    <testsuite name="src/api/http.test.js" timestamp="2026-05-06T03:35:42.531Z" hostname="DESKTOP-9K0CQ1B" tests="3" failures="0" errors="0" skipped="0" time="0.0131479">
        <testcase classname="src/api/http.test.js" name="http &gt; axios.create is a function" time="0.0031962">
        </testcase>
        <testcase classname="src/api/http.test.js" name="http &gt; create returns an instance with interceptors" time="0.0023354">
        </testcase>
        <testcase classname="src/api/http.test.js" name="http &gt; http module exports a defined instance" time="0.0049021">
        </testcase>
    </testsuite>
    <testsuite name="src/api/misc.test.js" timestamp="2026-05-06T03:35:42.531Z" hostname="DESKTOP-9K0CQ1B" tests="11" failures="0" errors="0" skipped="0" time="0.0157819">
        <testcase classname="src/api/misc.test.js" name="invitationsApi &gt; myInvitations gets /me/invitations" time="0.0047301">
        </testcase>
        <testcase classname="src/api/misc.test.js" name="invitationsApi &gt; invitationById gets /me/invitations/:id" time="0.0010426">
        </testcase>
        <testcase classname="src/api/misc.test.js" name="invitationsApi &gt; accept posts to /me/invitations/:id/accept" time="0.0005607">
        </testcase>
        <testcase classname="src/api/misc.test.js" name="invitationsApi &gt; decline posts to /me/invitations/:id/decline" time="0.0013754">
        </testcase>
        <testcase classname="src/api/misc.test.js" name="invitationsApi &gt; myParticipations gets /me/participations" time="0.0004806">
        </testcase>
        <testcase classname="src/api/misc.test.js" name="rolesApi &gt; list gets /roles" time="0.0006655">
        </testcase>
        <testcase classname="src/api/misc.test.js" name="rolesApi &gt; updateRole puts to /roles/:id" time="0.0008118">
        </testcase>
        <testcase classname="src/api/misc.test.js" name="teamsApi &gt; list gets /teams" time="0.0005698">
        </testcase>
        <testcase classname="src/api/misc.test.js" name="teamsApi &gt; create posts to /teams" time="0.0010782">
        </testcase>
        <testcase classname="src/api/misc.test.js" name="teamsApi &gt; update puts to /teams/:id" time="0.0007098">
        </testcase>
        <testcase classname="src/api/misc.test.js" name="teamsApi &gt; remove deletes /teams/:id" time="0.0004019">
        </testcase>
    </testsuite>
    <testsuite name="src/api/mock.test.js" timestamp="2026-05-06T03:35:42.534Z" hostname="DESKTOP-9K0CQ1B" tests="6" failures="0" errors="0" skipped="0" time="0.0116824">
        <testcase classname="src/api/mock.test.js" name="mock &gt; safeCall &gt; calls api function when not in mock mode" time="0.0056169">
        </testcase>
        <testcase classname="src/api/mock.test.js" name="mock &gt; safeCall &gt; returns api result when not in mock mode" time="0.0007895">
        </testcase>
        <testcase classname="src/api/mock.test.js" name="mock &gt; mocks &gt; provides mock activities" time="0.0007872">
        </testcase>
        <testcase classname="src/api/mock.test.js" name="mock &gt; mocks &gt; provides mock recommendations" time="0.0003408">
        </testcase>
        <testcase classname="src/api/mock.test.js" name="mock &gt; mocks &gt; provides mock invitations" time="0.0003939">
        </testcase>
        <testcase classname="src/api/mock.test.js" name="mock &gt; mocks &gt; provides mock participations" time="0.0003611">
        </testcase>
    </testsuite>
    <testsuite name="src/api/roles.test.js" timestamp="2026-05-06T03:35:42.535Z" hostname="DESKTOP-9K0CQ1B" tests="2" failures="0" errors="0" skipped="0" time="0.0048451">
        <testcase classname="src/api/roles.test.js" name="rolesApi &gt; lists roles" time="0.0024637">
        </testcase>
        <testcase classname="src/api/roles.test.js" name="rolesApi &gt; updates role" time="0.000803">
        </testcase>
    </testsuite>
    <testsuite name="src/api/teams.test.js" timestamp="2026-05-06T03:35:42.536Z" hostname="DESKTOP-9K0CQ1B" tests="4" failures="0" errors="0" skipped="0" time="0.0075868">
        <testcase classname="src/api/teams.test.js" name="teamsApi &gt; lists teams" time="0.0033044">
        </testcase>
        <testcase classname="src/api/teams.test.js" name="teamsApi &gt; creates team" time="0.0009306">
        </testcase>
        <testcase classname="src/api/teams.test.js" name="teamsApi &gt; updates team" time="0.000733">
        </testcase>
        <testcase classname="src/api/teams.test.js" name="teamsApi &gt; removes team" time="0.0004828">
        </testcase>
    </testsuite>
    <testsuite name="src/api/users.test.js" timestamp="2026-05-06T03:35:42.538Z" hostname="DESKTOP-9K0CQ1B" tests="5" failures="0" errors="0" skipped="0" time="0.0132656">
        <testcase classname="src/api/users.test.js" name="users api &gt; getUsers fetches from /admin/users" time="0.0058285">
        </testcase>
        <testcase classname="src/api/users.test.js" name="users api &gt; createUser posts to /admin/create-user" time="0.0017461">
        </testcase>
        <testcase classname="src/api/users.test.js" name="users api &gt; updateUser patches /admin/update-user/:id" time="0.001072">
        </testcase>
        <testcase classname="src/api/users.test.js" name="users api &gt; deleteUser deletes /admin/delete-user/:id" time="0.0006506">
        </testcase>
        <testcase classname="src/api/users.test.js" name="users api &gt; getUserById fetches /admin/user/:id" time="0.0005661">
        </testcase>
    </testsuite>
    <testsuite name="src/accessibility/AccessibilityProvider.test.jsx" timestamp="2026-05-06T03:35:42.539Z" hostname="DESKTOP-9K0CQ1B" tests="5" failures="0" errors="0" skipped="0" time="0.1335777">
        <testcase classname="src/accessibility/AccessibilityProvider.test.jsx" name="AccessibilityProvider &gt; provides default values" time="0.0667029">
        </testcase>
        <testcase classname="src/accessibility/AccessibilityProvider.test.jsx" name="AccessibilityProvider &gt; updates theme and persists to localStorage" time="0.0317274">
        </testcase>
        <testcase classname="src/accessibility/AccessibilityProvider.test.jsx" name="AccessibilityProvider &gt; updates font size and persists to localStorage" time="0.012184">
        </testcase>
        <testcase classname="src/accessibility/AccessibilityProvider.test.jsx" name="AccessibilityProvider &gt; loads values from localStorage on mount" time="0.0061175">
        </testcase>
        <testcase classname="src/accessibility/AccessibilityProvider.test.jsx" name="AccessibilityProvider &gt; throws error when used outside provider" time="0.0135297">
        </testcase>
    </testsuite>
    <testsuite name="src/auth/AuthContext.test.jsx" timestamp="2026-05-06T03:35:42.540Z" hostname="DESKTOP-9K0CQ1B" tests="5" failures="0" errors="0" skipped="0" time="0.1725715">
        <testcase classname="src/auth/AuthContext.test.jsx" name="AuthContext &gt; provides null user by default" time="0.075435">
        </testcase>
        <testcase classname="src/auth/AuthContext.test.jsx" name="AuthContext &gt; provides stored user from localStorage on mount" time="0.0088362">
        </testcase>
        <testcase classname="src/auth/AuthContext.test.jsx" name="AuthContext &gt; updates user state after login" time="0.0650737">
        </testcase>
        <testcase classname="src/auth/AuthContext.test.jsx" name="AuthContext &gt; clears user state after logout" time="0.0153602">
        </testcase>
        <testcase classname="src/auth/AuthContext.test.jsx" name="AuthContext &gt; useAuth returns null outside AuthProvider" time="0.0049902">
        </testcase>
    </testsuite>
    <testsuite name="src/auth/authService.test.js" timestamp="2026-05-06T03:35:42.542Z" hostname="DESKTOP-9K0CQ1B" tests="11" failures="0" errors="0" skipped="0" time="0.0113739">
        <testcase classname="src/auth/authService.test.js" name="authService &gt; getStoredUser &gt; returns null when nothing stored" time="0.00297">
        </testcase>
        <testcase classname="src/auth/authService.test.js" name="authService &gt; getStoredUser &gt; returns null for invalid JSON" time="0.0011198">
        </testcase>
        <testcase classname="src/auth/authService.test.js" name="authService &gt; getStoredUser &gt; returns null for &apos;null&apos; string" time="0.0005057">
        </testcase>
        <testcase classname="src/auth/authService.test.js" name="authService &gt; getStoredUser &gt; returns null for &apos;undefined&apos; string" time="0.000382">
        </testcase>
        <testcase classname="src/auth/authService.test.js" name="authService &gt; getStoredUser &gt; returns parsed user with normalized role" time="0.0006302">
        </testcase>
        <testcase classname="src/auth/authService.test.js" name="authService &gt; getStoredUser &gt; falls back id from userId when id missing" time="0.0004662">
        </testcase>
        <testcase classname="src/auth/authService.test.js" name="authService &gt; getStoredToken &gt; returns null when no token stored" time="0.0003748">
        </testcase>
        <testcase classname="src/auth/authService.test.js" name="authService &gt; getStoredToken &gt; returns stored token" time="0.0002456">
        </testcase>
        <testcase classname="src/auth/authService.test.js" name="authService &gt; logout &gt; clears token and user from localStorage" time="0.0007471">
        </testcase>
        <testcase classname="src/auth/authService.test.js" name="authService &gt; constants &gt; LS_TOKEN is a non-empty string" time="0.0003834">
        </testcase>
        <testcase classname="src/auth/authService.test.js" name="authService &gt; constants &gt; LS_USER is a non-empty string" time="0.0003847">
        </testcase>
    </testsuite>
    <testsuite name="src/auth/permissions.test.js" timestamp="2026-05-06T03:35:42.545Z" hostname="DESKTOP-9K0CQ1B" tests="13" failures="0" errors="0" skipped="0" time="0.0082352">
        <testcase classname="src/auth/permissions.test.js" name="permissions &gt; ROLE constants &gt; has expected role values" time="0.0022327">
        </testcase>
        <testcase classname="src/auth/permissions.test.js" name="permissions &gt; canAccess &gt; returns false when userRole is null" time="0.0003695">
        </testcase>
        <testcase classname="src/auth/permissions.test.js" name="permissions &gt; canAccess &gt; returns false when userRole is undefined" time="0.0002911">
        </testcase>
        <testcase classname="src/auth/permissions.test.js" name="permissions &gt; canAccess &gt; returns true for MANAGER regardless of allowed list" time="0.0003915">
        </testcase>
        <testcase classname="src/auth/permissions.test.js" name="permissions &gt; canAccess &gt; returns true when role is in allowed list" time="0.0002121">
        </testcase>
        <testcase classname="src/auth/permissions.test.js" name="permissions &gt; canAccess &gt; returns false when role is not in allowed list" time="0.0002002">
        </testcase>
        <testcase classname="src/auth/permissions.test.js" name="permissions &gt; canAccess &gt; returns false for empty allowed list (non-manager)" time="0.0001344">
        </testcase>
        <testcase classname="src/auth/permissions.test.js" name="permissions &gt; isManager &gt; returns true for MANAGER role" time="0.0002821">
        </testcase>
        <testcase classname="src/auth/permissions.test.js" name="permissions &gt; isManager &gt; returns false for other roles" time="0.000427">
        </testcase>
        <testcase classname="src/auth/permissions.test.js" name="permissions &gt; isHR &gt; returns true for HR role" time="0.0002809">
        </testcase>
        <testcase classname="src/auth/permissions.test.js" name="permissions &gt; isHR &gt; returns false for other roles" time="0.0002933">
        </testcase>
        <testcase classname="src/auth/permissions.test.js" name="permissions &gt; isEmployee &gt; returns true for EMPLOYEE role" time="0.0001839">
        </testcase>
        <testcase classname="src/auth/permissions.test.js" name="permissions &gt; isEmployee &gt; returns false for other roles" time="0.0001513">
        </testcase>
    </testsuite>
    <testsuite name="src/auth/RequireAuth.test.jsx" timestamp="2026-05-06T03:35:42.547Z" hostname="DESKTOP-9K0CQ1B" tests="5" failures="0" errors="0" skipped="0" time="0.116701">
        <testcase classname="src/auth/RequireAuth.test.jsx" name="RequireAuth &gt; redirects to /login when no token" time="0.0746277">
        </testcase>
        <testcase classname="src/auth/RequireAuth.test.jsx" name="RequireAuth &gt; renders children when token exists and user is complete" time="0.0093338">
        </testcase>
        <testcase classname="src/auth/RequireAuth.test.jsx" name="RequireAuth &gt; redirects to /change-password when mustChangePassword is true" time="0.012294">
        </testcase>
        <testcase classname="src/auth/RequireAuth.test.jsx" name="RequireAuth &gt; redirects to /complete-profile when profile is incomplete" time="0.0107357">
        </testcase>
        <testcase classname="src/auth/RequireAuth.test.jsx" name="RequireAuth &gt; does not redirect SUPERADMIN even if profile incomplete" time="0.0066478">
        </testcase>
    </testsuite>
    <testsuite name="src/auth/RequireRole.test.jsx" timestamp="2026-05-06T03:35:42.548Z" hostname="DESKTOP-9K0CQ1B" tests="4" failures="0" errors="0" skipped="0" time="0.1111246">
        <testcase classname="src/auth/RequireRole.test.jsx" name="RequireRole &gt; redirects to /login when no user" time="0.0786869">
        </testcase>
        <testcase classname="src/auth/RequireRole.test.jsx" name="RequireRole &gt; renders children when role is allowed" time="0.0070152">
        </testcase>
        <testcase classname="src/auth/RequireRole.test.jsx" name="RequireRole &gt; redirects to /not-authorized when role not allowed" time="0.0126553">
        </testcase>
        <testcase classname="src/auth/RequireRole.test.jsx" name="RequireRole &gt; allows SUPERADMIN when in allowed list" time="0.009557">
        </testcase>
    </testsuite>
    <testsuite name="src/contexts/AccessibilityContext.test.jsx" timestamp="2026-05-06T03:35:42.549Z" hostname="DESKTOP-9K0CQ1B" tests="7" failures="0" errors="0" skipped="0" time="0.2320246">
        <testcase classname="src/contexts/AccessibilityContext.test.jsx" name="AccessibilityContext &gt; provides default values" time="0.1055529">
        </testcase>
        <testcase classname="src/contexts/AccessibilityContext.test.jsx" name="AccessibilityContext &gt; updates theme" time="0.0404088">
        </testcase>
        <testcase classname="src/contexts/AccessibilityContext.test.jsx" name="AccessibilityContext &gt; updates font size" time="0.0135563">
        </testcase>
        <testcase classname="src/contexts/AccessibilityContext.test.jsx" name="AccessibilityContext &gt; enables dyslexic font" time="0.0230282">
        </testcase>
        <testcase classname="src/contexts/AccessibilityContext.test.jsx" name="AccessibilityContext &gt; enables high contrast" time="0.0101548">
        </testcase>
        <testcase classname="src/contexts/AccessibilityContext.test.jsx" name="AccessibilityContext &gt; enables reduce motion" time="0.0125825">
        </testcase>
        <testcase classname="src/contexts/AccessibilityContext.test.jsx" name="AccessibilityContext &gt; throws error when used outside provider" time="0.0236488">
        </testcase>
    </testsuite>
    <testsuite name="src/contexts/NotificationsContext.test.jsx" timestamp="2026-05-06T03:35:42.551Z" hostname="DESKTOP-9K0CQ1B" tests="6" failures="0" errors="0" skipped="0" time="0.4053768">
        <testcase classname="src/contexts/NotificationsContext.test.jsx" name="NotificationsContext &gt; provides default empty notifications" time="0.0327064">
        </testcase>
        <testcase classname="src/contexts/NotificationsContext.test.jsx" name="NotificationsContext &gt; throws when useNotifications used outside provider" time="0.0111993">
        </testcase>
        <testcase classname="src/contexts/NotificationsContext.test.jsx" name="NotificationsContext &gt; markRead decrements unread count" time="0.3342524">
        </testcase>
        <testcase classname="src/contexts/NotificationsContext.test.jsx" name="NotificationsContext &gt; markAllRead sets unread to 0" time="0.0226457">
        </testcase>
        <testcase classname="src/contexts/NotificationsContext.test.jsx" name="NOTIF_META &gt; has expected notification types" time="0.0006563">
        </testcase>
        <testcase classname="src/contexts/NotificationsContext.test.jsx" name="NOTIF_META &gt; each type has icon, color, and label" time="0.0012043">
        </testcase>
    </testsuite>
    <testsuite name="src/contexts/ThemeContext.test.jsx" timestamp="2026-05-06T03:35:42.552Z" hostname="DESKTOP-9K0CQ1B" tests="8" failures="0" errors="0" skipped="0" time="0.3698476">
        <testcase classname="src/contexts/ThemeContext.test.jsx" name="ThemeContext &gt; defaults to light theme when no preference saved" time="0.0785402">
        </testcase>
        <testcase classname="src/contexts/ThemeContext.test.jsx" name="ThemeContext &gt; reads saved theme from localStorage" time="0.013319">
        </testcase>
        <testcase classname="src/contexts/ThemeContext.test.jsx" name="ThemeContext &gt; toggles theme on button click" time="0.1624707">
        </testcase>
        <testcase classname="src/contexts/ThemeContext.test.jsx" name="ThemeContext &gt; sets data-theme attribute on documentElement when dark" time="0.0399415">
        </testcase>
        <testcase classname="src/contexts/ThemeContext.test.jsx" name="ThemeContext &gt; removes data-theme attribute when light" time="0.0296837">
        </testcase>
        <testcase classname="src/contexts/ThemeContext.test.jsx" name="ThemeContext &gt; persists theme to localStorage on toggle" time="0.0206195">
        </testcase>
        <testcase classname="src/contexts/ThemeContext.test.jsx" name="ThemeContext &gt; throws when useTheme used outside ThemeProvider" time="0.0162105">
        </testcase>
        <testcase classname="src/contexts/ThemeContext.test.jsx" name="ThemeContext &gt; respects OS dark mode preference" time="0.0041634">
        </testcase>
    </testsuite>
    <testsuite name="src/contexts/TranslationContext.test.jsx" timestamp="2026-05-06T03:35:42.553Z" hostname="DESKTOP-9K0CQ1B" tests="5" failures="0" errors="0" skipped="0" time="0.1736119">
        <testcase classname="src/contexts/TranslationContext.test.jsx" name="TranslationContext &gt; defaults to French" time="0.034663">
        </testcase>
        <testcase classname="src/contexts/TranslationContext.test.jsx" name="TranslationContext &gt; reads saved language from localStorage" time="0.0053011">
        </testcase>
        <testcase classname="src/contexts/TranslationContext.test.jsx" name="TranslationContext &gt; changes language on button click" time="0.0951575">
        </testcase>
        <testcase classname="src/contexts/TranslationContext.test.jsx" name="TranslationContext &gt; does not change language when same language selected" time="0.0233555">
        </testcase>
        <testcase classname="src/contexts/TranslationContext.test.jsx" name="TranslationContext &gt; throws when useTranslation used outside provider" time="0.0129922">
        </testcase>
    </testsuite>
    <testsuite name="src/hooks/useKeyboardNavigation.test.js" timestamp="2026-05-06T03:35:42.554Z" hostname="DESKTOP-9K0CQ1B" tests="7" failures="0" errors="0" skipped="0" time="0.142652">
        <testcase classname="src/hooks/useKeyboardNavigation.test.js" name="useKeyboardNavigation &gt; attaches keyboard event listeners" time="0.0469831">
        </testcase>
        <testcase classname="src/hooks/useKeyboardNavigation.test.js" name="useKeyboardNavigation &gt; removes event listeners on unmount" time="0.01022">
        </testcase>
        <testcase classname="src/hooks/useKeyboardNavigation.test.js" name="useKeyboardNavigation &gt; adds keyboard-nav class on Tab key" time="0.0134058">
        </testcase>
        <testcase classname="src/hooks/useKeyboardNavigation.test.js" name="useKeyboardNavigation &gt; removes keyboard-nav class on mousedown" time="0.0094268">
        </testcase>
        <testcase classname="src/hooks/useKeyboardNavigation.test.js" name="useKeyboardNavigation &gt; makes table rows navigable" time="0.0313776">
        </testcase>
        <testcase classname="src/hooks/useKeyboardNavigation.test.js" name="useKeyboardNavigation &gt; handles Alt+m shortcut to focus main content" time="0.0172257">
        </testcase>
        <testcase classname="src/hooks/useKeyboardNavigation.test.js" name="useKeyboardNavigation &gt; observes DOM mutations for new tables" time="0.0113553">
        </testcase>
    </testsuite>
    <testsuite name="src/components/AccessibilityMenu.test.jsx" timestamp="2026-05-06T03:35:42.555Z" hostname="DESKTOP-9K0CQ1B" tests="2" failures="0" errors="0" skipped="0" time="0.0755501">
        <testcase classname="src/components/AccessibilityMenu.test.jsx" name="AccessibilityMenu &gt; renders accessibility menu" time="0.0594156">
        </testcase>
        <testcase classname="src/components/AccessibilityMenu.test.jsx" name="AccessibilityMenu &gt; renders without errors" time="0.0136925">
        </testcase>
    </testsuite>
    <testsuite name="src/components/AccessibilityWidget.test.jsx" timestamp="2026-05-06T03:35:42.555Z" hostname="DESKTOP-9K0CQ1B" tests="2" failures="0" errors="0" skipped="0" time="0.0935165">
        <testcase classname="src/components/AccessibilityWidget.test.jsx" name="AccessibilityWidget &gt; renders accessibility widget" time="0.0729174">
        </testcase>
        <testcase classname="src/components/AccessibilityWidget.test.jsx" name="AccessibilityWidget &gt; renders without errors" time="0.016941">
        </testcase>
    </testsuite>
    <testsuite name="src/components/FaceLogin.test.jsx" timestamp="2026-05-06T03:35:42.556Z" hostname="DESKTOP-9K0CQ1B" tests="2" failures="0" errors="0" skipped="0" time="0.1156742">
        <testcase classname="src/components/FaceLogin.test.jsx" name="FaceLogin &gt; renders face login component" time="0.0978515">
        </testcase>
        <testcase classname="src/components/FaceLogin.test.jsx" name="FaceLogin &gt; renders without errors" time="0.0145698">
        </testcase>
    </testsuite>
    <testsuite name="src/components/FaceRegister.test.jsx" timestamp="2026-05-06T03:35:42.556Z" hostname="DESKTOP-9K0CQ1B" tests="2" failures="0" errors="0" skipped="0" time="0.0951779">
        <testcase classname="src/components/FaceRegister.test.jsx" name="FaceRegister &gt; renders face register component" time="0.0792462">
        </testcase>
        <testcase classname="src/components/FaceRegister.test.jsx" name="FaceRegister &gt; renders without errors" time="0.0131464">
        </testcase>
    </testsuite>
    <testsuite name="src/components/FingerScrollController.test.jsx" timestamp="2026-05-06T03:35:42.557Z" hostname="DESKTOP-9K0CQ1B" tests="2" failures="0" errors="0" skipped="0" time="0.0387897">
        <testcase classname="src/components/FingerScrollController.test.jsx" name="FingerScrollController &gt; renders without crashing" time="0.0307864">
        </testcase>
        <testcase classname="src/components/FingerScrollController.test.jsx" name="FingerScrollController &gt; renders without errors" time="0.005226">
        </testcase>
    </testsuite>
    <testsuite name="src/components/KeyboardNavController.test.jsx" timestamp="2026-05-06T03:35:42.557Z" hostname="DESKTOP-9K0CQ1B" tests="2" failures="0" errors="0" skipped="0" time="0.0359945">
        <testcase classname="src/components/KeyboardNavController.test.jsx" name="KeyboardNavController &gt; renders without crashing" time="0.0288603">
        </testcase>
        <testcase classname="src/components/KeyboardNavController.test.jsx" name="KeyboardNavController &gt; calls useKeyboardNavigation hook" time="0.0043933">
        </testcase>
    </testsuite>
    <testsuite name="src/components/MicButton.test.jsx" timestamp="2026-05-06T03:35:42.558Z" hostname="DESKTOP-9K0CQ1B" tests="3" failures="0" errors="0" skipped="0" time="0.3007373">
        <testcase classname="src/components/MicButton.test.jsx" name="MicButton &gt; renders mic button" time="0.2384814">
        </testcase>
        <testcase classname="src/components/MicButton.test.jsx" name="MicButton &gt; calls onResult when provided" time="0.0290121">
        </testcase>
        <testcase classname="src/components/MicButton.test.jsx" name="MicButton &gt; renders with custom style" time="0.0310054">
        </testcase>
    </testsuite>
    <testsuite name="src/components/RoleRoute.test.jsx" timestamp="2026-05-06T03:35:42.559Z" hostname="DESKTOP-9K0CQ1B" tests="4" failures="0" errors="0" skipped="0" time="0.0941029">
        <testcase classname="src/components/RoleRoute.test.jsx" name="RoleRoute &gt; redirects to login when user is not authenticated" time="0.0617577">
        </testcase>
        <testcase classname="src/components/RoleRoute.test.jsx" name="RoleRoute &gt; redirects to login when user role is not allowed" time="0.0092569">
        </testcase>
        <testcase classname="src/components/RoleRoute.test.jsx" name="RoleRoute &gt; renders children when user role is allowed" time="0.0136664">
        </testcase>
        <testcase classname="src/components/RoleRoute.test.jsx" name="RoleRoute &gt; allows multiple roles" time="0.0067251">
        </testcase>
    </testsuite>
    <testsuite name="src/components/RoleSwitcher.test.jsx" timestamp="2026-05-06T03:35:42.559Z" hostname="DESKTOP-9K0CQ1B" tests="5" failures="0" errors="0" skipped="0" time="0.3335132">
        <testcase classname="src/components/RoleSwitcher.test.jsx" name="RoleSwitcher &gt; renders role selector" time="0.1327099">
        </testcase>
        <testcase classname="src/components/RoleSwitcher.test.jsx" name="RoleSwitcher &gt; displays current user role" time="0.0504447">
        </testcase>
        <testcase classname="src/components/RoleSwitcher.test.jsx" name="RoleSwitcher &gt; defaults to EMPLOYEE when no user role" time="0.0590377">
        </testcase>
        <testcase classname="src/components/RoleSwitcher.test.jsx" name="RoleSwitcher &gt; calls setDevRole when role is changed" time="0.0305084">
        </testcase>
        <testcase classname="src/components/RoleSwitcher.test.jsx" name="RoleSwitcher &gt; renders all role options" time="0.0582959">
        </testcase>
    </testsuite>
    <testsuite name="src/components/Sidebar.test.jsx" timestamp="2026-05-06T03:35:42.560Z" hostname="DESKTOP-9K0CQ1B" tests="2" failures="0" errors="0" skipped="0" time="0.1020458">
        <testcase classname="src/components/Sidebar.test.jsx" name="Sidebar &gt; renders sidebar" time="0.0834956">
        </testcase>
        <testcase classname="src/components/Sidebar.test.jsx" name="Sidebar &gt; renders for different user roles" time="0.0160112">
        </testcase>
    </testsuite>
    <testsuite name="src/components/StatCard.test.jsx" timestamp="2026-05-06T03:35:42.561Z" hostname="DESKTOP-9K0CQ1B" tests="5" failures="0" errors="0" skipped="0" time="0.0940397">
        <testcase classname="src/components/StatCard.test.jsx" name="StatCard &gt; renders title" time="0.0542318">
        </testcase>
        <testcase classname="src/components/StatCard.test.jsx" name="StatCard &gt; renders numeric value" time="0.0130893">
        </testcase>
        <testcase classname="src/components/StatCard.test.jsx" name="StatCard &gt; renders pill text" time="0.0079222">
        </testcase>
        <testcase classname="src/components/StatCard.test.jsx" name="StatCard &gt; renders with zero value" time="0.0066493">
        </testcase>
        <testcase classname="src/components/StatCard.test.jsx" name="StatCard &gt; renders with string value" time="0.0087403">
        </testcase>
    </testsuite>
    <testsuite name="src/components/Topbar.test.jsx" timestamp="2026-05-06T03:35:42.561Z" hostname="DESKTOP-9K0CQ1B" tests="2" failures="0" errors="0" skipped="0" time="0.1323821">
        <testcase classname="src/components/Topbar.test.jsx" name="Topbar &gt; renders topbar" time="0.1022396">
        </testcase>
        <testcase classname="src/components/Topbar.test.jsx" name="Topbar &gt; renders with user information" time="0.0272684">
        </testcase>
    </testsuite>
    <testsuite name="src/layout/MainLayout.test.jsx" timestamp="2026-05-06T03:35:42.562Z" hostname="DESKTOP-9K0CQ1B" tests="4" failures="0" errors="0" skipped="0" time="0.2887697">
        <testcase classname="src/layout/MainLayout.test.jsx" name="MainLayout &gt; renders layout structure" time="0.1259692">
            <system-err>
A suspended resource finished loading inside a test, but the event was not wrapped in act(...).

When testing, code that resolves suspended data should be wrapped into act(...):

act(() =&gt; {
  /* finish loading suspended data */
});
/* assert on the output */

This ensures that you&apos;re testing the behavior the user would see in the browser. Learn more at https://react.dev/link/wrap-tests-with-act
A suspended resource finished loading inside a test, but the event was not wrapped in act(...).

When testing, code that resolves suspended data should be wrapped into act(...):

act(() =&gt; {
  /* finish loading suspended data */
});
/* assert on the output */

This ensures that you&apos;re testing the behavior the user would see in the browser. Learn more at https://react.dev/link/wrap-tests-with-act

            </system-err>
        </testcase>
        <testcase classname="src/layout/MainLayout.test.jsx" name="MainLayout &gt; renders skip link for accessibility" time="0.023852">
        </testcase>
        <testcase classname="src/layout/MainLayout.test.jsx" name="MainLayout &gt; renders main content area" time="0.1166231">
        </testcase>
        <testcase classname="src/layout/MainLayout.test.jsx" name="MainLayout &gt; has correct tabIndex on main element" time="0.0188507">
        </testcase>
    </testsuite>
    <testsuite name="src/services/activitiesApi.test.js" timestamp="2026-05-06T03:35:42.563Z" hostname="DESKTOP-9K0CQ1B" tests="33" failures="0" errors="0" skipped="0" time="0.0370422">
        <testcase classname="src/services/activitiesApi.test.js" name="activitiesApi &gt; exports ACTIVITY_STATUS constants" time="0.0044233">
        </testcase>
        <testcase classname="src/services/activitiesApi.test.js" name="activitiesApi &gt; getManagers &gt; returns managers" time="0.0031997">
        </testcase>
        <testcase classname="src/services/activitiesApi.test.js" name="activitiesApi &gt; getManagers &gt; returns empty array for non-array" time="0.0017567">
        </testcase>
        <testcase classname="src/services/activitiesApi.test.js" name="activitiesApi &gt; getEmployees &gt; returns employees" time="0.0008033">
        </testcase>
        <testcase classname="src/services/activitiesApi.test.js" name="activitiesApi &gt; getUserById &gt; fetches user by id" time="0.0008339">
        </testcase>
        <testcase classname="src/services/activitiesApi.test.js" name="activitiesApi &gt; getUserById &gt; throws when id is missing" time="0.0028646">
        </testcase>
        <testcase classname="src/services/activitiesApi.test.js" name="activitiesApi &gt; fetchActivities &gt; returns activities" time="0.0009177">
        </testcase>
        <testcase classname="src/services/activitiesApi.test.js" name="activitiesApi &gt; fetchActivities &gt; returns empty array for non-array" time="0.0003827">
        </testcase>
        <testcase classname="src/services/activitiesApi.test.js" name="activitiesApi &gt; fetchActivityById &gt; fetches activity by id" time="0.0009163">
        </testcase>
        <testcase classname="src/services/activitiesApi.test.js" name="activitiesApi &gt; fetchActivityById &gt; throws when id is missing" time="0.0006035">
        </testcase>
        <testcase classname="src/services/activitiesApi.test.js" name="activitiesApi &gt; hrCreateActivity &gt; creates activity" time="0.0004287">
        </testcase>
        <testcase classname="src/services/activitiesApi.test.js" name="activitiesApi &gt; hrRunAI &gt; runs AI" time="0.0006792">
        </testcase>
        <testcase classname="src/services/activitiesApi.test.js" name="activitiesApi &gt; hrRunAI &gt; throws when activityId missing" time="0.0004704">
        </testcase>
        <testcase classname="src/services/activitiesApi.test.js" name="activitiesApi &gt; getRecommendation &gt; gets recommendation" time="0.000487">
        </testcase>
        <testcase classname="src/services/activitiesApi.test.js" name="activitiesApi &gt; getRecommendation &gt; throws when activityId missing" time="0.0007543">
        </testcase>
        <testcase classname="src/services/activitiesApi.test.js" name="activitiesApi &gt; hrUpdateRecommendationList &gt; updates list" time="0.0004563">
        </testcase>
        <testcase classname="src/services/activitiesApi.test.js" name="activitiesApi &gt; hrUpdateRecommendationList &gt; throws when activityId missing" time="0.0005348">
        </testcase>
        <testcase classname="src/services/activitiesApi.test.js" name="activitiesApi &gt; hrValidateAndForward &gt; validates and forwards" time="0.0006448">
        </testcase>
        <testcase classname="src/services/activitiesApi.test.js" name="activitiesApi &gt; hrValidateAndForward &gt; throws when activityId missing" time="0.000562">
        </testcase>
        <testcase classname="src/services/activitiesApi.test.js" name="activitiesApi &gt; managerConfirmParticipants &gt; confirms participants" time="0.0025758">
        </testcase>
        <testcase classname="src/services/activitiesApi.test.js" name="activitiesApi &gt; managerConfirmParticipants &gt; handles null participants" time="0.0009731">
        </testcase>
        <testcase classname="src/services/activitiesApi.test.js" name="activitiesApi &gt; managerConfirmParticipants &gt; throws when activityId missing" time="0.0005956">
        </testcase>
        <testcase classname="src/services/activitiesApi.test.js" name="activitiesApi &gt; managerNotifyEmployees &gt; notifies employees" time="0.0007484">
        </testcase>
        <testcase classname="src/services/activitiesApi.test.js" name="activitiesApi &gt; managerNotifyEmployees &gt; handles null employeeIds" time="0.0004608">
        </testcase>
        <testcase classname="src/services/activitiesApi.test.js" name="activitiesApi &gt; managerNotifyEmployees &gt; throws when activityId missing" time="0.0004954">
        </testcase>
        <testcase classname="src/services/activitiesApi.test.js" name="activitiesApi &gt; employeeListInvitations &gt; returns invitations" time="0.0004966">
        </testcase>
        <testcase classname="src/services/activitiesApi.test.js" name="activitiesApi &gt; employeeListInvitations &gt; returns empty array for non-array" time="0.0002988">
        </testcase>
        <testcase classname="src/services/activitiesApi.test.js" name="activitiesApi &gt; employeeGetInvitation &gt; gets invitation" time="0.0004141">
        </testcase>
        <testcase classname="src/services/activitiesApi.test.js" name="activitiesApi &gt; employeeGetInvitation &gt; throws when id missing" time="0.0009109">
        </testcase>
        <testcase classname="src/services/activitiesApi.test.js" name="activitiesApi &gt; employeeRespond &gt; responds to invitation" time="0.0005371">
        </testcase>
        <testcase classname="src/services/activitiesApi.test.js" name="activitiesApi &gt; employeeRespond &gt; throws when invitationId missing" time="0.0005487">
        </testcase>
        <testcase classname="src/services/activitiesApi.test.js" name="activitiesApi &gt; employeeParticipationStatus &gt; returns participations" time="0.0004538">
        </testcase>
        <testcase classname="src/services/activitiesApi.test.js" name="activitiesApi &gt; employeeParticipationStatus &gt; returns empty array for non-array" time="0.0002983">
        </testcase>
    </testsuite>
    <testsuite name="src/services/activityService.test.js" timestamp="2026-05-06T03:35:42.570Z" hostname="DESKTOP-9K0CQ1B" tests="6" failures="0" errors="0" skipped="0" time="0.0146885">
        <testcase classname="src/services/activityService.test.js" name="activityService &gt; fetchActivities &gt; returns activities array" time="0.0055462">
        </testcase>
        <testcase classname="src/services/activityService.test.js" name="activityService &gt; fetchActivitiesPage &gt; returns paginated data with total" time="0.0020285">
        </testcase>
        <testcase classname="src/services/activityService.test.js" name="activityService &gt; fetchActivitiesPage &gt; handles flat array response" time="0.0009287">
        </testcase>
        <testcase classname="src/services/activityService.test.js" name="activityService &gt; fetchActivitiesPage &gt; handles empty response" time="0.0006607">
        </testcase>
        <testcase classname="src/services/activityService.test.js" name="activityService &gt; createActivity &gt; posts activity and returns data" time="0.0013654">
        </testcase>
        <testcase classname="src/services/activityService.test.js" name="activityService &gt; fetchActivityById &gt; fetches activity by id" time="0.0008114">
        </testcase>
    </testsuite>
    <testsuite name="src/services/invitationsApi.test.js" timestamp="2026-05-06T03:35:42.571Z" hostname="DESKTOP-9K0CQ1B" tests="2" failures="0" errors="0" skipped="0" time="0.0121534">
        <testcase classname="src/services/invitationsApi.test.js" name="invitationsApi &gt; fetchMyInvitations &gt; returns invitations data" time="0.0058508">
        </testcase>
        <testcase classname="src/services/invitationsApi.test.js" name="invitationsApi &gt; fetchMyInvitations &gt; re-throws on error" time="0.0032034">
        </testcase>
    </testsuite>
    <testsuite name="src/services/participationService.test.js" timestamp="2026-05-06T03:35:42.571Z" hostname="DESKTOP-9K0CQ1B" tests="2" failures="0" errors="0" skipped="0" time="0.0116551">
        <testcase classname="src/services/participationService.test.js" name="participationService &gt; fetchMyParticipations &gt; returns participations data" time="0.0051565">
        </testcase>
        <testcase classname="src/services/participationService.test.js" name="participationService &gt; fetchMyParticipations &gt; re-throws on error" time="0.003713">
        </testcase>
    </testsuite>
    <testsuite name="src/services/recommendationService.test.js" timestamp="2026-05-06T03:35:42.572Z" hostname="DESKTOP-9K0CQ1B" tests="7" failures="0" errors="0" skipped="0" time="0.0320079">
        <testcase classname="src/services/recommendationService.test.js" name="recommendationService &gt; runRecommendation &gt; posts to /recommendations/:activityId and returns data" time="0.0052528">
        </testcase>
        <testcase classname="src/services/recommendationService.test.js" name="recommendationService &gt; runRecommendation &gt; re-throws error on network failure" time="0.0129435">
            <system-err>
Erreur runRecommendation: Error: Network error
    at [90mC:\Users\MSI\Desktop\PiS13\Esprit-PI-4TWIN6-2026-IntelligentRecommendationSystem\frontend\[39msrc\services\recommendationService.test.js:38:35
    at [90mfile:///C:/Users/MSI/Desktop/PiS13/Esprit-PI-4TWIN6-2026-IntelligentRecommendationSystem/frontend/[39mnode_modules/[4m@vitest[24m/runner/dist/chunk-hooks.js:155:11
    at [90mfile:///C:/Users/MSI/Desktop/PiS13/Esprit-PI-4TWIN6-2026-IntelligentRecommendationSystem/frontend/[39mnode_modules/[4m@vitest[24m/runner/dist/chunk-hooks.js:752:26
    at [90mfile:///C:/Users/MSI/Desktop/PiS13/Esprit-PI-4TWIN6-2026-IntelligentRecommendationSystem/frontend/[39mnode_modules/[4m@vitest[24m/runner/dist/chunk-hooks.js:1897:20
    at new Promise (&lt;anonymous&gt;)
    at runWithTimeout [90m(file:///C:/Users/MSI/Desktop/PiS13/Esprit-PI-4TWIN6-2026-IntelligentRecommendationSystem/frontend/[39mnode_modules/[4m@vitest[24m/runner/dist/chunk-hooks.js:1863:10[90m)[39m
    at runTest [90m(file:///C:/Users/MSI/Desktop/PiS13/Esprit-PI-4TWIN6-2026-IntelligentRecommendationSystem/frontend/[39mnode_modules/[4m@vitest[24m/runner/dist/chunk-hooks.js:1574:12[90m)[39m
[90m    at processTicksAndRejections (node:internal/process/task_queues:105:5)[39m
    at runSuite [90m(file:///C:/Users/MSI/Desktop/PiS13/Esprit-PI-4TWIN6-2026-IntelligentRecommendationSystem/frontend/[39mnode_modules/[4m@vitest[24m/runner/dist/chunk-hooks.js:1729:8[90m)[39m
    at runSuite [90m(file:///C:/Users/MSI/Desktop/PiS13/Esprit-PI-4TWIN6-2026-IntelligentRecommendationSystem/frontend/[39mnode_modules/[4m@vitest[24m/runner/dist/chunk-hooks.js:1729:8[90m)[39m

            </system-err>
        </testcase>
        <testcase classname="src/services/recommendationService.test.js" name="recommendationService &gt; getRecommendations &gt; gets /recommendations/:activityId and returns data" time="0.0012052">
        </testcase>
        <testcase classname="src/services/recommendationService.test.js" name="recommendationService &gt; getRecommendations &gt; re-throws error when request fails" time="0.0033402">
            <system-err>
Erreur getRecommendations: Error: 404 not found
    at [90mC:\Users\MSI\Desktop\PiS13\Esprit-PI-4TWIN6-2026-IntelligentRecommendationSystem\frontend\[39msrc\services\recommendationService.test.js:61:34
    at [90mfile:///C:/Users/MSI/Desktop/PiS13/Esprit-PI-4TWIN6-2026-IntelligentRecommendationSystem/frontend/[39mnode_modules/[4m@vitest[24m/runner/dist/chunk-hooks.js:155:11
    at [90mfile:///C:/Users/MSI/Desktop/PiS13/Esprit-PI-4TWIN6-2026-IntelligentRecommendationSystem/frontend/[39mnode_modules/[4m@vitest[24m/runner/dist/chunk-hooks.js:752:26
    at [90mfile:///C:/Users/MSI/Desktop/PiS13/Esprit-PI-4TWIN6-2026-IntelligentRecommendationSystem/frontend/[39mnode_modules/[4m@vitest[24m/runner/dist/chunk-hooks.js:1897:20
    at new Promise (&lt;anonymous&gt;)
    at runWithTimeout [90m(file:///C:/Users/MSI/Desktop/PiS13/Esprit-PI-4TWIN6-2026-IntelligentRecommendationSystem/frontend/[39mnode_modules/[4m@vitest[24m/runner/dist/chunk-hooks.js:1863:10[90m)[39m
    at runTest [90m(file:///C:/Users/MSI/Desktop/PiS13/Esprit-PI-4TWIN6-2026-IntelligentRecommendationSystem/frontend/[39mnode_modules/[4m@vitest[24m/runner/dist/chunk-hooks.js:1574:12[90m)[39m
[90m    at processTicksAndRejections (node:internal/process/task_queues:105:5)[39m
    at runSuite [90m(file:///C:/Users/MSI/Desktop/PiS13/Esprit-PI-4TWIN6-2026-IntelligentRecommendationSystem/frontend/[39mnode_modules/[4m@vitest[24m/runner/dist/chunk-hooks.js:1729:8[90m)[39m
    at runSuite [90m(file:///C:/Users/MSI/Desktop/PiS13/Esprit-PI-4TWIN6-2026-IntelligentRecommendationSystem/frontend/[39mnode_modules/[4m@vitest[24m/runner/dist/chunk-hooks.js:1729:8[90m)[39m

            </system-err>
        </testcase>
        <testcase classname="src/services/recommendationService.test.js" name="recommendationService &gt; updateRecommendations &gt; puts to /recommendations/:activityId with employee list" time="0.0025487">
        </testcase>
        <testcase classname="src/services/recommendationService.test.js" name="recommendationService &gt; updateRecommendations &gt; handles empty employee list" time="0.0006491">
        </testcase>
        <testcase classname="src/services/recommendationService.test.js" name="recommendationService &gt; updateRecommendations &gt; re-throws error on failure" time="0.0027352">
            <system-err>
Erreur updateRecommendations: Error: Forbidden
    at [90mC:\Users\MSI\Desktop\PiS13\Esprit-PI-4TWIN6-2026-IntelligentRecommendationSystem\frontend\[39msrc\services\recommendationService.test.js:92:34
    at [90mfile:///C:/Users/MSI/Desktop/PiS13/Esprit-PI-4TWIN6-2026-IntelligentRecommendationSystem/frontend/[39mnode_modules/[4m@vitest[24m/runner/dist/chunk-hooks.js:155:11
    at [90mfile:///C:/Users/MSI/Desktop/PiS13/Esprit-PI-4TWIN6-2026-IntelligentRecommendationSystem/frontend/[39mnode_modules/[4m@vitest[24m/runner/dist/chunk-hooks.js:752:26
    at [90mfile:///C:/Users/MSI/Desktop/PiS13/Esprit-PI-4TWIN6-2026-IntelligentRecommendationSystem/frontend/[39mnode_modules/[4m@vitest[24m/runner/dist/chunk-hooks.js:1897:20
    at new Promise (&lt;anonymous&gt;)
    at runWithTimeout [90m(file:///C:/Users/MSI/Desktop/PiS13/Esprit-PI-4TWIN6-2026-IntelligentRecommendationSystem/frontend/[39mnode_modules/[4m@vitest[24m/runner/dist/chunk-hooks.js:1863:10[90m)[39m
    at runTest [90m(file:///C:/Users/MSI/Desktop/PiS13/Esprit-PI-4TWIN6-2026-IntelligentRecommendationSystem/frontend/[39mnode_modules/[4m@vitest[24m/runner/dist/chunk-hooks.js:1574:12[90m)[39m
[90m    at processTicksAndRejections (node:internal/process/task_queues:105:5)[39m
    at runSuite [90m(file:///C:/Users/MSI/Desktop/PiS13/Esprit-PI-4TWIN6-2026-IntelligentRecommendationSystem/frontend/[39mnode_modules/[4m@vitest[24m/runner/dist/chunk-hooks.js:1729:8[90m)[39m
    at runSuite [90m(file:///C:/Users/MSI/Desktop/PiS13/Esprit-PI-4TWIN6-2026-IntelligentRecommendationSystem/frontend/[39mnode_modules/[4m@vitest[24m/runner/dist/chunk-hooks.js:1729:8[90m)[39m

            </system-err>
        </testcase>
    </testsuite>
    <testsuite name="src/services/usersService.test.js" timestamp="2026-05-06T03:35:42.573Z" hostname="DESKTOP-9K0CQ1B" tests="3" failures="0" errors="0" skipped="0" time="0.0073053">
        <testcase classname="src/services/usersService.test.js" name="usersService &gt; fetchManagers &gt; returns managers data" time="0.0039488">
        </testcase>
        <testcase classname="src/services/usersService.test.js" name="usersService &gt; fetchEmployees &gt; returns employees data" time="0.0006543">
        </testcase>
        <testcase classname="src/services/usersService.test.js" name="usersService &gt; fetchUsers &gt; returns all users" time="0.0006511">
        </testcase>
    </testsuite>
    <testsuite name="src/services/workflowService.test.js" timestamp="2026-05-06T03:35:42.574Z" hostname="DESKTOP-9K0CQ1B" tests="32" failures="0" errors="0" skipped="0" time="0.0357796">
        <testcase classname="src/services/workflowService.test.js" name="workflowService &gt; ACTIVITY_STATUS constants &gt; has expected status values" time="0.0030247">
        </testcase>
        <testcase classname="src/services/workflowService.test.js" name="workflowService &gt; getManagers &gt; returns managers array" time="0.002794">
        </testcase>
        <testcase classname="src/services/workflowService.test.js" name="workflowService &gt; getManagers &gt; returns empty array for non-array response" time="0.0033527">
        </testcase>
        <testcase classname="src/services/workflowService.test.js" name="workflowService &gt; getEmployees &gt; returns employees array" time="0.0010261">
        </testcase>
        <testcase classname="src/services/workflowService.test.js" name="workflowService &gt; getUserById &gt; fetches user by id" time="0.002401">
        </testcase>
        <testcase classname="src/services/workflowService.test.js" name="workflowService &gt; getUserById &gt; throws when id is missing" time="0.0032457">
        </testcase>
        <testcase classname="src/services/workflowService.test.js" name="workflowService &gt; fetchActivities &gt; returns activities" time="0.00074">
        </testcase>
        <testcase classname="src/services/workflowService.test.js" name="workflowService &gt; fetchActivities &gt; returns empty array for non-array" time="0.0006398">
        </testcase>
        <testcase classname="src/services/workflowService.test.js" name="workflowService &gt; fetchActivityById &gt; fetches activity by id" time="0.0007956">
        </testcase>
        <testcase classname="src/services/workflowService.test.js" name="workflowService &gt; fetchActivityById &gt; throws when id is missing" time="0.0006735">
        </testcase>
        <testcase classname="src/services/workflowService.test.js" name="workflowService &gt; hrCreateActivity &gt; creates activity" time="0.0013802">
        </testcase>
        <testcase classname="src/services/workflowService.test.js" name="workflowService &gt; hrRunAI &gt; runs AI for activity" time="0.0010074">
        </testcase>
        <testcase classname="src/services/workflowService.test.js" name="workflowService &gt; hrRunAI &gt; throws when activityId is missing" time="0.0004669">
        </testcase>
        <testcase classname="src/services/workflowService.test.js" name="workflowService &gt; hrUpdateRecommendationList &gt; updates recommendation list" time="0.0007653">
        </testcase>
        <testcase classname="src/services/workflowService.test.js" name="workflowService &gt; hrUpdateRecommendationList &gt; throws when activityId is missing" time="0.0003834">
        </testcase>
        <testcase classname="src/services/workflowService.test.js" name="workflowService &gt; hrValidateAndForward &gt; validates and forwards" time="0.0004811">
        </testcase>
        <testcase classname="src/services/workflowService.test.js" name="workflowService &gt; hrValidateAndForward &gt; throws when activityId is missing" time="0.0003595">
        </testcase>
        <testcase classname="src/services/workflowService.test.js" name="workflowService &gt; getRecommendation &gt; gets recommendation for activity" time="0.0005942">
        </testcase>
        <testcase classname="src/services/workflowService.test.js" name="workflowService &gt; getRecommendation &gt; throws when activityId is missing" time="0.0003883">
        </testcase>
        <testcase classname="src/services/workflowService.test.js" name="workflowService &gt; managerConfirmParticipants &gt; confirms participants" time="0.0006509">
        </testcase>
        <testcase classname="src/services/workflowService.test.js" name="workflowService &gt; managerConfirmParticipants &gt; handles empty participants" time="0.0003131">
        </testcase>
        <testcase classname="src/services/workflowService.test.js" name="workflowService &gt; managerConfirmParticipants &gt; throws when activityId is missing" time="0.0004581">
        </testcase>
        <testcase classname="src/services/workflowService.test.js" name="workflowService &gt; managerNotifyEmployees &gt; notifies employees" time="0.0007588">
        </testcase>
        <testcase classname="src/services/workflowService.test.js" name="workflowService &gt; managerNotifyEmployees &gt; throws when activityId is missing" time="0.0004519">
        </testcase>
        <testcase classname="src/services/workflowService.test.js" name="workflowService &gt; employeeListInvitations &gt; returns invitations array" time="0.0004117">
        </testcase>
        <testcase classname="src/services/workflowService.test.js" name="workflowService &gt; employeeListInvitations &gt; returns empty array for non-array" time="0.000234">
        </testcase>
        <testcase classname="src/services/workflowService.test.js" name="workflowService &gt; employeeGetInvitation &gt; gets invitation by id" time="0.000352">
        </testcase>
        <testcase classname="src/services/workflowService.test.js" name="workflowService &gt; employeeGetInvitation &gt; throws when id is missing" time="0.0007869">
        </testcase>
        <testcase classname="src/services/workflowService.test.js" name="workflowService &gt; employeeRespond &gt; responds to invitation" time="0.000662">
        </testcase>
        <testcase classname="src/services/workflowService.test.js" name="workflowService &gt; employeeRespond &gt; throws when invitationId is missing" time="0.0004959">
        </testcase>
        <testcase classname="src/services/workflowService.test.js" name="workflowService &gt; employeeParticipationStatus &gt; returns participations array" time="0.0004079">
        </testcase>
        <testcase classname="src/services/workflowService.test.js" name="workflowService &gt; employeeParticipationStatus &gt; returns empty array for non-array" time="0.0002382">
        </testcase>
    </testsuite>
    <testsuite name="src/pages/Activities.test.jsx" timestamp="2026-05-06T03:35:42.579Z" hostname="DESKTOP-9K0CQ1B" tests="2" failures="0" errors="0" skipped="0" time="0.1303697">
        <testcase classname="src/pages/Activities.test.jsx" name="Activities &gt; renders activities heading" time="0.049709">
        </testcase>
        <testcase classname="src/pages/Activities.test.jsx" name="Activities &gt; renders heading as h1" time="0.0776675">
        </testcase>
    </testsuite>
    <testsuite name="src/pages/ChangePassword.test.jsx" timestamp="2026-05-06T03:35:42.579Z" hostname="DESKTOP-9K0CQ1B" tests="8" failures="0" errors="0" skipped="0" time="0.5538362">
        <testcase classname="src/pages/ChangePassword.test.jsx" name="ChangePassword &gt; renders change password form" time="0.1181567">
        </testcase>
        <testcase classname="src/pages/ChangePassword.test.jsx" name="ChangePassword &gt; shows error when password is too short" time="0.1428905">
        </testcase>
        <testcase classname="src/pages/ChangePassword.test.jsx" name="ChangePassword &gt; shows error when password has no uppercase" time="0.0620712">
        </testcase>
        <testcase classname="src/pages/ChangePassword.test.jsx" name="ChangePassword &gt; shows error when password has no digit" time="0.0475944">
        </testcase>
        <testcase classname="src/pages/ChangePassword.test.jsx" name="ChangePassword &gt; shows error when passwords do not match" time="0.0474262">
        </testcase>
        <testcase classname="src/pages/ChangePassword.test.jsx" name="ChangePassword &gt; submits form successfully" time="0.0548484">
        </testcase>
        <testcase classname="src/pages/ChangePassword.test.jsx" name="ChangePassword &gt; shows password strength indicator" time="0.0186813">
        </testcase>
        <testcase classname="src/pages/ChangePassword.test.jsx" name="ChangePassword &gt; handles API error" time="0.0585791">
        </testcase>
    </testsuite>
    <testsuite name="src/pages/Competences.test.jsx" timestamp="2026-05-06T03:35:42.581Z" hostname="DESKTOP-9K0CQ1B" tests="2" failures="0" errors="0" skipped="0" time="0.1292078">
        <testcase classname="src/pages/Competences.test.jsx" name="Competences &gt; renders competences heading" time="0.0475939">
        </testcase>
        <testcase classname="src/pages/Competences.test.jsx" name="Competences &gt; renders heading as h1" time="0.0790522">
        </testcase>
    </testsuite>
    <testsuite name="src/pages/CompleteProfile.test.jsx" timestamp="2026-05-06T03:35:42.581Z" hostname="DESKTOP-9K0CQ1B" tests="9" failures="0" errors="0" skipped="0" time="0.5366385">
        <testcase classname="src/pages/CompleteProfile.test.jsx" name="CompleteProfile &gt; renders complete profile form" time="0.1315387">
        </testcase>
        <testcase classname="src/pages/CompleteProfile.test.jsx" name="CompleteProfile &gt; shows error when required fields are empty" time="0.1546156">
        </testcase>
        <testcase classname="src/pages/CompleteProfile.test.jsx" name="CompleteProfile &gt; submits form with required fields" time="0.0886537">
        </testcase>
        <testcase classname="src/pages/CompleteProfile.test.jsx" name="CompleteProfile &gt; handles photo upload" time="0.0266942">
        </testcase>
        <testcase classname="src/pages/CompleteProfile.test.jsx" name="CompleteProfile &gt; shows error for invalid photo type" time="0.0185941">
        </testcase>
        <testcase classname="src/pages/CompleteProfile.test.jsx" name="CompleteProfile &gt; shows error for large photo" time="0.0125088">
        </testcase>
        <testcase classname="src/pages/CompleteProfile.test.jsx" name="CompleteProfile &gt; handles CV upload" time="0.0238079">
        </testcase>
        <testcase classname="src/pages/CompleteProfile.test.jsx" name="CompleteProfile &gt; shows error for non-PDF CV" time="0.0193118">
        </testcase>
        <testcase classname="src/pages/CompleteProfile.test.jsx" name="CompleteProfile &gt; handles API error" time="0.0578071">
        </testcase>
    </testsuite>
    <testsuite name="src/pages/Dashboard.test.jsx" timestamp="2026-05-06T03:35:42.583Z" hostname="DESKTOP-9K0CQ1B" tests="2" failures="0" errors="0" skipped="0" time="0.1511075">
        <testcase classname="src/pages/Dashboard.test.jsx" name="Dashboard &gt; renders dashboard page" time="0.1349568">
        </testcase>
        <testcase classname="src/pages/Dashboard.test.jsx" name="Dashboard &gt; renders without errors" time="0.0134575">
        </testcase>
    </testsuite>
    <testsuite name="src/pages/ForgotPassword.test.jsx" timestamp="2026-05-06T03:35:42.583Z" hostname="DESKTOP-9K0CQ1B" tests="8" failures="0" errors="0" skipped="0" time="0.3404699">
        <testcase classname="src/pages/ForgotPassword.test.jsx" name="ForgotPassword page &gt; renders the heading" time="0.1201935">
        </testcase>
        <testcase classname="src/pages/ForgotPassword.test.jsx" name="ForgotPassword page &gt; renders email input" time="0.0140163">
        </testcase>
        <testcase classname="src/pages/ForgotPassword.test.jsx" name="ForgotPassword page &gt; renders submit button" time="0.0321246">
        </testcase>
        <testcase classname="src/pages/ForgotPassword.test.jsx" name="ForgotPassword page &gt; shows error when email is empty" time="0.0453693">
        </testcase>
        <testcase classname="src/pages/ForgotPassword.test.jsx" name="ForgotPassword page &gt; shows success message on successful request" time="0.0447013">
        </testcase>
        <testcase classname="src/pages/ForgotPassword.test.jsx" name="ForgotPassword page &gt; shows error message on failed request" time="0.0468649">
        </testcase>
        <testcase classname="src/pages/ForgotPassword.test.jsx" name="ForgotPassword page &gt; disables button during loading" time="0.0282326">
            <system-err>
An update to ForgotPassword inside a test was not wrapped in act(...).

When testing, code that causes React state updates should be wrapped into act(...):

act(() =&gt; {
  /* fire events that update state */
});
/* assert on the output */

This ensures that you&apos;re testing the behavior the user would see in the browser. Learn more at https://react.dev/link/wrap-tests-with-act
An update to ForgotPassword inside a test was not wrapped in act(...).

When testing, code that causes React state updates should be wrapped into act(...):

act(() =&gt; {
  /* fire events that update state */
});
/* assert on the output */

This ensures that you&apos;re testing the behavior the user would see in the browser. Learn more at https://react.dev/link/wrap-tests-with-act

            </system-err>
        </testcase>
        <testcase classname="src/pages/ForgotPassword.test.jsx" name="ForgotPassword page &gt; renders back to login link" time="0.006541">
        </testcase>
    </testsuite>
    <testsuite name="src/pages/GitHubCallback.test.jsx" timestamp="2026-05-06T03:35:42.584Z" hostname="DESKTOP-9K0CQ1B" tests="5" failures="0" errors="0" skipped="0" time="0.2943803">
        <testcase classname="src/pages/GitHubCallback.test.jsx" name="GitHubCallback &gt; renders loading state" time="0.1827839">
        </testcase>
        <testcase classname="src/pages/GitHubCallback.test.jsx" name="GitHubCallback &gt; navigates to login on missing token" time="0.0283387">
        </testcase>
        <testcase classname="src/pages/GitHubCallback.test.jsx" name="GitHubCallback &gt; navigates to login on missing user" time="0.0343527">
        </testcase>
        <testcase classname="src/pages/GitHubCallback.test.jsx" name="GitHubCallback &gt; stores token and user on success" time="0.0142769">
        </testcase>
        <testcase classname="src/pages/GitHubCallback.test.jsx" name="GitHubCallback &gt; navigates to login on invalid user encoding" time="0.0312549">
        </testcase>
    </testsuite>
    <testsuite name="src/pages/Inbox.test.jsx" timestamp="2026-05-06T03:35:42.585Z" hostname="DESKTOP-9K0CQ1B" tests="2" failures="0" errors="0" skipped="0" time="0.2472723">
        <testcase classname="src/pages/Inbox.test.jsx" name="Inbox &gt; renders inbox page" time="0.1935723">
            <system-err>
An update to Inbox inside a test was not wrapped in act(...).

When testing, code that causes React state updates should be wrapped into act(...):

act(() =&gt; {
  /* fire events that update state */
});
/* assert on the output */

This ensures that you&apos;re testing the behavior the user would see in the browser. Learn more at https://react.dev/link/wrap-tests-with-act
An update to Inbox inside a test was not wrapped in act(...).

When testing, code that causes React state updates should be wrapped into act(...):

act(() =&gt; {
  /* fire events that update state */
});
/* assert on the output */

This ensures that you&apos;re testing the behavior the user would see in the browser. Learn more at https://react.dev/link/wrap-tests-with-act
An update to Inbox inside a test was not wrapped in act(...).

When testing, code that causes React state updates should be wrapped into act(...):

act(() =&gt; {
  /* fire events that update state */
});
/* assert on the output */

This ensures that you&apos;re testing the behavior the user would see in the browser. Learn more at https://react.dev/link/wrap-tests-with-act

            </system-err>
        </testcase>
        <testcase classname="src/pages/Inbox.test.jsx" name="Inbox &gt; renders without errors" time="0.0510405">
            <system-err>
An update to Inbox inside a test was not wrapped in act(...).

When testing, code that causes React state updates should be wrapped into act(...):

act(() =&gt; {
  /* fire events that update state */
});
/* assert on the output */

This ensures that you&apos;re testing the behavior the user would see in the browser. Learn more at https://react.dev/link/wrap-tests-with-act
An update to Inbox inside a test was not wrapped in act(...).

When testing, code that causes React state updates should be wrapped into act(...):

act(() =&gt; {
  /* fire events that update state */
});
/* assert on the output */

This ensures that you&apos;re testing the behavior the user would see in the browser. Learn more at https://react.dev/link/wrap-tests-with-act
An update to Inbox inside a test was not wrapped in act(...).

When testing, code that causes React state updates should be wrapped into act(...):

act(() =&gt; {
  /* fire events that update state */
});
/* assert on the output */

This ensures that you&apos;re testing the behavior the user would see in the browser. Learn more at https://react.dev/link/wrap-tests-with-act

            </system-err>
        </testcase>
    </testsuite>
    <testsuite name="src/pages/Login.test.jsx" timestamp="2026-05-06T03:35:42.586Z" hostname="DESKTOP-9K0CQ1B" tests="13" failures="0" errors="0" skipped="0" time="0.6870788">
        <testcase classname="src/pages/Login.test.jsx" name="Login page &gt; rendering &gt; shows the Connexion heading" time="0.1767355">
        </testcase>
        <testcase classname="src/pages/Login.test.jsx" name="Login page &gt; rendering &gt; renders email input" time="0.0174565">
        </testcase>
        <testcase classname="src/pages/Login.test.jsx" name="Login page &gt; rendering &gt; renders password input" time="0.0160936">
        </testcase>
        <testcase classname="src/pages/Login.test.jsx" name="Login page &gt; rendering &gt; renders a submit button" time="0.0517361">
        </testcase>
        <testcase classname="src/pages/Login.test.jsx" name="Login page &gt; rendering &gt; renders GitHub login button" time="0.0223292">
        </testcase>
        <testcase classname="src/pages/Login.test.jsx" name="Login page &gt; rendering &gt; renders face tab button" time="0.0283348">
        </testcase>
        <testcase classname="src/pages/Login.test.jsx" name="Login page &gt; form interaction &gt; allows typing in email field" time="0.0261301">
        </testcase>
        <testcase classname="src/pages/Login.test.jsx" name="Login page &gt; form interaction &gt; allows typing in password field" time="0.0224939">
        </testcase>
        <testcase classname="src/pages/Login.test.jsx" name="Login page &gt; form interaction &gt; navigates to dashboard on successful login" time="0.0945275">
        </testcase>
        <testcase classname="src/pages/Login.test.jsx" name="Login page &gt; form interaction &gt; shows alert on login failure" time="0.0704966">
        </testcase>
        <testcase classname="src/pages/Login.test.jsx" name="Login page &gt; form interaction &gt; disables submit button during loading" time="0.0831726">
            <system-err>
An update to Login inside a test was not wrapped in act(...).

When testing, code that causes React state updates should be wrapped into act(...):

act(() =&gt; {
  /* fire events that update state */
});
/* assert on the output */

This ensures that you&apos;re testing the behavior the user would see in the browser. Learn more at https://react.dev/link/wrap-tests-with-act

            </system-err>
        </testcase>
        <testcase classname="src/pages/Login.test.jsx" name="Login page &gt; tab switching &gt; shows face login component when face tab clicked" time="0.0325175">
        </testcase>
        <testcase classname="src/pages/Login.test.jsx" name="Login page &gt; tab switching &gt; switches back to password tab" time="0.0413421">
        </testcase>
    </testsuite>
    <testsuite name="src/pages/MyActivities.test.jsx" timestamp="2026-05-06T03:35:42.589Z" hostname="DESKTOP-9K0CQ1B" tests="2" failures="0" errors="0" skipped="0" time="0.16814">
        <testcase classname="src/pages/MyActivities.test.jsx" name="MyActivities &gt; renders my activities heading" time="0.0527957">
        </testcase>
        <testcase classname="src/pages/MyActivities.test.jsx" name="MyActivities &gt; renders heading as h1" time="0.1124939">
        </testcase>
    </testsuite>
    <testsuite name="src/pages/MyProfile.test.jsx" timestamp="2026-05-06T03:35:42.590Z" hostname="DESKTOP-9K0CQ1B" tests="2" failures="0" errors="0" skipped="0" time="0.2036431">
        <testcase classname="src/pages/MyProfile.test.jsx" name="MyProfile &gt; renders my profile page" time="0.1527839">
        </testcase>
        <testcase classname="src/pages/MyProfile.test.jsx" name="MyProfile &gt; renders without errors" time="0.0462148">
        </testcase>
    </testsuite>
    <testsuite name="src/pages/NotAuthorized.test.jsx" timestamp="2026-05-06T03:35:42.591Z" hostname="DESKTOP-9K0CQ1B" tests="1" failures="0" errors="0" skipped="0" time="0.0642643">
        <testcase classname="src/pages/NotAuthorized.test.jsx" name="NotAuthorized &gt; renders not authorized message" time="0.0585993">
        </testcase>
    </testsuite>
    <testsuite name="src/pages/Notifications.test.jsx" timestamp="2026-05-06T03:35:42.591Z" hostname="DESKTOP-9K0CQ1B" tests="2" failures="0" errors="0" skipped="0" time="0.1520519">
        <testcase classname="src/pages/Notifications.test.jsx" name="Notifications &gt; renders notifications heading" time="0.066723">
        </testcase>
        <testcase classname="src/pages/Notifications.test.jsx" name="Notifications &gt; renders heading as h1" time="0.0827582">
        </testcase>
    </testsuite>
    <testsuite name="src/pages/Register.test.jsx" timestamp="2026-05-06T03:35:42.592Z" hostname="DESKTOP-9K0CQ1B" tests="9" failures="0" errors="0" skipped="0" time="0.4412564">
        <testcase classname="src/pages/Register.test.jsx" name="Register page &gt; renders the heading" time="0.1586199">
        </testcase>
        <testcase classname="src/pages/Register.test.jsx" name="Register page &gt; renders name input" time="0.0144956">
        </testcase>
        <testcase classname="src/pages/Register.test.jsx" name="Register page &gt; renders email input" time="0.0108897">
        </testcase>
        <testcase classname="src/pages/Register.test.jsx" name="Register page &gt; renders role select" time="0.0358094">
        </testcase>
        <testcase classname="src/pages/Register.test.jsx" name="Register page &gt; renders password input" time="0.0167367">
        </testcase>
        <testcase classname="src/pages/Register.test.jsx" name="Register page &gt; renders sign up button" time="0.0308901">
        </testcase>
        <testcase classname="src/pages/Register.test.jsx" name="Register page &gt; allows typing in name field" time="0.0253759">
        </testcase>
        <testcase classname="src/pages/Register.test.jsx" name="Register page &gt; shows error on registration failure" time="0.0819314">
        </testcase>
        <testcase classname="src/pages/Register.test.jsx" name="Register page &gt; calls register with correct data on submit" time="0.0633525">
        </testcase>
    </testsuite>
    <testsuite name="src/pages/ResetPassword.test.jsx" timestamp="2026-05-06T03:35:42.594Z" hostname="DESKTOP-9K0CQ1B" tests="6" failures="0" errors="0" skipped="0" time="0.5078764">
        <testcase classname="src/pages/ResetPassword.test.jsx" name="ResetPassword &gt; renders reset password form" time="0.0826734">
        </testcase>
        <testcase classname="src/pages/ResetPassword.test.jsx" name="ResetPassword &gt; shows error when passwords do not match" time="0.1837053">
        </testcase>
        <testcase classname="src/pages/ResetPassword.test.jsx" name="ResetPassword &gt; shows error when password is too short" time="0.0663596">
        </testcase>
        <testcase classname="src/pages/ResetPassword.test.jsx" name="ResetPassword &gt; submits form successfully" time="0.086042">
        </testcase>
        <testcase classname="src/pages/ResetPassword.test.jsx" name="ResetPassword &gt; shows error on API failure" time="0.0750524">
        </testcase>
        <testcase classname="src/pages/ResetPassword.test.jsx" name="ResetPassword &gt; renders back to login link" time="0.0107571">
        </testcase>
    </testsuite>
    <testsuite name="src/pages/Roles.test.jsx" timestamp="2026-05-06T03:35:42.596Z" hostname="DESKTOP-9K0CQ1B" tests="2" failures="0" errors="0" skipped="0" time="0.0612186">
        <testcase classname="src/pages/Roles.test.jsx" name="Roles &gt; renders roles text" time="0.050769">
        </testcase>
        <testcase classname="src/pages/Roles.test.jsx" name="Roles &gt; renders within a div" time="0.0072196">
        </testcase>
    </testsuite>
    <testsuite name="src/pages/skills.test.jsx" timestamp="2026-05-06T03:35:42.597Z" hostname="DESKTOP-9K0CQ1B" tests="2" failures="0" errors="0" skipped="0" time="0.1079808">
        <testcase classname="src/pages/skills.test.jsx" name="Skills &gt; renders skills page" time="0.0683376">
        </testcase>
        <testcase classname="src/pages/skills.test.jsx" name="Skills &gt; renders without errors" time="0.0369235">
        </testcase>
    </testsuite>
    <testsuite name="src/pages/Teams.test.jsx" timestamp="2026-05-06T03:35:42.598Z" hostname="DESKTOP-9K0CQ1B" tests="2" failures="0" errors="0" skipped="0" time="0.0618543">
        <testcase classname="src/pages/Teams.test.jsx" name="Teams &gt; renders teams text" time="0.05225">
        </testcase>
        <testcase classname="src/pages/Teams.test.jsx" name="Teams &gt; renders within a div" time="0.0066404">
        </testcase>
    </testsuite>
    <testsuite name="src/pages/Users.test.jsx" timestamp="2026-05-06T03:35:42.598Z" hostname="DESKTOP-9K0CQ1B" tests="2" failures="0" errors="0" skipped="0" time="0.0699575">
        <testcase classname="src/pages/Users.test.jsx" name="Users &gt; renders users text" time="0.0572897">
        </testcase>
        <testcase classname="src/pages/Users.test.jsx" name="Users &gt; renders within a div" time="0.0087904">
        </testcase>
    </testsuite>
    <testsuite name="src/utils/tts.test.js" timestamp="2026-05-06T03:35:42.599Z" hostname="DESKTOP-9K0CQ1B" tests="22" failures="0" errors="0" skipped="0" time="0.1479377">
        <testcase classname="src/utils/tts.test.js" name="tts utils &gt; sanitizeForTTS &gt; returns empty string for null/undefined" time="0.0035325">
        </testcase>
        <testcase classname="src/utils/tts.test.js" name="tts utils &gt; sanitizeForTTS &gt; replaces % with pour cent" time="0.0007008">
        </testcase>
        <testcase classname="src/utils/tts.test.js" name="tts utils &gt; sanitizeForTTS &gt; replaces + with plus" time="0.0004583">
        </testcase>
        <testcase classname="src/utils/tts.test.js" name="tts utils &gt; sanitizeForTTS &gt; replaces bullet • with period" time="0.0005113">
        </testcase>
        <testcase classname="src/utils/tts.test.js" name="tts utils &gt; sanitizeForTTS &gt; replaces | with period" time="0.0003231">
        </testcase>
        <testcase classname="src/utils/tts.test.js" name="tts utils &gt; sanitizeForTTS &gt; adds space between digits and letters" time="0.0003068">
        </testcase>
        <testcase classname="src/utils/tts.test.js" name="tts utils &gt; sanitizeForTTS &gt; adds space between letters and digits" time="0.0002271">
        </testcase>
        <testcase classname="src/utils/tts.test.js" name="tts utils &gt; sanitizeForTTS &gt; fixes closing paren followed by letter" time="0.0002735">
        </testcase>
        <testcase classname="src/utils/tts.test.js" name="tts utils &gt; sanitizeForTTS &gt; trims whitespace" time="0.0007429">
        </testcase>
        <testcase classname="src/utils/tts.test.js" name="tts utils &gt; sanitizeForTTS &gt; handles plain string input" time="0.0003534">
        </testcase>
        <testcase classname="src/utils/tts.test.js" name="tts utils &gt; sanitizeForTTS &gt; collapses multiple spaces" time="0.0002765">
        </testcase>
        <testcase classname="src/utils/tts.test.js" name="tts utils &gt; pickFrenchVoice &gt; returns null when no voices available" time="0.0006261">
        </testcase>
        <testcase classname="src/utils/tts.test.js" name="tts utils &gt; pickFrenchVoice &gt; returns French voice when available" time="0.0003738">
        </testcase>
        <testcase classname="src/utils/tts.test.js" name="tts utils &gt; pickFrenchVoice &gt; falls back to voice with &apos;fr&apos; in name" time="0.000331">
        </testcase>
        <testcase classname="src/utils/tts.test.js" name="tts utils &gt; pickFrenchVoice &gt; returns null when speechSynthesis is undefined" time="0.000175">
        </testcase>
        <testcase classname="src/utils/tts.test.js" name="tts utils &gt; extractMainText &gt; returns empty string when no main element" time="0.0217975">
        </testcase>
        <testcase classname="src/utils/tts.test.js" name="tts utils &gt; extractMainText &gt; extracts text from main element" time="0.0796618">
        </testcase>
        <testcase classname="src/utils/tts.test.js" name="tts utils &gt; extractMainText &gt; extracts text from [data-tts-main] element" time="0.0080564">
        </testcase>
        <testcase classname="src/utils/tts.test.js" name="tts utils &gt; extractMainText &gt; skips hidden elements" time="0.010497">
        </testcase>
        <testcase classname="src/utils/tts.test.js" name="tts utils &gt; extractMainText &gt; skips nav elements" time="0.0047043">
        </testcase>
        <testcase classname="src/utils/tts.test.js" name="tts utils &gt; extractMainText &gt; skips button elements" time="0.0045866">
        </testcase>
        <testcase classname="src/utils/tts.test.js" name="tts utils &gt; extractMainText &gt; skips aria-hidden elements" time="0.0057368">
        </testcase>
    </testsuite>
    <testsuite name="src/pages/employee/EmployeeInvitationDetail.test.jsx" timestamp="2026-05-06T03:35:42.603Z" hostname="DESKTOP-9K0CQ1B" tests="2" failures="0" errors="0" skipped="0" time="0.0712019">
[...]

act(() =&gt; {
  /* fire events that update state */
});
/* assert on the output */

This ensures that you&apos;re testing the behavior the user would see in the browser. Learn more at https://react.dev/link/wrap-tests-with-act
An update to HRSkillsDashboard inside a test was not wrapped in act(...).

When testing, code that causes React state updates should be wrapped into act(...):

act(() =&gt; {
  /* fire events that update state */
});
/* assert on the output */

This ensures that you&apos;re testing the behavior the user would see in the browser. Learn more at https://react.dev/link/wrap-tests-with-act

An update to HRSkillsDashboard inside a test was not wrapped in act(...).

When testing, code that causes React state updates should be wrapped into act(...):

act(() =&gt; {
  /* fire events that update state */
});
/* assert on the output */

This ensures that you&apos;re testing the behavior the user would see in the browser. Learn more at https://react.dev/link/wrap-tests-with-act

            </system-err>
        </testcase>
        <testcase classname="src/pages/hr/HRSkillsDashboard.test.jsx" name="HRSkillsDashboard &gt; renders without errors" time="0.0150976">
            <system-err>
An update to HRSkillsDashboard inside a test was not wrapped in act(...).

When testing, code that causes React state updates should be wrapped into act(...):

act(() =&gt; {
  /* fire events that update state */
});
/* assert on the output */

This ensures that you&apos;re testing the behavior the user would see in the browser. Learn more at https://react.dev/link/wrap-tests-with-act
An update to HRSkillsDashboard inside a test was not wrapped in act(...).

When testing, code that causes React state updates should be wrapped into act(...):

act(() =&gt; {
  /* fire events that update state */
});
/* assert on the output */

This ensures that you&apos;re testing the behavior the user would see in the browser. Learn more at https://react.dev/link/wrap-tests-with-act

An update to HRSkillsDashboard inside a test was not wrapped in act(...).

When testing, code that causes React state updates should be wrapped into act(...):

act(() =&gt; {
  /* fire events that update state */
});
/* assert on the output */

This ensures that you&apos;re testing the behavior the user would see in the browser. Learn more at https://react.dev/link/wrap-tests-with-act

            </system-err>
        </testcase>
    </testsuite>
    <testsuite name="src/pages/manager/ManagerInbox.test.jsx" timestamp="2026-05-06T03:35:42.616Z" hostname="DESKTOP-9K0CQ1B" tests="2" failures="0" errors="0" skipped="0" time="0.1267663">
        <testcase classname="src/pages/manager/ManagerInbox.test.jsx" name="ManagerInbox &gt; renders manager inbox page" time="0.1026109">
            <system-err>
An update to ManagerInbox inside a test was not wrapped in act(...).

When testing, code that causes React state updates should be wrapped into act(...):

act(() =&gt; {
  /* fire events that update state */
});
/* assert on the output */

This ensures that you&apos;re testing the behavior the user would see in the browser. Learn more at https://react.dev/link/wrap-tests-with-act

An update to ManagerInbox inside a test was not wrapped in act(...).

When testing, code that causes React state updates should be wrapped into act(...):

act(() =&gt; {
  /* fire events that update state */
});
/* assert on the output */

This ensures that you&apos;re testing the behavior the user would see in the browser. Learn more at https://react.dev/link/wrap-tests-with-act

            </system-err>
        </testcase>
        <testcase classname="src/pages/manager/ManagerInbox.test.jsx" name="ManagerInbox &gt; renders without errors" time="0.0208756">
            <system-err>
An update to ManagerInbox inside a test was not wrapped in act(...).

When testing, code that causes React state updates should be wrapped into act(...):

act(() =&gt; {
  /* fire events that update state */
});
/* assert on the output */

This ensures that you&apos;re testing the behavior the user would see in the browser. Learn more at https://react.dev/link/wrap-tests-with-act

An update to ManagerInbox inside a test was not wrapped in act(...).

When testing, code that causes React state updates should be wrapped into act(...):

act(() =&gt; {
  /* fire events that update state */
});
/* assert on the output */

This ensures that you&apos;re testing the behavior the user would see in the browser. Learn more at https://react.dev/link/wrap-tests-with-act

            </system-err>
        </testcase>
    </testsuite>
    <testsuite name="src/pages/manager/ManagerReviewActivity.test.jsx" timestamp="2026-05-06T03:35:42.617Z" hostname="DESKTOP-9K0CQ1B" tests="2" failures="0" errors="0" skipped="0" time="0.0905327">
        <testcase classname="src/pages/manager/ManagerReviewActivity.test.jsx" name="ManagerReviewActivity &gt; renders manager review activity page" time="0.0716808">
            <system-err>
An update to ManagerReviewActivity inside a test was not wrapped in act(...).

When testing, code that causes React state updates should be wrapped into act(...):

act(() =&gt; {
  /* fire events that update state */
});
/* assert on the output */

This ensures that you&apos;re testing the behavior the user would see in the browser. Learn more at https://react.dev/link/wrap-tests-with-act
An update to ManagerReviewActivity inside a test was not wrapped in act(...).

When testing, code that causes React state updates should be wrapped into act(...):

act(() =&gt; {
  /* fire events that update state */
});
/* assert on the output */

This ensures that you&apos;re testing the behavior the user would see in the browser. Learn more at https://react.dev/link/wrap-tests-with-act
An update to ManagerReviewActivity inside a test was not wrapped in act(...).

When testing, code that causes React state updates should be wrapped into act(...):

act(() =&gt; {
  /* fire events that update state */
});
/* assert on the output */

This ensures that you&apos;re testing the behavior the user would see in the browser. Learn more at https://react.dev/link/wrap-tests-with-act
An update to ManagerReviewActivity inside a test was not wrapped in act(...).

When testing, code that causes React state updates should be wrapped into act(...):

act(() =&gt; {
  /* fire events that update state */
});
/* assert on the output */

This ensures that you&apos;re testing the behavior the user would see in the browser. Learn more at https://react.dev/link/wrap-tests-with-act

An update to ManagerReviewActivity inside a test was not wrapped in act(...).

When testing, code that causes React state updates should be wrapped into act(...):

act(() =&gt; {
  /* fire events that update state */
});
/* assert on the output */

This ensures that you&apos;re testing the behavior the user would see in the browser. Learn more at https://react.dev/link/wrap-tests-with-act

            </system-err>
        </testcase>
        <testcase classname="src/pages/manager/ManagerReviewActivity.test.jsx" name="ManagerReviewActivity &gt; renders without errors" time="0.0158432">
            <system-err>
An update to ManagerReviewActivity inside a test was not wrapped in act(...).

When testing, code that causes React state updates should be wrapped into act(...):

act(() =&gt; {
  /* fire events that update state */
});
/* assert on the output */

This ensures that you&apos;re testing the behavior the user would see in the browser. Learn more at https://react.dev/link/wrap-tests-with-act
An update to ManagerReviewActivity inside a test was not wrapped in act(...).

When testing, code that causes React state updates should be wrapped into act(...):

act(() =&gt; {
  /* fire events that update state */
});
/* assert on the output */

This ensures that you&apos;re testing the behavior the user would see in the browser. Learn more at https://react.dev/link/wrap-tests-with-act
An update to ManagerReviewActivity inside a test was not wrapped in act(...).

When testing, code that causes React state updates should be wrapped into act(...):

act(() =&gt; {
  /* fire events that update state */
});
/* assert on the output */

This ensures that you&apos;re testing the behavior the user would see in the browser. Learn more at https://react.dev/link/wrap-tests-with-act
An update to ManagerReviewActivity inside a test was not wrapped in act(...).

When testing, code that causes React state updates should be wrapped into act(...):

act(() =&gt; {
  /* fire events that update state */
});
/* assert on the output */

This ensures that you&apos;re testing the behavior the user would see in the browser. Learn more at https://react.dev/link/wrap-tests-with-act

An update to ManagerReviewActivity inside a test was not wrapped in act(...).

When testing, code that causes React state updates should be wrapped into act(...):

act(() =&gt; {
  /* fire events that update state */
});
/* assert on the output */

This ensures that you&apos;re testing the behavior the user would see in the browser. Learn more at https://react.dev/link/wrap-tests-with-act

            </system-err>
        </testcase>
    </testsuite>
    <testsuite name="src/pages/manager/ManagerSkillApproval.test.jsx" timestamp="2026-05-06T03:35:42.618Z" hostname="DESKTOP-9K0CQ1B" tests="2" failures="0" errors="0" skipped="0" time="0.1431701">
        <testcase classname="src/pages/manager/ManagerSkillApproval.test.jsx" name="ManagerSkillApproval &gt; renders manager skill approval page" time="0.111393">
            <system-err>
An update to ManagerSkillApproval inside a test was not wrapped in act(...).

When testing, code that causes React state updates should be wrapped into act(...):

act(() =&gt; {
  /* fire events that update state */
});
/* assert on the output */

This ensures that you&apos;re testing the behavior the user would see in the browser. Learn more at https://react.dev/link/wrap-tests-with-act
An update to ManagerSkillApproval inside a test was not wrapped in act(...).

When testing, code that causes React state updates should be wrapped into act(...):

act(() =&gt; {
  /* fire events that update state */
});
/* assert on the output */

This ensures that you&apos;re testing the behavior the user would see in the browser. Learn more at https://react.dev/link/wrap-tests-with-act

An update to ManagerSkillApproval inside a test was not wrapped in act(...).

When testing, code that causes React state updates should be wrapped into act(...):

act(() =&gt; {
  /* fire events that update state */
});
/* assert on the output */

This ensures that you&apos;re testing the behavior the user would see in the browser. Learn more at https://react.dev/link/wrap-tests-with-act

            </system-err>
        </testcase>
        <testcase classname="src/pages/manager/ManagerSkillApproval.test.jsx" name="ManagerSkillApproval &gt; renders without errors" time="0.0288295">
            <system-err>
An update to ManagerSkillApproval inside a test was not wrapped in act(...).

When testing, code that causes React state updates should be wrapped into act(...):

act(() =&gt; {
  /* fire events that update state */
});
/* assert on the output */

This ensures that you&apos;re testing the behavior the user would see in the browser. Learn more at https://react.dev/link/wrap-tests-with-act
An update to ManagerSkillApproval inside a test was not wrapped in act(...).

When testing, code that causes React state updates should be wrapped into act(...):

act(() =&gt; {
  /* fire events that update state */
});
/* assert on the output */

This ensures that you&apos;re testing the behavior the user would see in the browser. Learn more at https://react.dev/link/wrap-tests-with-act

An update to ManagerSkillApproval inside a test was not wrapped in act(...).

When testing, code that causes React state updates should be wrapped into act(...):

act(() =&gt; {
  /* fire events that update state */
});
/* assert on the output */

This ensures that you&apos;re testing the behavior the user would see in the browser. Learn more at https://react.dev/link/wrap-tests-with-act

            </system-err>
        </testcase>
    </testsuite>
    <testsuite name="src/pages/superadmin/AdminLogs.test.jsx" timestamp="2026-05-06T03:35:42.618Z" hostname="DESKTOP-9K0CQ1B" tests="2" failures="0" errors="0" skipped="0" time="0.3803406">
        <testcase classname="src/pages/superadmin/AdminLogs.test.jsx" name="AdminLogs &gt; renders admin logs page" time="0.342101">
        </testcase>
        <testcase classname="src/pages/superadmin/AdminLogs.test.jsx" name="AdminLogs &gt; renders without errors" time="0.0362496">
        </testcase>
    </testsuite>
    <testsuite name="src/pages/superadmin/CreateUser.test.jsx" timestamp="2026-05-06T03:35:42.619Z" hostname="DESKTOP-9K0CQ1B" tests="2" failures="0" errors="0" skipped="0" time="0.3066215">
        <testcase classname="src/pages/superadmin/CreateUser.test.jsx" name="CreateUser &gt; renders create user page" time="0.2427177">
            <system-err>
An update to CreateUser inside a test was not wrapped in act(...).

When testing, code that causes React state updates should be wrapped into act(...):

act(() =&gt; {
  /* fire events that update state */
});
/* assert on the output */

This ensures that you&apos;re testing the behavior the user would see in the browser. Learn more at https://react.dev/link/wrap-tests-with-act

An update to CreateUser inside a test was not wrapped in act(...).

When testing, code that causes React state updates should be wrapped into act(...):

act(() =&gt; {
  /* fire events that update state */
});
/* assert on the output */

This ensures that you&apos;re testing the behavior the user would see in the browser. Learn more at https://react.dev/link/wrap-tests-with-act

            </system-err>
        </testcase>
        <testcase classname="src/pages/superadmin/CreateUser.test.jsx" name="CreateUser &gt; renders without errors" time="0.0613173">
            <system-err>
An update to CreateUser inside a test was not wrapped in act(...).

When testing, code that causes React state updates should be wrapped into act(...):

act(() =&gt; {
  /* fire events that update state */
});
/* assert on the output */

This ensures that you&apos;re testing the behavior the user would see in the browser. Learn more at https://react.dev/link/wrap-tests-with-act

An update to CreateUser inside a test was not wrapped in act(...).

When testing, code that causes React state updates should be wrapped into act(...):

act(() =&gt; {
  /* fire events that update state */
});
/* assert on the output */

This ensures that you&apos;re testing the behavior the user would see in the browser. Learn more at https://react.dev/link/wrap-tests-with-act

            </system-err>
        </testcase>
    </testsuite>
    <testsuite name="src/pages/superadmin/EditUser.test.jsx" timestamp="2026-05-06T03:35:42.620Z" hostname="DESKTOP-9K0CQ1B" tests="2" failures="0" errors="0" skipped="0" time="0.0843918">
        <testcase classname="src/pages/superadmin/EditUser.test.jsx" name="EditUser &gt; renders edit user page" time="0.069848">
            <system-err>
An update to EditUser inside a test was not wrapped in act(...).

When testing, code that causes React state updates should be wrapped into act(...):

act(() =&gt; {
  /* fire events that update state */
});
/* assert on the output */

This ensures that you&apos;re testing the behavior the user would see in the browser. Learn more at https://react.dev/link/wrap-tests-with-act
An update to EditUser inside a test was not wrapped in act(...).

When testing, code that causes React state updates should be wrapped into act(...):

act(() =&gt; {
  /* fire events that update state */
});
/* assert on the output */

This ensures that you&apos;re testing the behavior the user would see in the browser. Learn more at https://react.dev/link/wrap-tests-with-act

            </system-err>
        </testcase>
        <testcase classname="src/pages/superadmin/EditUser.test.jsx" name="EditUser &gt; renders without errors" time="0.011519">
            <system-err>
An update to EditUser inside a test was not wrapped in act(...).

When testing, code that causes React state updates should be wrapped into act(...):

act(() =&gt; {
  /* fire events that update state */
});
/* assert on the output */

This ensures that you&apos;re testing the behavior the user would see in the browser. Learn more at https://react.dev/link/wrap-tests-with-act
An update to EditUser inside a test was not wrapped in act(...).

When testing, code that causes React state updates should be wrapped into act(...):

act(() =&gt; {
  /* fire events that update state */
});
/* assert on the output */

This ensures that you&apos;re testing the behavior the user would see in the browser. Learn more at https://react.dev/link/wrap-tests-with-act

            </system-err>
        </testcase>
    </testsuite>
    <testsuite name="src/pages/superadmin/UsersList.test.jsx" timestamp="2026-05-06T03:35:42.620Z" hostname="DESKTOP-9K0CQ1B" tests="2" failures="0" errors="0" skipped="0" time="0.1507617">
        <testcase classname="src/pages/superadmin/UsersList.test.jsx" name="UsersList &gt; renders users list page" time="0.1246883">
            <system-err>
An update to UsersList inside a test was not wrapped in act(...).

When testing, code that causes React state updates should be wrapped into act(...):

act(() =&gt; {
  /* fire events that update state */
});
/* assert on the output */

This ensures that you&apos;re testing the behavior the user would see in the browser. Learn more at https://react.dev/link/wrap-tests-with-act
An update to UsersList inside a test was not wrapped in act(...).

When testing, code that causes React state updates should be wrapped into act(...):

act(() =&gt; {
  /* fire events that update state */
});
/* assert on the output */

This ensures that you&apos;re testing the behavior the user would see in the browser. Learn more at https://react.dev/link/wrap-tests-with-act

An update to UsersList inside a test was not wrapped in act(...).

When testing, code that causes React state updates should be wrapped into act(...):

act(() =&gt; {
  /* fire events that update state */
});
/* assert on the output */

This ensures that you&apos;re testing the behavior the user would see in the browser. Learn more at https://react.dev/link/wrap-tests-with-act

            </system-err>
        </testcase>
        <testcase classname="src/pages/superadmin/UsersList.test.jsx" name="UsersList &gt; renders without errors" time="0.0231299">
            <system-err>
An update to UsersList inside a test was not wrapped in act(...).

When testing, code that causes React state updates should be wrapped into act(...):

act(() =&gt; {
  /* fire events that update state */
});
/* assert on the output */

This ensures that you&apos;re testing the behavior the user would see in the browser. Learn more at https://react.dev/link/wrap-tests-with-act
An update to UsersList inside a test was not wrapped in act(...).

When testing, code that causes React state updates should be wrapped into act(...):

act(() =&gt; {
  /* fire events that update state */
});
/* assert on the output */

This ensures that you&apos;re testing the behavior the user would see in the browser. Learn more at https://react.dev/link/wrap-tests-with-act

An update to UsersList inside a test was not wrapped in act(...).

When testing, code that causes React state updates should be wrapped into act(...):

act(() =&gt; {
  /* fire events that update state */
});
/* assert on the output */

This ensures that you&apos;re testing the behavior the user would see in the browser. Learn more at https://react.dev/link/wrap-tests-with-act

            </system-err>
        </testcase>
    </testsuite>
</testsuites>
