TN:
SF:src\App.jsx
FN:32,App
FNF:1
FNH:1
FNDA:1,App
DA:33,1
LF:1
LH:1
BRF:0
BRH:0
end_of_record
TN:
SF:src\accessibility\AccessibilityProvider.jsx
FN:10,AccessibilityProvider
FN:17,(anonymous_1)
FN:22,(anonymous_2)
FN:28,(anonymous_3)
FN:40,useAccessibility
FNF:5
FNH:0
FNDA:0,AccessibilityProvider
FNDA:0,(anonymous_1)
FNDA:0,(anonymous_2)
FNDA:0,(anonymous_3)
FNDA:0,useAccessibility
DA:3,1
DA:5,1
DA:11,0
DA:12,0
DA:17,0
DA:18,0
DA:19,0
DA:22,0
DA:23,0
DA:24,0
DA:27,0
DA:28,0
DA:37,0
DA:41,0
DA:42,0
DA:43,0
LF:16
LH:2
BRDA:11,0,0,0
BRDA:11,0,1,0
BRDA:13,1,0,0
BRDA:13,1,1,0
BRDA:42,2,0,0
BRDA:42,2,1,0
BRF:6
BRH:0
end_of_record
TN:
SF:src\auth\AuthContext.jsx
FN:6,AuthProvider
FN:9,(anonymous_1)
FN:14,(anonymous_2)
FN:16,(anonymous_3)
FN:21,(anonymous_4)
FN:26,(anonymous_5)
FN:37,useAuth
FNF:7
FNH:0
FNDA:0,AuthProvider
FNDA:0,(anonymous_1)
FNDA:0,(anonymous_2)
FNDA:0,(anonymous_3)
FNDA:0,(anonymous_4)
FNDA:0,(anonymous_5)
FNDA:0,useAuth
DA:4,1
DA:7,0
DA:9,0
DA:10,0
DA:13,0
DA:14,0
DA:17,0
DA:18,0
DA:19,0
DA:22,0
DA:23,0
DA:24,0
DA:27,0
DA:28,0
DA:34,0
DA:38,0
LF:16
LH:1
BRF:0
BRH:0
end_of_record
TN:
SF:src\auth\RequireAuth.jsx
FN:3,RequireAuth
FNF:1
FNH:0
FNDA:0,RequireAuth
DA:4,0
DA:6,0
DA:7,0
DA:10,0
LF:4
LH:0
BRDA:6,0,0,0
BRDA:6,0,1,0
BRF:2
BRH:0
end_of_record
TN:
SF:src\auth\RequireRole.jsx
FN:5,RequireRole
FNF:1
FNH:0
FNDA:0,RequireRole
DA:6,0
DA:7,0
DA:8,0
DA:10,0
DA:12,0
DA:13,0
DA:22,0
LF:7
LH:0
BRDA:5,0,0,0
BRDA:10,1,0,0
BRDA:10,1,1,0
BRDA:12,2,0,0
BRDA:12,2,1,0
BRF:5
BRH:0
end_of_record
TN:
SF:src\auth\authService.js
FN:6,seed
FN:43,getUsers
FN:48,saveUsers
FN:52,fakeToken
FN:58,getStoredUser
FN:63,isLoggedIn
FN:67,logout
FN:72,login
FN:76,(anonymous_8)
FN:97,register
FN:100,(anonymous_10)
FNF:11
FNH:0
FNDA:0,seed
FNDA:0,getUsers
FNDA:0,saveUsers
FNDA:0,fakeToken
FNDA:0,getStoredUser
FNDA:0,isLoggedIn
FNDA:0,logout
FNDA:0,login
FNDA:0,(anonymous_8)
FNDA:0,register
FNDA:0,(anonymous_10)
DA:1,1
DA:2,1
DA:3,1
DA:7,0
DA:9,0
DA:40,0
DA:44,0
DA:45,0
DA:49,0
DA:53,0
DA:59,0
DA:60,0
DA:64,0
DA:68,0
DA:69,0
DA:73,0
DA:75,0
DA:76,0
DA:79,0
DA:80,0
DA:82,0
DA:84,0
DA:91,0
DA:92,0
DA:94,0
DA:98,0
DA:100,0
DA:101,0
DA:104,0
DA:112,0
DA:113,0
DA:115,0
DA:117,0
DA:124,0
DA:125,0
DA:127,0
LF:36
LH:3
BRDA:7,0,0,0
BRDA:7,0,1,0
BRDA:45,1,0,0
BRDA:45,1,1,0
BRDA:60,2,0,0
BRDA:60,2,1,0
BRDA:79,3,0,0
BRDA:79,3,1,0
BRDA:80,4,0,0
BRDA:80,4,1,0
BRDA:100,5,0,0
BRDA:100,5,1,0
BRF:12
BRH:0
end_of_record
TN:
SF:src\auth\permissions.js
FN:8,canAccess
FN:17,isManager
FN:21,isHR
FN:25,isEmployee
FNF:4
FNH:0
FNDA:0,canAccess
FNDA:0,isManager
FNDA:0,isHR
FNDA:0,isEmployee
DA:1,1
DA:9,0
DA:12,0
DA:14,0
DA:18,0
DA:22,0
DA:26,0
LF:7
LH:1
BRDA:8,0,0,0
BRDA:9,1,0,0
BRDA:9,1,1,0
BRDA:12,2,0,0
BRDA:12,2,1,0
BRF:5
BRH:0
end_of_record
TN:
SF:src\components\AccessibilityMenu.jsx
FN:4,AccessibilityMenu
FN:7,(anonymous_1)
FN:18,(anonymous_2)
FN:27,(anonymous_3)
FN:53,(anonymous_4)
FN:60,(anonymous_5)
FN:78,(anonymous_6)
FNF:7
FNH:0
FNDA:0,AccessibilityMenu
FNDA:0,(anonymous_1)
FNDA:0,(anonymous_2)
FNDA:0,(anonymous_3)
FNDA:0,(anonymous_4)
FNDA:0,(anonymous_5)
FNDA:0,(anonymous_6)
DA:5,0
DA:7,0
DA:8,0
DA:9,0
DA:10,0
DA:12,0
DA:13,0
DA:14,0
DA:15,0
DA:18,0
DA:19,0
DA:20,0
DA:21,0
DA:22,0
DA:24,0
DA:27,0
DA:28,0
DA:29,0
DA:30,0
DA:31,0
DA:32,0
DA:34,0
DA:37,0
DA:39,0
DA:53,0
DA:60,0
DA:78,0
LF:27
LH:0
BRDA:8,0,0,0
BRDA:8,0,1,0
BRDA:20,1,0,0
BRDA:20,1,1,0
BRDA:30,2,0,0
BRDA:30,2,1,0
BRDA:37,3,0,0
BRDA:37,3,1,0
BRDA:52,4,0,0
BRDA:52,4,1,0
BRDA:59,5,0,0
BRDA:59,5,1,0
BRF:12
BRH:0
end_of_record
TN:
SF:src\components\Sidebar.jsx
FN:5,Sidebar
FN:9,(anonymous_1)
FNF:2
FNH:0
FNDA:0,Sidebar
FNDA:0,(anonymous_1)
DA:6,0
DA:7,0
DA:9,0
DA:11,0
LF:4
LH:0
BRDA:7,0,0,0
BRDA:7,0,1,0
BRDA:9,1,0,0
BRDA:9,1,1,0
BRDA:24,2,0,0
BRDA:24,2,1,0
BRDA:32,3,0,0
BRDA:32,3,1,0
BRDA:39,4,0,0
BRDA:39,4,1,0
BRF:10
BRH:0
end_of_record
TN:
SF:src\components\Topbar.jsx
FN:6,Topbar
FN:16,(anonymous_1)
FN:17,(anonymous_2)
FN:22,(anonymous_3)
FN:38,(anonymous_4)
FN:41,(anonymous_5)
FN:58,(anonymous_6)
FN:58,(anonymous_7)
FN:67,(anonymous_8)
FN:81,(anonymous_9)
FN:81,(anonymous_10)
FN:94,(anonymous_11)
FN:100,(anonymous_12)
FNF:13
FNH:0
FNDA:0,Topbar
FNDA:0,(anonymous_1)
FNDA:0,(anonymous_2)
FNDA:0,(anonymous_3)
FNDA:0,(anonymous_4)
FNDA:0,(anonymous_5)
FNDA:0,(anonymous_6)
FNDA:0,(anonymous_7)
FNDA:0,(anonymous_8)
FNDA:0,(anonymous_9)
FNDA:0,(anonymous_10)
FNDA:0,(anonymous_11)
FNDA:0,(anonymous_12)
DA:7,0
DA:8,0
DA:10,0
DA:11,0
DA:13,0
DA:16,0
DA:17,0
DA:18,0
DA:19,0
DA:21,0
DA:22,0
DA:26,0
DA:32,0
DA:34,0
DA:38,0
DA:41,0
DA:42,0
DA:43,0
DA:46,0
DA:58,0
DA:67,0
DA:81,0
DA:94,0
DA:100,0
LF:24
LH:0
BRDA:18,0,0,0
BRDA:18,0,1,0
BRDA:18,1,0,0
BRDA:18,1,1,0
BRDA:19,2,0,0
BRDA:19,2,1,0
BRDA:19,3,0,0
BRDA:19,3,1,0
BRDA:26,4,0,0
BRDA:26,4,1,0
BRDA:26,5,0,0
BRDA:26,5,1,0
BRDA:32,6,0,0
BRDA:32,6,1,0
BRDA:32,7,0,0
BRDA:32,7,1,0
BRDA:34,8,0,0
BRDA:34,8,1,0
BRDA:65,9,0,0
BRDA:65,9,1,0
BRDA:92,10,0,0
BRDA:92,10,1,0
BRDA:97,11,0,0
BRDA:97,11,1,0
BRF:24
BRH:0
end_of_record
TN:
SF:src\layout\MainLayout.jsx
FN:8,MainLayout
FNF:1
FNH:0
FNDA:0,MainLayout
DA:9,0
LF:1
LH:0
BRF:0
BRH:0
end_of_record
TN:
SF:src\mock\db.js
FN:3,uid
FN:7,seed
FN:33,loadDB
FN:37,saveDB
FN:41,dbUid
FNF:5
FNH:0
FNDA:0,uid
FNDA:0,seed
FNDA:0,loadDB
FNDA:0,saveDB
FNDA:0,dbUid
DA:1,1
DA:4,0
DA:8,0
DA:9,0
DA:12,0
DA:21,0
DA:29,0
DA:30,0
DA:34,0
DA:38,0
DA:42,0
LF:11
LH:1
BRDA:3,0,0,0
BRDA:9,1,0,0
BRDA:9,1,1,0
BRF:3
BRH:0
end_of_record
TN:
SF:src\mock\employees.js
FNF:0
FNH:0
DA:1,1
LF:1
LH:1
BRF:0
BRH:0
end_of_record
TN:
SF:src\pages\Dashboard.jsx
FN:16,Dashboard
FN:58,(anonymous_1)
FN:106,(anonymous_2)
FN:130,(anonymous_3)
FN:150,LegendItem
FNF:5
FNH:0
FNDA:0,Dashboard
FNDA:0,(anonymous_1)
FNDA:0,(anonymous_2)
FNDA:0,(anonymous_3)
FNDA:0,LegendItem
DA:18,0
DA:25,0
DA:34,0
DA:42,0
DA:44,0
DA:51,0
DA:59,0
DA:107,0
DA:131,0
DA:151,0
LF:10
LH:0
BRDA:139,0,0,0
BRDA:139,0,1,0
BRF:2
BRH:0
end_of_record
TN:
SF:src\pages\Login.jsx
FN:5,Login
FN:9,(anonymous_1)
FN:27,(anonymous_2)
FN:63,(anonymous_3)
FN:76,(anonymous_4)
FN:91,(anonymous_5)
FNF:6
FNH:1
FNDA:1,Login
FNDA:0,(anonymous_1)
FNDA:0,(anonymous_2)
FNDA:0,(anonymous_3)
FNDA:0,(anonymous_4)
FNDA:0,(anonymous_5)
DA:6,1
DA:7,1
DA:9,1
DA:10,0
DA:13,0
DA:21,0
DA:22,0
DA:24,0
DA:27,1
DA:29,0
DA:32,1
DA:63,0
DA:76,0
DA:91,0
LF:14
LH:5
BRF:0
BRH:0
end_of_record
TN:
SF:src\pages\MyActivities.jsx
FN:1,MyActivities
FNF:1
FNH:0
FNDA:0,MyActivities
DA:2,0
LF:1
LH:0
BRF:0
BRH:0
end_of_record
TN:
SF:src\pages\MyProfile.jsx
FN:1,MyProfile
FNF:1
FNH:0
FNDA:0,MyProfile
DA:2,0
LF:1
LH:0
BRF:0
BRH:0
end_of_record
TN:
SF:src\pages\NotAuthorized.jsx
FN:3,NotAuthorized
FNF:1
FNH:0
FNDA:0,NotAuthorized
DA:4,0
LF:1
LH:0
BRF:0
BRH:0
end_of_record
TN:
SF:src\pages\Register.jsx
FN:5,Register
FN:15,redirectByRole
FN:21,(anonymous_2)
FN:41,(anonymous_3)
FN:48,(anonymous_4)
FN:57,(anonymous_5)
FN:67,(anonymous_6)
FNF:7
FNH:0
FNDA:0,Register
FNDA:0,redirectByRole
FNDA:0,(anonymous_2)
FNDA:0,(anonymous_3)
FNDA:0,(anonymous_4)
FNDA:0,(anonymous_5)
FNDA:0,(anonymous_6)
DA:6,0
DA:7,0
DA:9,0
DA:10,0
DA:11,0
DA:12,0
DA:13,0
DA:16,0
DA:17,0
DA:18,0
DA:21,0
DA:22,0
DA:23,0
DA:25,0
DA:26,0
DA:27,0
DA:29,0
DA:33,0
DA:41,0
DA:48,0
DA:57,0
DA:67,0
LF:22
LH:0
BRDA:16,0,0,0
BRDA:16,0,1,0
BRDA:17,1,0,0
BRDA:17,1,1,0
BRDA:29,2,0,0
BRDA:29,2,1,0
BRDA:74,3,0,0
BRDA:74,3,1,0
BRF:8
BRH:0
end_of_record
TN:
SF:src\pages\Roles.jsx
FN:3,Roles
FNF:1
FNH:0
FNDA:0,Roles
DA:4,0
LF:1
LH:0
BRF:0
BRH:0
end_of_record
TN:
SF:src\pages\Teams.jsx
FN:3,Teams
FNF:1
FNH:0
FNDA:0,Teams
DA:4,0
LF:1
LH:0
BRF:0
BRH:0
end_of_record
TN:
SF:src\pages\Users.jsx
FN:3,Users
FNF:1
FNH:0
FNDA:0,Users
DA:4,0
LF:1
LH:0
BRF:0
BRH:0
end_of_record
TN:
SF:src\pages\skills.jsx
FN:3,Skills
FN:60,SkillCard
FN:72,(anonymous_2)
FNF:3
FNH:0
FNDA:0,Skills
FNDA:0,SkillCard
FNDA:0,(anonymous_2)
DA:4,0
DA:31,0
DA:61,0
DA:73,0
LF:4
LH:0
BRF:0
BRH:0
end_of_record
TN:
SF:src\pages\employee\EmployeeInvitationDetail.jsx
FN:5,EmployeeInvitationDetail
FN:24,(anonymous_1)
FN:34,(anonymous_2)
FN:85,(anonymous_3)
FN:96,card
FN:99,btnPrimary
FN:102,btnDanger
FN:105,pill
FNF:8
FNH:0
FNDA:0,EmployeeInvitationDetail
FNDA:0,(anonymous_1)
FNDA:0,(anonymous_2)
FNDA:0,(anonymous_3)
FNDA:0,card
FNDA:0,btnPrimary
FNDA:0,btnDanger
FNDA:0,pill
DA:6,0
DA:7,0
DA:9,0
DA:10,0
DA:12,0
DA:13,0
DA:15,0
DA:16,0
DA:24,0
DA:25,0
DA:26,0
DA:27,0
DA:28,0
DA:30,0
DA:34,0
DA:35,0
DA:36,0
DA:37,0
DA:38,0
DA:39,0
DA:41,0
DA:45,0
DA:85,0
DA:97,0
DA:100,0
DA:103,0
DA:106,0
DA:111,0
DA:112,0
LF:29
LH:0
BRDA:10,0,0,0
BRDA:10,0,1,0
BRDA:15,1,0,0
BRDA:15,1,1,0
BRDA:37,2,0,0
BRDA:37,2,1,0
BRDA:62,3,0,0
BRDA:62,3,1,0
BRDA:65,4,0,0
BRDA:65,4,1,0
BRDA:111,5,0,0
BRDA:111,5,1,0
BRF:12
BRH:0
end_of_record
TN:
SF:src\pages\employee\EmployeeInvitations.jsx
FN:5,EmployeeInvitations
FN:18,(anonymous_1)
FN:44,card
FN:47,btnLink
FN:50,pill
FNF:5
FNH:0
FNDA:0,EmployeeInvitations
FNDA:0,(anonymous_1)
FNDA:0,card
FNDA:0,btnLink
FNDA:0,pill
DA:6,0
DA:7,0
DA:9,0
DA:19,0
DA:20,0
DA:45,0
DA:48,0
DA:51,0
DA:56,0
DA:57,0
LF:10
LH:0
BRDA:15,0,0,0
BRDA:15,0,1,0
BRDA:23,1,0,0
BRDA:23,1,1,0
BRDA:56,2,0,0
BRDA:56,2,1,0
BRF:6
BRH:0
end_of_record
TN:
SF:src\pages\employee\MyParticipationStatus.jsx
FN:4,MyParticipationStatus
FN:17,(anonymous_1)
FN:45,card
FN:48,pill
FNF:4
FNH:0
FNDA:0,MyParticipationStatus
FNDA:0,(anonymous_1)
FNDA:0,card
FNDA:0,pill
DA:5,0
DA:6,0
DA:8,0
DA:18,0
DA:19,0
DA:46,0
DA:49,0
DA:53,0
DA:54,0
LF:9
LH:0
BRDA:14,0,0,0
BRDA:14,0,1,0
BRDA:23,1,0,0
BRDA:23,1,1,0
BRDA:31,2,0,0
BRDA:31,2,1,0
BRDA:33,3,0,0
BRDA:33,3,1,0
BRDA:53,4,0,0
BRDA:53,4,1,0
BRF:10
BRH:0
end_of_record
TN:
SF:src\pages\hr\HRActivities.jsx
FN:5,HRActivities
FN:42,(anonymous_1)
FNF:2
FNH:0
FNDA:0,HRActivities
FNDA:0,(anonymous_1)
DA:6,0
DA:7,0
DA:9,0
DA:11,0
DA:43,0
DA:44,0
LF:6
LH:0
BRDA:37,0,0,0
BRDA:37,0,1,0
BRDA:61,1,0,0
BRDA:61,1,1,0
BRDA:61,2,0,0
BRDA:61,2,1,0
BRDA:61,3,0,0
BRDA:61,3,1,0
BRDA:62,4,0,0
BRDA:62,4,1,0
BRF:10
BRH:0
end_of_record
TN:
SF:src\pages\hr\HRActivityWorkflow.jsx
FN:13,HRActivityWorkflow
FN:18,(anonymous_1)
FN:19,(anonymous_2)
FN:20,(anonymous_3)
FN:22,(anonymous_4)
FN:24,(anonymous_5)
FN:28,(anonymous_6)
FN:34,(anonymous_7)
FN:37,(anonymous_8)
FN:39,(anonymous_9)
FN:45,(anonymous_10)
FN:57,(anonymous_11)
FN:63,(anonymous_12)
FN:67,(anonymous_13)
FN:130,(anonymous_14)
FN:131,(anonymous_15)
FN:141,(anonymous_16)
FN:166,(anonymous_17)
FN:174,(anonymous_18)
FN:192,card
FN:195,pill
FN:198,btnPrimary
FN:201,btnGhost
FN:204,btnDisabled
FN:207,row
FN:210,scoreTag
FNF:26
FNH:0
FNDA:0,HRActivityWorkflow
FNDA:0,(anonymous_1)
FNDA:0,(anonymous_2)
FNDA:0,(anonymous_3)
FNDA:0,(anonymous_4)
FNDA:0,(anonymous_5)
FNDA:0,(anonymous_6)
FNDA:0,(anonymous_7)
FNDA:0,(anonymous_8)
FNDA:0,(anonymous_9)
FNDA:0,(anonymous_10)
FNDA:0,(anonymous_11)
FNDA:0,(anonymous_12)
FNDA:0,(anonymous_13)
FNDA:0,(anonymous_14)
FNDA:0,(anonymous_15)
FNDA:0,(anonymous_16)
FNDA:0,(anonymous_17)
FNDA:0,(anonymous_18)
FNDA:0,card
FNDA:0,pill
FNDA:0,btnPrimary
FNDA:0,btnGhost
FNDA:0,btnDisabled
FNDA:0,row
FNDA:0,scoreTag
DA:14,0
DA:15,0
DA:16,0
DA:18,0
DA:19,0
DA:20,0
DA:22,0
DA:24,0
DA:25,0
DA:26,0
DA:27,0
DA:28,0
DA:30,0
DA:34,0
DA:35,0
DA:36,0
DA:37,0
DA:38,0
DA:39,0
DA:41,0
DA:45,0
DA:46,0
DA:47,0
DA:48,0
DA:49,0
DA:51,0
DA:56,0
DA:57,0
DA:59,0
DA:63,0
DA:64,0
DA:65,0
DA:66,0
DA:67,0
DA:69,0
DA:73,0
DA:74,0
DA:82,0
DA:84,0
DA:130,0
DA:132,0
DA:133,0
DA:141,0
DA:167,0
DA:168,0
DA:174,0
DA:193,0
DA:196,0
DA:199,0
DA:202,0
DA:205,0
DA:208,0
DA:211,0
LF:53
LH:0
BRDA:22,0,0,0
BRDA:22,0,1,0
BRDA:48,1,0,0
BRDA:48,1,1,0
BRDA:49,2,0,0
BRDA:49,2,1,0
BRDA:73,3,0,0
BRDA:73,3,1,0
BRDA:94,4,0,0
BRDA:94,4,1,0
BRDA:103,5,0,0
BRDA:103,5,1,0
BRDA:125,6,0,0
BRDA:125,6,1,0
BRDA:137,7,0,0
BRDA:137,7,1,0
BRDA:172,8,0,0
BRDA:172,8,1,0
BRDA:174,9,0,0
BRDA:174,9,1,0
BRDA:175,10,0,0
BRDA:175,10,1,0
BRF:22
BRH:0
end_of_record
TN:
SF:src\pages\hr\HRCreateActivity.jsx
FN:6,HRCreateActivity
FN:10,(anonymous_1)
FN:19,(anonymous_2)
FN:48,(anonymous_3)
FN:51,(anonymous_4)
FN:58,(anonymous_5)
FN:59,(anonymous_6)
FN:65,(anonymous_7)
FN:72,(anonymous_8)
FN:73,(anonymous_9)
FN:107,inp
FNF:11
FNH:0
FNDA:0,HRCreateActivity
FNDA:0,(anonymous_1)
FNDA:0,(anonymous_2)
FNDA:0,(anonymous_3)
FNDA:0,(anonymous_4)
FNDA:0,(anonymous_5)
FNDA:0,(anonymous_6)
FNDA:0,(anonymous_7)
FNDA:0,(anonymous_8)
FNDA:0,(anonymous_9)
FNDA:0,inp
DA:7,0
DA:8,0
DA:10,0
DA:11,0
DA:12,0
DA:13,0
DA:14,0
DA:15,0
DA:16,0
DA:17,0
DA:19,0
DA:20,0
DA:21,0
DA:23,0
DA:24,0
DA:26,0
DA:36,0
DA:38,0
DA:42,0
DA:48,0
DA:51,0
DA:58,0
DA:59,0
DA:65,0
DA:72,0
DA:74,0
DA:108,0
LF:27
LH:0
BRDA:16,0,0,0
BRDA:16,0,1,0
BRDA:24,1,0,0
BRDA:24,1,1,0
BRDA:38,2,0,0
BRDA:38,2,1,0
BRDA:81,3,0,0
BRDA:81,3,1,0
BRF:8
BRH:0
end_of_record
TN:
SF:src\pages\hr\HREmployeeDetail.jsx
FN:6,HREmployeeDetail
FN:10,(anonymous_1)
FN:10,(anonymous_2)
FN:16,(anonymous_3)
FN:26,(anonymous_4)
FN:38,(anonymous_5)
FN:63,SkillCard
FN:75,(anonymous_7)
FNF:8
FNH:0
FNDA:0,HREmployeeDetail
FNDA:0,(anonymous_1)
FNDA:0,(anonymous_2)
FNDA:0,(anonymous_3)
FNDA:0,(anonymous_4)
FNDA:0,(anonymous_5)
FNDA:0,SkillCard
FNDA:0,(anonymous_7)
DA:7,0
DA:8,0
DA:10,0
DA:12,0
DA:13,0
DA:16,0
DA:23,0
DA:26,0
DA:38,0
DA:64,0
DA:76,0
LF:11
LH:0
BRDA:12,0,0,0
BRDA:12,0,1,0
BRF:2
BRH:0
end_of_record
TN:
SF:src\pages\hr\HREmployees.jsx
FN:6,HREmployees
FN:10,(anonymous_1)
FN:13,(anonymous_2)
FN:14,(anonymous_3)
FN:29,(anonymous_4)
FN:35,(anonymous_5)
FN:39,(anonymous_6)
FN:46,(anonymous_7)
FNF:8
FNH:0
FNDA:0,HREmployees
FNDA:0,(anonymous_1)
FNDA:0,(anonymous_2)
FNDA:0,(anonymous_3)
FNDA:0,(anonymous_4)
FNDA:0,(anonymous_5)
FNDA:0,(anonymous_6)
FNDA:0,(anonymous_7)
DA:7,0
DA:8,0
DA:10,0
DA:11,0
DA:12,0
DA:13,0
DA:14,0
DA:15,0
DA:20,0
DA:29,0
DA:36,0
DA:39,0
DA:46,0
LF:13
LH:0
BRDA:12,0,0,0
BRDA:12,0,1,0
BRF:2
BRH:0
end_of_record
TN:
SF:src\pages\manager\ManagerInbox.jsx
FN:5,ManagerInbox
FN:11,(anonymous_1)
FN:22,(anonymous_2)
FN:48,card
FN:51,pill
FN:54,btnLink
FNF:6
FNH:0
FNDA:0,ManagerInbox
FNDA:0,(anonymous_1)
FNDA:0,(anonymous_2)
FNDA:0,card
FNDA:0,pill
FNDA:0,btnLink
DA:6,0
DA:7,0
DA:9,0
DA:11,0
DA:13,0
DA:23,0
DA:24,0
DA:49,0
DA:52,0
DA:55,0
LF:10
LH:0
BRDA:11,0,0,0
BRDA:11,0,1,0
BRDA:11,0,2,0
BRDA:19,1,0,0
BRDA:19,1,1,0
BRDA:29,2,0,0
BRDA:29,2,1,0
BRF:7
BRH:0
end_of_record
TN:
SF:src\pages\manager\ManagerReviewActivity.jsx
FN:11,ManagerReviewActivity
FN:16,(anonymous_1)
FN:17,(anonymous_2)
FN:19,(anonymous_3)
FN:19,(anonymous_4)
FN:32,(anonymous_5)
FN:33,(anonymous_6)
FN:33,(anonymous_7)
FN:36,(anonymous_8)
FN:40,(anonymous_9)
FN:46,(anonymous_10)
FN:50,(anonymous_11)
FN:94,(anonymous_12)
FN:95,(anonymous_13)
FN:106,(anonymous_14)
FN:134,(anonymous_15)
FN:152,card
FN:155,pill
FN:158,btnPrimary
FN:161,btnGhost
FN:164,row
FN:167,scoreTag
FNF:22
FNH:0
FNDA:0,ManagerReviewActivity
FNDA:0,(anonymous_1)
FNDA:0,(anonymous_2)
FNDA:0,(anonymous_3)
FNDA:0,(anonymous_4)
FNDA:0,(anonymous_5)
FNDA:0,(anonymous_6)
FNDA:0,(anonymous_7)
FNDA:0,(anonymous_8)
FNDA:0,(anonymous_9)
FNDA:0,(anonymous_10)
FNDA:0,(anonymous_11)
FNDA:0,(anonymous_12)
FNDA:0,(anonymous_13)
FNDA:0,(anonymous_14)
FNDA:0,(anonymous_15)
FNDA:0,card
FNDA:0,pill
FNDA:0,btnPrimary
FNDA:0,btnGhost
FNDA:0,row
FNDA:0,scoreTag
DA:12,0
DA:13,0
DA:14,0
DA:16,0
DA:17,0
DA:19,0
DA:21,0
DA:22,0
DA:30,0
DA:32,0
DA:33,0
DA:36,0
DA:37,0
DA:38,0
DA:39,0
DA:40,0
DA:42,0
DA:46,0
DA:47,0
DA:48,0
DA:49,0
DA:50,0
DA:52,0
DA:56,0
DA:58,0
DA:94,0
DA:96,0
DA:97,0
DA:98,0
DA:106,0
DA:135,0
DA:136,0
DA:153,0
DA:156,0
DA:159,0
DA:162,0
DA:165,0
DA:168,0
LF:38
LH:0
BRDA:19,0,0,0
BRDA:19,0,1,0
BRDA:19,1,0,0
BRDA:19,1,1,0
BRDA:21,2,0,0
BRDA:21,2,1,0
BRDA:33,3,0,0
BRDA:33,3,1,0
BRDA:56,4,0,0
BRDA:56,4,1,0
BRDA:75,5,0,0
BRDA:75,5,1,0
BRDA:89,6,0,0
BRDA:89,6,1,0
BRDA:102,7,0,0
BRDA:102,7,1,0
BRDA:131,8,0,0
BRDA:131,8,1,0
BRDA:134,9,0,0
BRDA:134,9,1,0
BRDA:139,10,0,0
BRDA:139,10,1,0
BRDA:143,11,0,0
BRDA:143,11,1,0
BRF:24
BRH:0
end_of_record
TN:
SF:src\services\workflowService.js
FN:12,getManagers
FN:14,(anonymous_1)
FN:17,getEmployees
FN:19,(anonymous_3)
FN:22,getActivityById
FN:24,(anonymous_5)
FN:27,listActivitiesForRole
FN:31,(anonymous_7)
FN:35,(anonymous_8)
FN:35,(anonymous_9)
FN:38,(anonymous_10)
FN:38,(anonymous_11)
FN:41,(anonymous_12)
FN:46,hrCreateActivity
FN:67,hrRunAI
FN:69,(anonymous_15)
FN:73,(anonymous_16)
FN:74,(anonymous_17)
FN:75,(anonymous_18)
FN:82,(anonymous_19)
FN:91,(anonymous_20)
FN:99,hrUpdateRecommendationList
FN:101,(anonymous_22)
FN:110,hrValidateAndForward
FN:112,(anonymous_24)
FN:113,(anonymous_25)
FN:127,managerConfirmParticipants
FN:129,(anonymous_27)
FN:139,managerNotifyEmployees
FN:141,(anonymous_29)
FN:146,(anonymous_30)
FN:165,employeeListInvitations
FN:167,(anonymous_32)
FN:170,employeeGetInvitation
FN:172,(anonymous_34)
FN:175,employeeRespond
FN:177,(anonymous_36)
FN:186,(anonymous_37)
FN:201,employeeParticipationStatus
FN:203,(anonymous_39)
FN:207,getUserById
FN:209,(anonymous_41)
FN:212,getRecommendation
FN:214,(anonymous_43)
FNF:44
FNH:0
FNDA:0,getManagers
FNDA:0,(anonymous_1)
FNDA:0,getEmployees
FNDA:0,(anonymous_3)
FNDA:0,getActivityById
FNDA:0,(anonymous_5)
FNDA:0,listActivitiesForRole
FNDA:0,(anonymous_7)
FNDA:0,(anonymous_8)
FNDA:0,(anonymous_9)
FNDA:0,(anonymous_10)
FNDA:0,(anonymous_11)
FNDA:0,(anonymous_12)
FNDA:0,hrCreateActivity
FNDA:0,hrRunAI
FNDA:0,(anonymous_15)
FNDA:0,(anonymous_16)
FNDA:0,(anonymous_17)
FNDA:0,(anonymous_18)
FNDA:0,(anonymous_19)
FNDA:0,(anonymous_20)
FNDA:0,hrUpdateRecommendationList
FNDA:0,(anonymous_22)
FNDA:0,hrValidateAndForward
FNDA:0,(anonymous_24)
FNDA:0,(anonymous_25)
FNDA:0,managerConfirmParticipants
FNDA:0,(anonymous_27)
FNDA:0,managerNotifyEmployees
FNDA:0,(anonymous_29)
FNDA:0,(anonymous_30)
FNDA:0,employeeListInvitations
FNDA:0,(anonymous_32)
FNDA:0,employeeGetInvitation
FNDA:0,(anonymous_34)
FNDA:0,employeeRespond
FNDA:0,(anonymous_36)
FNDA:0,(anonymous_37)
FNDA:0,employeeParticipationStatus
FNDA:0,(anonymous_39)
FNDA:0,getUserById
FNDA:0,(anonymous_41)
FNDA:0,getRecommendation
FNDA:0,(anonymous_43)
DA:3,1
DA:13,0
DA:14,0
DA:18,0
DA:19,0
DA:23,0
DA:24,0
DA:28,0
DA:30,0
DA:31,0
DA:34,0
DA:35,0
DA:37,0
DA:38,0
DA:40,0
DA:41,0
DA:47,0
DA:49,0
DA:62,0
DA:63,0
DA:64,0
DA:68,0
DA:69,0
DA:70,0
DA:73,0
DA:74,0
DA:75,0
DA:82,0
DA:83,0
DA:91,0
DA:92,0
DA:94,0
DA:95,0
DA:96,0
DA:100,0
DA:101,0
DA:102,0
DA:104,0
DA:105,0
DA:106,0
DA:107,0
DA:111,0
DA:112,0
DA:113,0
DA:115,0
DA:116,0
DA:118,0
DA:119,0
DA:121,0
DA:122,0
DA:128,0
DA:129,0
DA:130,0
DA:132,0
DA:133,0
DA:135,0
DA:136,0
DA:140,0
DA:141,0
DA:142,0
DA:143,0
DA:146,0
DA:147,0
DA:155,0
DA:158,0
DA:159,0
DA:160,0
DA:166,0
DA:167,0
DA:171,0
DA:172,0
DA:176,0
DA:177,0
DA:178,0
DA:180,0
DA:181,0
DA:182,0
DA:185,0
DA:186,0
DA:188,0
DA:197,0
DA:198,0
DA:202,0
DA:203,0
DA:208,0
DA:209,0
DA:213,0
DA:214,0
LF:88
LH:1
BRDA:30,0,0,0
BRDA:30,0,1,0
BRDA:31,1,0,0
BRDA:31,1,1,0
BRDA:55,2,0,0
BRDA:55,2,1,0
BRDA:70,3,0,0
BRDA:70,3,1,0
BRDA:75,4,0,0
BRDA:75,4,1,0
BRDA:84,5,0,0
BRDA:84,5,1,0
BRDA:102,6,0,0
BRDA:102,6,1,0
BRDA:115,7,0,0
BRDA:115,7,1,0
BRDA:116,8,0,0
BRDA:116,8,1,0
BRDA:116,9,0,0
BRDA:116,9,1,0
BRDA:130,10,0,0
BRDA:130,10,1,0
BRDA:142,11,0,0
BRDA:142,11,1,0
BRDA:143,12,0,0
BRDA:143,12,1,0
BRDA:178,13,0,0
BRDA:178,13,1,0
BRDA:181,14,0,0
BRDA:181,14,1,0
BRDA:181,15,0,0
BRDA:181,15,1,0
BRDA:186,16,0,0
BRDA:186,16,1,0
BRF:34
BRH:0
end_of_record
TN:
SF:src\styles\accessibility.css
FNF:0
FNH:0
LF:0
LH:0
BRF:0
BRH:0
end_of_record
TN:
SF:src\styles\auth.css
FNF:0
FNH:0
LF:0
LH:0
BRF:0
BRH:0
end_of_record
TN:
SF:src\styles\dashboard.css
FNF:0
FNH:0
LF:0
LH:0
BRF:0
BRH:0
end_of_record
TN:
SF:src\styles\hr-employees.css
FNF:0
FNH:0
LF:0
LH:0
BRF:0
BRH:0
end_of_record
TN:
SF:src\styles\layout.css
FNF:0
FNH:0
LF:0
LH:0
BRF:0
BRH:0
end_of_record
TN:
SF:src\styles\sidebar.css
FNF:0
FNH:0
LF:0
LH:0
BRF:0
BRH:0
end_of_record
TN:
SF:src\styles\skills.css
FNF:0
FNH:0
LF:0
LH:0
BRF:0
BRH:0
end_of_record
TN:
SF:src\styles\topbar.css
FNF:0
FNH:0
LF:0
LH:0
BRF:0
BRH:0
end_of_record
